* EvoSuite 1.0.0-SNAPSHOT
* Going to generate test cases for class: jahuwaldt.plot.PlotAxis
* Starting Client-0
* Properties loaded from /home/roham/Results-Utestgen/dataset/SF110-new-res/29_apbsmem/evosuite-files/evosuite.properties
* Connecting to master process on port 11803
* Analyzing classpath: 
* Inheritance tree loaded from evosuite-files/inheritance.xml.gz
[MASTER] 02:49:48.313 [logback-1] WARN  InheritanceTree - Class not in inheritance graph: java.util.function.Consumer
[MASTER] 02:49:48.315 [logback-1] WARN  InheritanceTree - Class not in inheritance graph: java.util.function.Predicate
[MASTER] 02:49:48.316 [logback-1] WARN  InheritanceTree - Class not in inheritance graph: java.util.function.UnaryOperator
[MASTER] 02:49:49.889 [logback-1] WARN  InheritanceTree - Class not in inheritance graph: java.util.function.Function
[MASTER] 02:49:50.164 [logback-1] WARN  InheritanceTree - Class not in inheritance graph: java.util.function.BiFunction
[MASTER] 02:49:50.165 [logback-1] WARN  InheritanceTree - Class not in inheritance graph: java.util.function.BiConsumer
[MASTER] 02:49:50.900 [logback-1] WARN  InheritanceTree - Class not in inheritance graph: java.time.ZoneId
[MASTER] 02:49:51.009 [logback-1] WARN  InheritanceTree - Class not in inheritance graph: java.time.temporal.Temporal
[MASTER] 02:49:51.010 [logback-1] WARN  InheritanceTree - Class not in inheritance graph: java.time.temporal.TemporalAccessor
[MASTER] 02:49:51.010 [logback-1] WARN  InheritanceTree - Class not in inheritance graph: java.time.temporal.TemporalField
[MASTER] 02:49:51.010 [logback-1] WARN  InheritanceTree - Class not in inheritance graph: java.time.temporal.TemporalUnit
[MASTER] 02:49:51.011 [logback-1] WARN  InheritanceTree - Class not in inheritance graph: java.time.temporal.TemporalAmount
[MASTER] 02:49:51.011 [logback-1] WARN  InheritanceTree - Class not in inheritance graph: java.time.Clock
[MASTER] 02:49:51.012 [logback-1] WARN  InheritanceTree - Class not in inheritance graph: java.time.temporal.TemporalQuery
[MASTER] 02:49:51.013 [logback-1] WARN  InheritanceTree - Class not in inheritance graph: java.time.temporal.TemporalAdjuster
[MASTER] 02:49:51.035 [logback-1] WARN  InheritanceTree - Class not in inheritance graph: java.time.chrono.Chronology
[MASTER] 02:49:51.047 [logback-1] WARN  InheritanceTree - Class not in inheritance graph: java.time.chrono.Era
* Finished analyzing classpath
* Generating tests for class jahuwaldt.plot.PlotAxis
* Test criteria:
  - Branch Coverage
  - Line Coverage
  - Method-Output Coverage
  - Top-Level Method Coverage
  - Context Branch Coverage
[Progress:>                             0%] [Cov:>                                  0%]* Total number of test goals for DYNAMOSA: 245
* Using seed 1710211785513
* Starting evolution
* Initial Number of Goals in DynaMOSA = 138 / 245
[MASTER] 02:49:54.071 [logback-1] WARN  TestCluster - Failed to check cache for java.util.Comparator<T> : Type points to itself
[Progress:>                             0%] [Cov:=============================>     83%][Progress:>                             1%] [Cov:=============================>     83%][Progress:>                             2%] [Cov:=============================>     84%][Progress:>                             3%] [Cov:=============================>     84%][Progress:>                             3%] [Cov:==============================>    86%][Progress:>                             3%] [Cov:==============================>    86%][Progress:>                             3%] [Cov:==============================>    86%][Progress:>                             3%] [Cov:==============================>    87%][Progress:>                             3%] [Cov:==============================>    88%][Progress:>                             3%] [Cov:===============================>   89%][Progress:=>                            4%] [Cov:===============================>   89%][Progress:=>                            4%] [Cov:===============================>   89%][Progress:=>                            4%] [Cov:===============================>   89%][Progress:=>                            4%] [Cov:===============================>   89%][Progress:=>                            5%] [Cov:===============================>   90%][Progress:=>                            5%] [Cov:===============================>   90%]* Computation finished
