* EvoSuite 1.2.0
* WARNING - Generating JUnit 5 tests with the option to use a separate classloader will result in not runnable tests. Set either -Dtest_format=JUNIT4 or -Duse_separate_classloader=false
* Going to generate test cases for class: com.imsmart.servlet.HTMLFilter
* Starting Client-0
* Properties loaded from /home/roham/Results-Utestgen/dataset/SF110-ES-res/11_imsmart/evosuite-files/evosuite.properties
* Connecting to master process on port 4624
* Analyzing classpath: 
* Inheritance tree loaded from evosuite-files/inheritance.xml.gz
* Finished analyzing classpath
* Generating tests for class com.imsmart.servlet.HTMLFilter
* Test criteria:
  - Branch Coverage
  - Line Coverage
  - Method-Output Coverage
  - Top-Level Method Coverage
  - Context Branch Coverage
* Total number of test goals for DYNAMOSA: 53
* Using seed 1709751593560
[Progress:>                             0%] [Cov:>                                  0%]* Starting evolution
* Initial Number of Goals in DynaMOSA = 8 / 53
[Progress:>                             0%] [Cov:===================================100%]
* Search finished after 0s and 0 generations, 1107 statements, best individual has fitness: 0.0
* Minimizing test suite
* Going to analyze the coverage criteria
* Coverage analysis for criterion BRANCH
* Coverage of criterion BRANCH: 100%
* Total number of goals: 15
* Number of covered goals: 15
* Coverage analysis for criterion LINE
* Coverage of criterion LINE: 100%
* Total number of goals: 18
* Number of covered goals: 18
* Coverage analysis for criterion OUTPUT
* Coverage of criterion OUTPUT: 100%
* Total number of goals: 3
* Number of covered goals: 3
* Coverage analysis for criterion METHOD
* Coverage of criterion METHOD: 100%
* Total number of goals: 2
* Number of covered goals: 2
* Coverage analysis for criterion CBRANCH
* Coverage of criterion CBRANCH: 100%
* Total number of goals: 15
* Number of covered goals: 15
* Generated 5 tests with total length 5
* Resulting test suite's coverage: 100% (average coverage for all fitness functions)
* Generating assertions
* Resulting test suite's mutation score: 72%
* Compiling and checking tests
* Writing tests to file
* Writing JUnit test case 'HTMLFilter_ESTest' to evosuite-tests
* Done!

* Computation finished
