
2024-02-03 18:40:04:67: 
2024-02-03 18:40:04:68: The login-server starting...
2024-02-03 18:40:04:68: The configuration of the server is set:
2024-02-03 18:40:04:68: - with no remote administration.
2024-02-03 18:40:04:68: - to NOT ALLOW new users (with _F/_M).
2024-02-03 18:40:04:69: - with port: 6900.
2024-02-03 18:40:04:69: - with the accounts file name: 'save/account.txt'.
2024-02-03 18:40:04:69: - to save password in plain text.
2024-02-03 18:40:04:69: - with no minimum level for connection.
2024-02-03 18:40:04:69: - to create new accounts with a limited time: time of creation.
2024-02-03 18:40:04:70: - with the IP security order: 'deny,allow' (allow if not deny). You refuse no IP.
2024-02-03 18:40:07:76: ----End of login-server (normal end with closing of all files).

2024-02-03 18:40:07:57: 
2024-02-03 18:40:07:57: The login-server starting...
2024-02-03 18:40:07:57: The configuration of the server is set:
2024-02-03 18:40:07:57: - with no remote administration.
2024-02-03 18:40:07:58: - to NOT ALLOW new users (with _F/_M).
2024-02-03 18:40:07:58: - with port: 6900.
2024-02-03 18:40:07:58: - with the accounts file name: 'save/account.txt'.
2024-02-03 18:40:07:58: - to save password in plain text.
2024-02-03 18:40:07:58: - with no minimum level for connection.
2024-02-03 18:40:07:58: - to create new accounts with a limited time: time of creation.
2024-02-03 18:40:07:58: - with the IP security order: 'deny,allow' (allow if not deny). You refuse no IP.
2024-02-03 18:40:10:43: ----End of login-server (normal end with closing of all files).

2024-02-03 18:40:10:69: 
2024-02-03 18:40:10:69: The login-server starting...
2024-02-03 18:40:10:69: The configuration of the server is set:
2024-02-03 18:40:10:69: - with no remote administration.
2024-02-03 18:40:10:69: - to NOT ALLOW new users (with _F/_M).
2024-02-03 18:40:10:70: - with port: 6900.
2024-02-03 18:40:10:70: - with the accounts file name: 'save/account.txt'.
2024-02-03 18:40:10:70: - to save password in plain text.
2024-02-03 18:40:10:70: - with no minimum level for connection.
2024-02-03 18:40:10:70: - to create new accounts with a limited time: time of creation.
2024-02-03 18:40:10:70: - with the IP security order: 'deny,allow' (allow if not deny). You refuse no IP.
2024-02-03 18:40:10:74: ----End of login-server (normal end with closing of all files).

2024-02-03 18:40:10:97: 
2024-02-03 18:40:10:98: The login-server starting...
2024-02-03 18:40:10:98: The configuration of the server is set:
2024-02-03 18:40:10:98: - with no remote administration.
2024-02-03 18:40:10:98: - to NOT ALLOW new users (with _F/_M).
2024-02-03 18:40:10:98: - with port: 6900.
2024-02-03 18:40:10:98: - with the accounts file name: 'save/account.txt'.
2024-02-03 18:40:10:98: - to save password in plain text.
2024-02-03 18:40:10:98: - with no minimum level for connection.
2024-02-03 18:40:10:98: - to create new accounts with a limited time: time of creation.
2024-02-03 18:40:10:98: - with the IP security order: 'mutual-failture' (allow if in the allow list and not in the deny list).
2024-02-03 18:40:10:98:   Refused IP are:
2024-02-03 18:40:10:98: - with NO dynamic password error ban.
2024-02-03 18:40:10:03: ----End of login-server (normal end with closing of all files).

2024-02-03 18:40:10:15: 
2024-02-03 18:40:10:15: The login-server starting...
2024-02-03 18:40:10:15: The configuration of the server is set:
2024-02-03 18:40:10:15: - with no remote administration.
2024-02-03 18:40:10:15: - to NOT ALLOW new users (with _F/_M).
2024-02-03 18:40:10:15: - with port: 6900.
2024-02-03 18:40:10:15: - with the accounts file name: 'save/account.txt'.
2024-02-03 18:40:10:15: - to save password in plain text.
2024-02-03 18:40:10:15: - with no minimum level for connection.
2024-02-03 18:40:10:15: - to create new accounts with a limited time: time of creation.
2024-02-03 18:40:10:15: - with the IP security order: 'mutual-failture' (allow if in the allow list and not in the deny list).
2024-02-03 18:40:10:15:   You authorise ALL IP.
2024-02-03 18:40:10:15:   Refused IP are:
2024-02-03 18:40:10:15: - with NO dynamic password error ban.
2024-02-03 18:40:10:19: ----End of login-server (normal end with closing of all files).

2024-02-03 18:40:10:46: 
2024-02-03 18:40:10:46: The login-server starting...
2024-02-03 18:40:10:46: The configuration of the server is set:
2024-02-03 18:40:10:46: - with no remote administration.
2024-02-03 18:40:10:46: - to NOT ALLOW new users (with _F/_M).
2024-02-03 18:40:10:46: - with port: 6900.
2024-02-03 18:40:10:46: - with the accounts file name: 'save/account.txt'.
2024-02-03 18:40:10:46: - to save password in plain text.
2024-02-03 18:40:10:46: - with no minimum level for connection.
2024-02-03 18:40:10:46: - to create new accounts with a limited time: time of creation.
2024-02-03 18:40:10:46: - with the IP security order: 'allow,deny' (deny if not allow). Authorised IP are:
2024-02-03 18:40:10:51: ----End of login-server (normal end with closing of all files).

2024-02-03 18:40:10:61: 
2024-02-03 18:40:10:62: The login-server starting...
2024-02-03 18:40:10:62: The configuration of the server is set:
2024-02-03 18:40:10:62: - with no remote administration.
2024-02-03 18:40:10:62: - to NOT ALLOW new users (with _F/_M).
2024-02-03 18:40:10:62: - with port: 6900.
2024-02-03 18:40:10:62: - with the accounts file name: 'save/account.txt'.
2024-02-03 18:40:10:62: - to save password in plain text.
2024-02-03 18:40:10:62: - with no minimum level for connection.
2024-02-03 18:40:10:62: - to create new accounts with a limited time: time of creation.
2024-02-03 18:40:10:62: - with the IP security order: 'allow,deny' (deny if not allow). But, NO IP IS AUTHORISED!
2024-02-03 18:40:10:65: ----End of login-server (normal end with closing of all files).

2024-02-03 18:40:10:76: 
2024-02-03 18:40:10:76: The login-server starting...
2024-02-03 18:40:10:76: The configuration of the server is set:
2024-02-03 18:40:10:76: - with no remote administration.
2024-02-03 18:40:10:76: - to NOT ALLOW new users (with _F/_M).
2024-02-03 18:40:10:76: - with port: 6900.
2024-02-03 18:40:10:76: - with the accounts file name: 'save/account.txt'.
2024-02-03 18:40:10:76: - to save password in plain text.
2024-02-03 18:40:10:77: - with no minimum level for connection.
2024-02-03 18:40:10:77: - to create new accounts with a limited time: time of creation.
2024-02-03 18:40:10:77: - with the IP security order: 'deny,allow' (allow if not deny). Refused IP are:
2024-02-03 18:40:10:77: conf/subnet_athena.conf
2024-02-03 18:40:10:84: ----End of login-server (normal end with closing of all files).

2024-02-03 18:40:10:03: 
2024-02-03 18:40:10:04: The login-server starting...
2024-02-03 18:40:10:04: The configuration of the server is set:
2024-02-03 18:40:10:04: - with no remote administration.
2024-02-03 18:40:10:04: - to NOT ALLOW new users (with _F/_M).
2024-02-03 18:40:10:04: - with port: 6900.
2024-02-03 18:40:10:04: - with the accounts file name: 'save/account.txt'.
2024-02-03 18:40:10:04: - to save password in plain text.
2024-02-03 18:40:10:04: - with no minimum level for connection.
2024-02-03 18:40:10:04: - to create new accounts with a limited time: time of creation.
2024-02-03 18:40:10:04: - with the IP security order: 'deny,allow' (allow if not deny). You refuse ALL IP.
2024-02-03 18:40:10:08: ----End of login-server (normal end with closing of all files).

2024-02-03 18:40:10:19: 
2024-02-03 18:40:10:19: The login-server starting...
2024-02-03 18:40:10:19: The configuration of the server is set:
2024-02-03 18:40:10:19: - with no remote administration.
2024-02-03 18:40:10:19: - to NOT ALLOW new users (with _F/_M).
2024-02-03 18:40:10:20: - with port: 6900.
2024-02-03 18:40:10:20: - with the accounts file name: 'save/account.txt'.
2024-02-03 18:40:10:20: - to save password in plain text.
2024-02-03 18:40:10:20: - with no minimum level for connection.
2024-02-03 18:40:10:20: - to create new accounts with a limited time: time of creation.
2024-02-03 18:40:10:20: - with the IP security order: 'deny,allow' (allow if not deny). Refused IP are:
2024-02-03 18:40:10:20: null
2024-02-03 18:40:10:20: null
2024-02-03 18:40:10:20: null
2024-02-03 18:40:10:20: null
2024-02-03 18:40:10:24: ----End of login-server (normal end with closing of all files).

2024-02-03 18:40:10:34: 
2024-02-03 18:40:10:34: The login-server starting...
2024-02-03 18:40:10:34: The configuration of the server is set:
2024-02-03 18:40:10:34: - with no remote administration.
2024-02-03 18:40:10:34: - to NOT ALLOW new users (with _F/_M).
2024-02-03 18:40:10:34: - with port: 6900.
2024-02-03 18:40:10:35: - with the accounts file name: 'save/account.txt'.
2024-02-03 18:40:10:35: - to save password in plain text.
2024-02-03 18:40:10:35: - with no minimum level for connection.
2024-02-03 18:40:10:35: - to create new accounts with a limited time: time of creation.
2024-02-03 18:40:10:35: - with the IP security order: 'mutual-failture' (allow if in the allow list and not in the deny list).
2024-02-03 18:40:10:35:   But, NO IP IS AUTHORISED!
2024-02-03 18:40:10:35: - with NO dynamic password error ban.
2024-02-03 18:40:10:38: ----End of login-server (normal end with closing of all files).

2024-02-03 18:40:10:49: 
2024-02-03 18:40:10:50: The login-server starting...
2024-02-03 18:40:10:50: The configuration of the server is set:
2024-02-03 18:40:10:50: - with no remote administration.
2024-02-03 18:40:10:50: - to NOT ALLOW new users (with _F/_M).
2024-02-03 18:40:10:50: - with port: 6900.
2024-02-03 18:40:10:50: - with the accounts file name: 'save/account.txt'.
2024-02-03 18:40:10:50: - to save password in plain text.
2024-02-03 18:40:10:50: - with no minimum level for connection.
2024-02-03 18:40:10:50: - to create new accounts with a limited time: time of creation.
2024-02-03 18:40:10:50: - with the IP security order: 'deny,allow' (allow if not deny). You refuse no IP.
2024-02-03 18:40:13:51: ----End of login-server (normal end with closing of all files).

2024-02-10 07:48:59:27: 
2024-02-10 07:48:59:28: The login-server starting...
2024-02-10 07:48:59:28: The configuration of the server is set:
2024-02-10 07:48:59:28: - with no remote administration.
2024-02-10 07:48:59:28: - to NOT ALLOW new users (with _F/_M).
2024-02-10 07:48:59:28: - with port: 6900.
2024-02-10 07:48:59:28: - with the accounts file name: 'save/account.txt'.
2024-02-10 07:48:59:28: - to save password in plain text.
2024-02-10 07:48:59:29: - with no minimum level for connection.
2024-02-10 07:48:59:29: - to create new accounts with a limited time: time of creation.
2024-02-10 07:48:59:29: - with the IP security order: 'deny,allow' (allow if not deny). You refuse no IP.

2024-02-10 07:49:02:79: 
2024-02-10 07:49:02:79: The login-server starting...
2024-02-10 07:49:02:79: The configuration of the server is set:
2024-02-10 07:49:02:80: - with no remote administration.
2024-02-10 07:49:02:80: - to NOT ALLOW new users (with _F/_M).
2024-02-10 07:49:02:80: - with port: 6900.
2024-02-10 07:49:02:80: - with the accounts file name: 'save/account.txt'.
2024-02-10 07:49:02:81: - to save password in plain text.
2024-02-10 07:49:02:81: - with no minimum level for connection.
2024-02-10 07:49:02:81: - to create new accounts with a limited time: time of creation.
2024-02-10 07:49:02:81: - with the IP security order: 'deny,allow' (allow if not deny). You refuse no IP.

2024-02-10 07:49:05:29: 
2024-02-10 07:49:05:29: The login-server starting...
2024-02-10 07:49:05:30: The configuration of the server is set:
2024-02-10 07:49:05:30: - with no remote administration.
2024-02-10 07:49:05:30: - to NOT ALLOW new users (with _F/_M).
2024-02-10 07:49:05:30: - with port: 6900.
2024-02-10 07:49:05:30: - with the accounts file name: 'save/account.txt'.
2024-02-10 07:49:05:31: - to save password in plain text.
2024-02-10 07:49:05:31: - with no minimum level for connection.
2024-02-10 07:49:05:31: - to create new accounts with a limited time: time of creation.
2024-02-10 07:49:05:31: - with the IP security order: 'allow,deny' (deny if not allow). Authorised IP are:
2024-02-10 07:49:05:31: null
2024-02-10 07:49:05:32: null
2024-02-10 07:49:05:32: null
2024-02-10 07:49:05:32: null
2024-02-10 07:49:05:32: null
2024-02-10 07:49:05:32: null
2024-02-10 07:49:05:33: null
2024-02-10 07:49:05:33: null
2024-02-10 07:49:05:33: null
2024-02-10 07:49:05:33: null
2024-02-10 07:49:05:33: null
2024-02-10 07:49:05:34: null
2024-02-10 07:49:05:34: null
2024-02-10 07:49:05:34: null
2024-02-10 07:49:05:34: null
2024-02-10 07:49:05:34: null
2024-02-10 07:49:05:35: null
2024-02-10 07:49:05:35: null
2024-02-10 07:49:05:35: null
2024-02-10 07:49:05:35: null
2024-02-10 07:49:05:35: null
2024-02-10 07:49:05:36: null
2024-02-10 07:49:05:36: null
2024-02-10 07:49:05:36: null
2024-02-10 07:49:05:36: null
2024-02-10 07:49:05:36: null
2024-02-10 07:49:05:36: null
2024-02-10 07:49:05:37: null
2024-02-10 07:49:05:37: null
2024-02-10 07:49:05:37: null
2024-02-10 07:49:05:37: null
2024-02-10 07:49:05:37: null
2024-02-10 07:49:05:38: null
2024-02-10 07:49:05:38: null
2024-02-10 07:49:05:38: null
2024-02-10 07:49:05:38: null
2024-02-10 07:49:05:38: null
2024-02-10 07:49:05:39: null
2024-02-10 07:49:05:39: null
2024-02-10 07:49:05:39: null
2024-02-10 07:49:05:39: null
2024-02-10 07:49:05:39: null
2024-02-10 07:49:05:39: null
2024-02-10 07:49:05:40: null
2024-02-10 07:49:05:40: null
2024-02-10 07:49:05:40: null
2024-02-10 07:49:05:40: null
2024-02-10 07:49:05:40: null
2024-02-10 07:49:05:41: null
2024-02-10 07:49:05:41: null

2024-02-10 07:49:05:67: 
2024-02-10 07:49:05:67: The login-server starting...
2024-02-10 07:49:05:68: The configuration of the server is set:
2024-02-10 07:49:05:68: - with no remote administration.
2024-02-10 07:49:05:68: - to NOT ALLOW new users (with _F/_M).
2024-02-10 07:49:05:68: - with port: 6900.
2024-02-10 07:49:05:68: - with the accounts file name: 'save/account.txt'.
2024-02-10 07:49:05:69: - to save password in plain text.
2024-02-10 07:49:05:69: - with no minimum level for connection.
2024-02-10 07:49:05:69: - to create new accounts with a limited time: time of creation.
2024-02-10 07:49:05:69: - with the IP security order: 'allow,deny' (deny if not allow). Authorised IP are:

2024-02-10 07:49:05:00: 
2024-02-10 07:49:05:00: The login-server starting...
2024-02-10 07:49:05:00: The configuration of the server is set:
2024-02-10 07:49:05:00: - with no remote administration.
2024-02-10 07:49:05:00: - to NOT ALLOW new users (with _F/_M).
2024-02-10 07:49:05:00: - with port: 6900.
2024-02-10 07:49:05:00: - with the accounts file name: 'save/account.txt'.
2024-02-10 07:49:05:00: - to save password in plain text.
2024-02-10 07:49:05:00: - with no minimum level for connection.
2024-02-10 07:49:05:01: - to create new accounts with a limited time: time of creation.
2024-02-10 07:49:05:01: - with the IP security order: 'deny,allow' (allow if not deny). You refuse no IP.
2024-02-10 07:49:05:03: Sending request of the coding key (ip: 192.168.1.42)

2024-02-10 07:49:08:37: 
2024-02-10 07:49:08:37: The login-server starting...
2024-02-10 07:49:08:38: The configuration of the server is set:
2024-02-10 07:49:08:38: - with no remote administration.
2024-02-10 07:49:08:38: - to NOT ALLOW new users (with _F/_M).
2024-02-10 07:49:08:38: - with port: 6900.
2024-02-10 07:49:08:38: - with the accounts file name: 'save/account.txt'.
2024-02-10 07:49:08:38: - to save password in plain text.
2024-02-10 07:49:08:38: - with no minimum level for connection.
2024-02-10 07:49:08:38: - to create new accounts with a limited time: time of creation.
2024-02-10 07:49:08:39: - with the IP security order: 'deny,allow' (allow if not deny). You refuse no IP.
2024-02-10 07:49:08:45: ----End of login-server (normal end with closing of all files).

2024-02-10 07:49:11:87: 
2024-02-10 07:49:11:87: The login-server starting...
2024-02-10 07:49:11:87: The configuration of the server is set:
2024-02-10 07:49:11:87: - with no remote administration.
2024-02-10 07:49:11:87: - to NOT ALLOW new users (with _F/_M).
2024-02-10 07:49:11:87: - with port: 6900.
2024-02-10 07:49:11:87: - with the accounts file name: 'save/account.txt'.
2024-02-10 07:49:11:87: - to save password in plain text.
2024-02-10 07:49:11:87: - with no minimum level for connection.
2024-02-10 07:49:11:87: - to create new accounts with a limited time: time of creation.
2024-02-10 07:49:11:87: - with the IP security order: 'deny,allow' (allow if not deny). You refuse no IP.

2024-02-10 07:49:15:14: 
2024-02-10 07:49:15:14: The login-server starting...
2024-02-10 07:49:15:14: The configuration of the server is set:
2024-02-10 07:49:15:14: - with no remote administration.
2024-02-10 07:49:15:14: - to NOT ALLOW new users (with _F/_M).
2024-02-10 07:49:15:14: - with port: 6900.
2024-02-10 07:49:15:14: - with the accounts file name: 'save/account.txt'.
2024-02-10 07:49:15:14: - to save password in plain text.
2024-02-10 07:49:15:15: - with no minimum level for connection.
2024-02-10 07:49:15:15: - to create new accounts with a limited time: time of creation.
2024-02-10 07:49:15:15: - with the IP security order: 'mutual-failture' (allow if in the allow list and not in the deny list).
2024-02-10 07:49:15:15:   Refused IP are:
2024-02-10 07:49:15:15: - with NO dynamic password error ban.

2024-02-10 07:49:15:38: 
2024-02-10 07:49:15:38: The login-server starting...
2024-02-10 07:49:15:38: The configuration of the server is set:
2024-02-10 07:49:15:38: - with no remote administration.
2024-02-10 07:49:15:38: - to NOT ALLOW new users (with _F/_M).
2024-02-10 07:49:15:39: - with port: 6900.
2024-02-10 07:49:15:39: - with the accounts file name: 'save/account.txt'.
2024-02-10 07:49:15:39: - to save password in plain text.
2024-02-10 07:49:15:39: - with no minimum level for connection.
2024-02-10 07:49:15:39: - to create new accounts with a limited time: time of creation.
2024-02-10 07:49:15:39: - with the IP security order: 'mutual-failture' (allow if in the allow list and not in the deny list).
2024-02-10 07:49:15:39:   But, NO IP IS AUTHORISED!
2024-02-10 07:49:15:39: - with NO dynamic password error ban.

2024-02-10 07:49:15:60: 
2024-02-10 07:49:15:60: The login-server starting...
2024-02-10 07:49:15:60: The configuration of the server is set:
2024-02-10 07:49:15:60: - with no remote administration.
2024-02-10 07:49:15:60: - to NOT ALLOW new users (with _F/_M).
2024-02-10 07:49:15:60: - with port: 6900.
2024-02-10 07:49:15:60: - with the accounts file name: 'save/account.txt'.
2024-02-10 07:49:15:60: - to save password in plain text.
2024-02-10 07:49:15:60: - with no minimum level for connection.
2024-02-10 07:49:15:60: - to create new accounts with a limited time: time of creation.
2024-02-10 07:49:15:60: - with the IP security order: 'allow,deny' (deny if not allow). You authorise ALL IP.

2024-02-10 07:49:15:79: 
2024-02-10 07:49:15:80: The login-server starting...
2024-02-10 07:49:15:80: The configuration of the server is set:
2024-02-10 07:49:15:80: - with no remote administration.
2024-02-10 07:49:15:80: - to NOT ALLOW new users (with _F/_M).
2024-02-10 07:49:15:80: - with port: 6900.
2024-02-10 07:49:15:80: - with the accounts file name: 'save/account.txt'.
2024-02-10 07:49:15:80: - to save password in plain text.
2024-02-10 07:49:15:80: - with no minimum level for connection.
2024-02-10 07:49:15:80: - to create new accounts with a limited time: time of creation.
2024-02-10 07:49:15:80: - with the IP security order: 'allow,deny' (deny if not allow). But, NO IP IS AUTHORISED!

2024-02-10 07:49:15:09: 
2024-02-10 07:49:15:09: The login-server starting...
2024-02-10 07:49:15:09: The configuration of the server is set:
2024-02-10 07:49:15:09: - with no remote administration.
2024-02-10 07:49:15:10: - to NOT ALLOW new users (with _F/_M).
2024-02-10 07:49:15:10: - with port: 6900.
2024-02-10 07:49:15:10: - with the accounts file name: 'save/account.txt'.
2024-02-10 07:49:15:10: - to save password in plain text.
2024-02-10 07:49:15:10: - with no minimum level for connection.
2024-02-10 07:49:15:10: - to create new accounts with a limited time: time of creation.
2024-02-10 07:49:15:10: - with the IP security order: 'deny,allow' (allow if not deny). Refused IP are:
2024-02-10 07:49:15:10: null
2024-02-10 07:49:15:10: null
2024-02-10 07:49:15:10: null
2024-02-10 07:49:15:10: null
2024-02-10 07:49:15:10: null
2024-02-10 07:49:15:11: null
2024-02-10 07:49:15:11: null
2024-02-10 07:49:15:11: null
2024-02-10 07:49:15:11: null
2024-02-10 07:49:15:11: null
2024-02-10 07:49:15:11: null
2024-02-10 07:49:15:11: null
2024-02-10 07:49:15:11: null
2024-02-10 07:49:15:11: null
2024-02-10 07:49:15:11: null
2024-02-10 07:49:15:11: null
2024-02-10 07:49:15:11: null
2024-02-10 07:49:15:11: null
2024-02-10 07:49:15:11: null
2024-02-10 07:49:15:11: null
2024-02-10 07:49:15:12: null
2024-02-10 07:49:15:12: null
2024-02-10 07:49:15:12: null
2024-02-10 07:49:15:12: null
2024-02-10 07:49:15:12: null
2024-02-10 07:49:15:12: null
2024-02-10 07:49:15:12: null
2024-02-10 07:49:15:12: null
2024-02-10 07:49:15:12: null
2024-02-10 07:49:15:12: null
2024-02-10 07:49:15:12: null
2024-02-10 07:49:15:12: null
2024-02-10 07:49:15:12: null
2024-02-10 07:49:15:12: null
2024-02-10 07:49:15:13: null
2024-02-10 07:49:15:13: null
2024-02-10 07:49:15:13: null
2024-02-10 07:49:15:13: null
2024-02-10 07:49:15:13: null
2024-02-10 07:49:15:13: null
2024-02-10 07:49:15:13: null
2024-02-10 07:49:15:13: null
2024-02-10 07:49:15:13: null
2024-02-10 07:49:15:13: null
2024-02-10 07:49:15:13: null
2024-02-10 07:49:15:13: null
2024-02-10 07:49:15:13: null
2024-02-10 07:49:15:13: null
2024-02-10 07:49:15:14: null
2024-02-10 07:49:15:14: null
2024-02-10 07:49:15:14: null
2024-02-10 07:49:15:14: null
2024-02-10 07:49:15:14: null
2024-02-10 07:49:15:14: null
2024-02-10 07:49:15:14: null
2024-02-10 07:49:15:14: null
2024-02-10 07:49:15:14: null
2024-02-10 07:49:15:14: null
2024-02-10 07:49:15:14: null
2024-02-10 07:49:15:15: null
2024-02-10 07:49:15:15: null
2024-02-10 07:49:15:15: null
2024-02-10 07:49:15:15: null
2024-02-10 07:49:15:15: null
2024-02-10 07:49:15:15: null
2024-02-10 07:49:15:15: null
2024-02-10 07:49:15:15: null
2024-02-10 07:49:15:15: null
2024-02-10 07:49:15:15: null
2024-02-10 07:49:15:15: null
2024-02-10 07:49:15:15: null
2024-02-10 07:49:15:15: null
2024-02-10 07:49:15:15: null
2024-02-10 07:49:15:16: null
2024-02-10 07:49:15:16: null
2024-02-10 07:49:15:16: null
2024-02-10 07:49:15:16: null
2024-02-10 07:49:15:16: null
2024-02-10 07:49:15:16: null
2024-02-10 07:49:15:16: null
2024-02-10 07:49:15:16: null
2024-02-10 07:49:15:16: null
2024-02-10 07:49:15:16: null
2024-02-10 07:49:15:16: null
2024-02-10 07:49:15:16: null
2024-02-10 07:49:15:16: null
2024-02-10 07:49:15:16: null
2024-02-10 07:49:15:17: null

2024-02-10 07:49:15:32: 
2024-02-10 07:49:15:32: The login-server starting...
2024-02-10 07:49:15:32: The configuration of the server is set:
2024-02-10 07:49:15:32: - with no remote administration.
2024-02-10 07:49:15:32: - to NOT ALLOW new users (with _F/_M).
2024-02-10 07:49:15:32: - with port: 6900.
2024-02-10 07:49:15:32: - with the accounts file name: 'save/account.txt'.
2024-02-10 07:49:15:32: - to save password in plain text.
2024-02-10 07:49:15:32: - with no minimum level for connection.
2024-02-10 07:49:15:32: - to create new accounts with a limited time: time of creation.
2024-02-10 07:49:15:32: - with the IP security order: 'deny,allow' (allow if not deny). Refused IP are:
2024-02-10 07:49:15:32: help

2024-02-10 07:49:15:45: 
2024-02-10 07:49:15:45: The login-server starting...
2024-02-10 07:49:15:45: The configuration of the server is set:
2024-02-10 07:49:15:45: - with no remote administration.
2024-02-10 07:49:15:45: - to NOT ALLOW new users (with _F/_M).
2024-02-10 07:49:15:45: - with port: 6900.
2024-02-10 07:49:15:46: - with the accounts file name: 'save/account.txt'.
2024-02-10 07:49:15:46: - to save password in plain text.
2024-02-10 07:49:15:46: - with no minimum level for connection.
2024-02-10 07:49:15:46: - to create new accounts with a limited time: time of creation.
2024-02-10 07:49:15:46: - with the IP security order: 'deny,allow' (allow if not deny). You refuse ALL IP.

2024-02-10 07:49:15:58: 
2024-02-10 07:49:15:58: The login-server starting...
2024-02-10 07:49:15:58: The configuration of the server is set:
2024-02-10 07:49:15:58: - with no remote administration.
2024-02-10 07:49:15:58: - to NOT ALLOW new users (with _F/_M).
2024-02-10 07:49:15:58: - with port: 6900.
2024-02-10 07:49:15:58: - with the accounts file name: 'save/account.txt'.
2024-02-10 07:49:15:58: - to save password in plain text.
2024-02-10 07:49:15:59: - with no minimum level for connection.
2024-02-10 07:49:15:59: - to create new accounts with a limited time: time of creation.
2024-02-10 07:49:15:59: - with the IP security order: 'deny,allow' (allow if not deny). You refuse no IP.

2024-02-10 07:49:15:71: 
2024-02-10 07:49:15:71: The login-server starting...
2024-02-10 07:49:15:71: The configuration of the server is set:
2024-02-10 07:49:15:71: - with no remote administration.
2024-02-10 07:49:15:71: - to NOT ALLOW new users (with _F/_M).
2024-02-10 07:49:15:71: - with port: 6900.
2024-02-10 07:49:15:71: - with the accounts file name: 'save/account.txt'.
2024-02-10 07:49:15:72: - to save password in plain text.
2024-02-10 07:49:15:72: - with no minimum level for connection.
2024-02-10 07:49:15:72: - to create new accounts with a limited time: time of creation.
2024-02-10 07:49:15:72: - with the IP security order: 'mutual-failture' (allow if in the allow list and not in the deny list).
2024-02-10 07:49:15:72:   You authorise ALL IP.
2024-02-10 07:49:15:72:   Refused IP are:
2024-02-10 07:49:15:72: null
2024-02-10 07:49:15:72: null
2024-02-10 07:49:15:72: null
2024-02-10 07:49:15:72: null
2024-02-10 07:49:15:72: null
2024-02-10 07:49:15:72: null
2024-02-10 07:49:15:72: null
2024-02-10 07:49:15:72: null
2024-02-10 07:49:15:72: null
2024-02-10 07:49:15:72: null
2024-02-10 07:49:15:72: null
2024-02-10 07:49:15:72: null
2024-02-10 07:49:15:72: null
2024-02-10 07:49:15:72: null
2024-02-10 07:49:15:72: null
2024-02-10 07:49:15:72: null
2024-02-10 07:49:15:72: null
2024-02-10 07:49:15:72: null
2024-02-10 07:49:15:72: null
2024-02-10 07:49:15:73: null
2024-02-10 07:49:15:73: null
2024-02-10 07:49:15:73: null
2024-02-10 07:49:15:73: null
2024-02-10 07:49:15:73: null
2024-02-10 07:49:15:73: null
2024-02-10 07:49:15:73: null
2024-02-10 07:49:15:73: null
2024-02-10 07:49:15:73: null
2024-02-10 07:49:15:73: null
2024-02-10 07:49:15:73: null
2024-02-10 07:49:15:73: null
2024-02-10 07:49:15:73: null
2024-02-10 07:49:15:73: null
2024-02-10 07:49:15:73: null
2024-02-10 07:49:15:73: null
2024-02-10 07:49:15:73: null
2024-02-10 07:49:15:73: null
2024-02-10 07:49:15:73: null
2024-02-10 07:49:15:73: null
2024-02-10 07:49:15:73: null
2024-02-10 07:49:15:73: null
2024-02-10 07:49:15:73: null
2024-02-10 07:49:15:73: null
2024-02-10 07:49:15:73: null
2024-02-10 07:49:15:73: null
2024-02-10 07:49:15:73: null
2024-02-10 07:49:15:74: null
2024-02-10 07:49:15:74: null
2024-02-10 07:49:15:74: null
2024-02-10 07:49:15:74: null
2024-02-10 07:49:15:74: - with NO dynamic password error ban.

2024-02-10 07:49:15:90: 
2024-02-10 07:49:15:90: The login-server starting...
2024-02-10 07:49:15:91: The configuration of the server is set:
2024-02-10 07:49:15:91: - with no remote administration.
2024-02-10 07:49:15:91: - to NOT ALLOW new users (with _F/_M).
2024-02-10 07:49:15:91: - with port: 6900.
2024-02-10 07:49:15:91: - with the accounts file name: 'save/account.txt'.
2024-02-10 07:49:15:91: - to save password in plain text.
2024-02-10 07:49:15:91: - with no minimum level for connection.
2024-02-10 07:49:15:91: - to create new accounts with a limited time: time of creation.
2024-02-10 07:49:15:91: - with the IP security order: 'mutual-failture' (allow if in the allow list and not in the deny list).
2024-02-10 07:49:15:91:   Refused IP are:
2024-02-10 07:49:15:91: - with NO dynamic password error ban.

2024-02-10 07:49:15:33: 
2024-02-10 07:49:15:33: The login-server starting...
2024-02-10 07:49:15:33: The configuration of the server is set:
2024-02-10 07:49:15:33: - with no remote administration.
2024-02-10 07:49:15:33: - to NOT ALLOW new users (with _F/_M).
2024-02-10 07:49:15:33: - with port: 6900.
2024-02-10 07:49:15:33: - with the accounts file name: 'save/account.txt'.
2024-02-10 07:49:15:33: - to save password in plain text.
2024-02-10 07:49:15:33: - with no minimum level for connection.
2024-02-10 07:49:15:33: - to create new accounts with a limited time: time of creation.
2024-02-10 07:49:15:33: - with the IP security order: 'deny,allow' (allow if not deny). You refuse no IP.
2024-02-10 07:49:15:35: 'ladmin': Sending request of the coding key (ip: 192.168.1.42)

2024-02-10 07:49:18:58: 
2024-02-10 07:49:18:58: The login-server starting...
2024-02-10 07:49:18:58: The configuration of the server is set:
2024-02-10 07:49:18:58: - with no remote administration.
2024-02-10 07:49:18:58: - to NOT ALLOW new users (with _F/_M).
2024-02-10 07:49:18:58: - with port: 6900.
2024-02-10 07:49:18:58: - with the accounts file name: 'save/account.txt'.
2024-02-10 07:49:18:59: - to save password in plain text.
2024-02-10 07:49:18:59: - with no minimum level for connection.
2024-02-10 07:49:18:59: - to create new accounts with a limited time: time of creation.
2024-02-10 07:49:18:59: - with the IP security order: 'deny,allow' (allow if not deny). You refuse no IP.
