* EvoSuite 1.2.0
* WARNING - Generating JUnit 5 tests with the option to use a separate classloader will result in not runnable tests. Set either -Dtest_format=JUNIT4 or -Duse_separate_classloader=false
* Going to generate test cases for class: com.ib.client.ExecutionFilter
* Starting Client-0
* Properties loaded from /home/roham/Results-Utestgen/dataset/SF110-ES-res/1_tullibee/evosuite-files/evosuite.properties
* Connecting to master process on port 2780
* Analyzing classpath: 
* Inheritance tree loaded from evosuite-files/inheritance.xml.gz
* Finished analyzing classpath
* Generating tests for class com.ib.client.ExecutionFilter
* Test criteria:
  - Branch Coverage
  - Line Coverage
  - Method-Output Coverage
  - Top-Level Method Coverage
  - Context Branch Coverage
* Total number of test goals for DYNAMOSA: 65
* Using seed 1709750342526
* Starting evolution
[Progress:>                             0%] [Cov:>                                  0%]* Initial Number of Goals in DynaMOSA = 21 / 65
[Progress:>                             0%] [Cov:=======================>           67%][Progress:>                             0%] [Cov:============================>      82%][Progress:>                             0%] [Cov:==============================>    86%][Progress:>                             0%] [Cov:================================>  92%][Progress:>                             0%] [Cov:================================>  92%][Progress:>                             0%] [Cov:================================>  94%][Progress:>                             0%] [Cov:=================================> 96%][Progress:>                             1%] [Cov:==================================>98%][Progress:>                             1%] [Cov:==================================>98%][Progress:>                             1%] [Cov:==================================>98%][Progress:>                             1%] [Cov:==================================>98%][Progress:>                             1%] [Cov:===================================100%]
* Search finished after 2s and 11 generations, 8905 statements, best individual has fitness: 0.0
* Minimizing test suite
* Going to analyze the coverage criteria
* Coverage analysis for criterion BRANCH
* Coverage of criterion BRANCH: 100%
* Total number of goals: 20
* Number of covered goals: 20
* Coverage analysis for criterion LINE
* Coverage of criterion LINE: 100%
* Total number of goals: 20
* Number of covered goals: 20
* Coverage analysis for criterion OUTPUT
* Coverage of criterion OUTPUT: 100%
* Total number of goals: 2
* Number of covered goals: 2
* Coverage analysis for criterion METHOD
* Coverage of criterion METHOD: 100%
* Total number of goals: 3
* Number of covered goals: 3
* Coverage analysis for criterion CBRANCH
* Coverage of criterion CBRANCH: 100%
* Total number of goals: 20
* Number of covered goals: 20
* Generated 10 tests with total length 53
* Resulting test suite's coverage: 100% (average coverage for all fitness functions)
* Generating assertions
* Resulting test suite's mutation score: 58%
* Compiling and checking tests
* Writing tests to file
* Writing JUnit test case 'ExecutionFilter_ESTest' to evosuite-tests
* Done!

* Computation finished
