* EvoSuite 1.2.1-SNAPSHOT
* Going to generate test cases for class: com.ib.client.ComboLeg
* Starting Client-0
* Properties loaded from /home/ubuntu/UTestGen/Evaluation/getting_results/dataset/SF110/1_tullibee/evosuite-files/evosuite.properties
* Connecting to master process on port 9594
* Analyzing classpath: 
* Inheritance tree loaded from evosuite-files/inheritance.xml.gz
* Finished analyzing classpath
* Generating tests for class com.ib.client.ComboLeg
* Test criteria:
  - Branch Coverage
  - Line Coverage
  - Method-Output Coverage
  - Top-Level Method Coverage
  - Context Branch Coverage
* Total number of test goals for DYNAMOSA: 71
* Using seed 1709240109618
[Progress:>                             0%] [Cov:>                                  0%]* Starting evolution
* Initial Number of Goals in DynaMOSA = 21 / 71
[Progress:>                             0%] [Cov:=======================>           67%][Progress:>                             1%] [Cov:===============================>   91%][Progress:>                             1%] [Cov:===============================>   91%][Progress:>                             1%] [Cov:=================================> 96%][Progress:>                             2%] [Cov:===================================100%]
* Search finished after 2s and 4 generations, 3305 statements, best individual has fitness: 0.0
* Generated before the refinement 10 tests with total length 32
statement is: com.ib.client.ComboLeg()V type is: class org.evosuite.testcase.statements.ConstructorStatement return type class com.ib.client.ComboLeg
statement code is: ComboLeg comboLeg = new ComboLeg()
statement is: com.ib.client.ComboLeg()V type is: class org.evosuite.testcase.statements.ConstructorStatement return type class com.ib.client.ComboLeg
statement code is: ComboLeg comboLeg = new ComboLeg()
statement is: equals(Ljava/lang/Object;)Z type is: class org.evosuite.testcase.statements.MethodStatement return type boolean
statement code is: boolean equals = comboLeg.equals(arg0)
test data is: ComboLeg comboLeg = new ComboLeg();
ComboLeg comboLeg = new ComboLeg();
comboLeg.equals(comboLeg);

** It was a parseable test case! 
Improved test data is: class DummyClass {
    public static void main() {
        ComboLeg comboLeg1 = new ComboLeg("BUY", "2023-02-28", 100, 50.0);
        ComboLeg comboLeg2 = new ComboLeg("SELL", "2023-02-28", 100, 50.0);
        assertTrue(comboLeg1.equals(comboLeg2));
    }
}
statement is: ComboLeg comboLeg1 = new ComboLeg("BUY", "2023-02-28", 100, 50.0), class spoon.support.reflect.code.CtLocalVariableImpl
class spoon.support.reflect.code.CtConstructorCallImpl
statement is: ComboLeg comboLeg2 = new ComboLeg("SELL", "2023-02-28", 100, 50.0), class spoon.support.reflect.code.CtLocalVariableImpl
class spoon.support.reflect.code.CtConstructorCallImpl
statement is: assertTrue(comboLeg1.equals(comboLeg2)), class spoon.support.reflect.code.CtInvocationImpl
invocation is: assertTrue(comboLeg1.equals(comboLeg2)) target is:  method is: assertTrue(<unknown>)
statement is: com.ib.client.ComboLeg()V type is: class org.evosuite.testcase.statements.ConstructorStatement return type class com.ib.client.ComboLeg
statement code is: ComboLeg comboLeg = new ComboLeg()
statement is: equals(Ljava/lang/Object;)Z type is: class org.evosuite.testcase.statements.MethodStatement return type boolean
statement code is: boolean equals = arg0.equals(arg0)
test data is: ComboLeg comboLeg = new ComboLeg();
comboLeg.equals(comboLeg);

** It was a parseable test case! 
Improved test data is: class DummyClass {
    public static void main() {
        ComboLeg comboLeg = new ComboLeg();
        comboLeg.setPrice(10.5);
        comboLeg.setRatio(2.3);
        comboLeg.setAction("BUY");
        comboLeg.setExchange("NASDAQ");
        comboLeg.setType("STOCK");
        comboLeg.setStrikePrice(100);
        comboLeg.setExpirationDate("2023-02-28");
        comboLeg.equals(comboLeg);
    }
}
statement is: ComboLeg comboLeg = new ComboLeg(), class spoon.support.reflect.code.CtLocalVariableImpl
class spoon.support.reflect.code.CtConstructorCallImpl
statement is: comboLeg.setPrice(10.5), class spoon.support.reflect.code.CtInvocationImpl
invocation is: comboLeg.setPrice(10.5) target is: comboLeg method is: setPrice(double)
statement is: comboLeg.setRatio(2.3), class spoon.support.reflect.code.CtInvocationImpl
invocation is: comboLeg.setRatio(2.3) target is: comboLeg method is: setRatio(double)
statement is: comboLeg.setAction("BUY"), class spoon.support.reflect.code.CtInvocationImpl
invocation is: comboLeg.setAction("BUY") target is: comboLeg method is: setAction(java.lang.String)
statement is: comboLeg.setExchange("NASDAQ"), class spoon.support.reflect.code.CtInvocationImpl
invocation is: comboLeg.setExchange("NASDAQ") target is: comboLeg method is: setExchange(java.lang.String)
statement is: comboLeg.setType("STOCK"), class spoon.support.reflect.code.CtInvocationImpl
invocation is: comboLeg.setType("STOCK") target is: comboLeg method is: setType(java.lang.String)
statement is: comboLeg.setStrikePrice(100), class spoon.support.reflect.code.CtInvocationImpl
invocation is: comboLeg.setStrikePrice(100) target is: comboLeg method is: setStrikePrice(int)
statement is: comboLeg.setExpirationDate("2023-02-28"), class spoon.support.reflect.code.CtInvocationImpl
invocation is: comboLeg.setExpirationDate("2023-02-28") target is: comboLeg method is: setExpirationDate(java.lang.String)
statement is: comboLeg.equals(comboLeg), class spoon.support.reflect.code.CtInvocationImpl
invocation is: comboLeg.equals(comboLeg) target is: comboLeg method is: equals(ComboLeg)
source statement: com.ib.client.ComboLeg()V callee: VariableReference: Statement 0, type com.ib.client.ComboLegindex is: 0
Matched Method is: equals(Ljava/lang/Object;)Z
TestCase is: ComboLeg comboLeg = new ComboLeg();
comboLeg.equals(comboLeg);

statement is: com.ib.client.ComboLeg(IILjava/lang/String;Ljava/lang/String;I)V type is: class org.evosuite.testcase.statements.ConstructorStatement return type class com.ib.client.ComboLeg
statement code is: ComboLeg comboLeg = new ComboLeg((-687), 2, "", "-A1Jq1!U", 2)
statement is: equals(Ljava/lang/Object;)Z type is: class org.evosuite.testcase.statements.MethodStatement return type boolean
statement code is: boolean equals = comboLeg.equals((Object) null)
test data is: ComboLeg comboLeg = new ComboLeg((-687), 2, "", "-A1Jq1!U", 2);
comboLeg.equals((Object) null);

** It was a parseable test case! 
Improved test data is: class DummyClass {
    public static void main() {
        ComboLeg comboLeg = new ComboLeg(7, 2, "call", "-A1Jq1!U", 2);
        comboLeg.equals(null);
    }
}
statement is: ComboLeg comboLeg = new ComboLeg(7, 2, "call", "-A1Jq1!U", 2), class spoon.support.reflect.code.CtLocalVariableImpl
class spoon.support.reflect.code.CtConstructorCallImpl
statement is: comboLeg.equals(null), class spoon.support.reflect.code.CtInvocationImpl
invocation is: comboLeg.equals(null) target is: comboLeg method is: equals(<unknown>)
source statement: com.ib.client.ComboLeg(IILjava/lang/String;Ljava/lang/String;I)V callee: VariableReference: Statement 0, type com.ib.client.ComboLegindex is: 5
Matched Method is: equals(Ljava/lang/Object;)Z
i 0 Parameters size() 0 Num of Method Parameters: 1
TestCase is: int _int = 7;
int _int = 2;
String string = "call";
String string = "-A1Jq1!U";
int _int = 2;
ComboLeg comboLeg = new ComboLeg(_int, _int, string, string, _int);
Object object = null;
((ComboLeg) _int).equals(object);

statement is: com.ib.client.ComboLeg()V type is: class org.evosuite.testcase.statements.ConstructorStatement return type class com.ib.client.ComboLeg
statement code is: ComboLeg comboLeg = new ComboLeg()
statement is: com.ib.client.ComboLeg(IILjava/lang/String;Ljava/lang/String;I)V type is: class org.evosuite.testcase.statements.ConstructorStatement return type class com.ib.client.ComboLeg
statement code is: ComboLeg comboLeg = new ComboLeg((-652), 1, (String) null, (String) null, 1)
statement is: equals(Ljava/lang/Object;)Z type is: class org.evosuite.testcase.statements.MethodStatement return type boolean
statement code is: boolean equals = comboLeg.equals(arg0)
test data is: ComboLeg comboLeg = new ComboLeg();
ComboLeg comboLeg = new ComboLeg((-652), 1, (String) null, (String) null, 1);
comboLeg.equals(comboLeg);

** It was a parseable test case! 
Improved test data is: class DummyClass {
    public static void main() {
        ComboLeg comboLeg = new ComboLeg();
        ComboLeg comboLeg = new ComboLeg("IBM", 1, "BUY", "NASDAQ", 0.5);
        comboLeg.equals(comboLeg);
    }
}
statement is: ComboLeg comboLeg = new ComboLeg(), class spoon.support.reflect.code.CtLocalVariableImpl
class spoon.support.reflect.code.CtConstructorCallImpl
statement is: ComboLeg comboLeg = new ComboLeg("IBM", 1, "BUY", "NASDAQ", 0.5), class spoon.support.reflect.code.CtLocalVariableImpl
class spoon.support.reflect.code.CtConstructorCallImpl
statement is: comboLeg.equals(comboLeg), class spoon.support.reflect.code.CtInvocationImpl
invocation is: comboLeg.equals(comboLeg) target is: comboLeg method is: equals(ComboLeg)
source statement: com.ib.client.ComboLeg()V callee: VariableReference: Statement 0, type com.ib.client.ComboLegindex is: 0
Matched Method is: equals(Ljava/lang/Object;)Z
TestCase is: ComboLeg comboLeg = new ComboLeg();
String string = "IBM";
int _int = 1;
String string = "BUY";
String string = "NASDAQ";
double _double = 0.5;
ComboLeg comboLeg = new ComboLeg((int) string, _int, string, string, (int) _double);
comboLeg.equals(comboLeg);

statement is: com.ib.client.ComboLeg()V type is: class org.evosuite.testcase.statements.ConstructorStatement return type class com.ib.client.ComboLeg
statement code is: ComboLeg comboLeg = new ComboLeg()
statement is: org.evosuite.testcase.statements.AssignmentStatement@83ce6afa type is: class org.evosuite.testcase.statements.AssignmentStatement return type int
statement code is: comboLeg.m_ratio = (-1401)
statement is: com.ib.client.ComboLeg()V type is: class org.evosuite.testcase.statements.ConstructorStatement return type class com.ib.client.ComboLeg
statement code is: ComboLeg comboLeg = new ComboLeg()
statement is: equals(Ljava/lang/Object;)Z type is: class org.evosuite.testcase.statements.MethodStatement return type boolean
statement code is: boolean equals = comboLeg.equals(arg0)
test data is: ComboLeg comboLeg = new ComboLeg();
comboLeg.m_ratio = (-1401);
ComboLeg comboLeg = new ComboLeg();
comboLeg.equals(comboLeg);

** It was a parseable test case! 
Improved test data is: class DummyClass {
    public static void main() {
        ComboLeg comboLeg1 = new ComboLeg();
        comboLeg1.m_ratio = -1000;// negative value close to 0 but not exactly 0

        ComboLeg comboLeg2 = new ComboLeg();
        comboLeg2.equals(comboLeg1);// returns false as the contract IDs are different

        ComboLeg comboLeg3 = new ComboLeg();
        comboLeg3.m_ratio = -1000;
        ComboLeg comboLeg4 = new ComboLeg();
        comboLeg4.equals(comboLeg3);// returns true as the ratio values are equal }}

    }
}
statement is: ComboLeg comboLeg1 = new ComboLeg(), class spoon.support.reflect.code.CtLocalVariableImpl
class spoon.support.reflect.code.CtConstructorCallImpl
statement is: comboLeg1.m_ratio = -1000// negative value close to 0 but not exactly 0
, class spoon.support.reflect.code.CtAssignmentImpl
statement is: ComboLeg comboLeg2 = new ComboLeg(), class spoon.support.reflect.code.CtLocalVariableImpl
class spoon.support.reflect.code.CtConstructorCallImpl
statement is: comboLeg2.equals(comboLeg1)// returns false as the contract IDs are different
, class spoon.support.reflect.code.CtInvocationImpl
invocation is: comboLeg2.equals(comboLeg1)// returns false as the contract IDs are different
 target is: comboLeg2 method is: equals(ComboLeg)
source statement: com.ib.client.ComboLeg()V callee: VariableReference: Statement 0, type com.ib.client.ComboLegindex is: 1
Matched Method is: equals(Ljava/lang/Object;)Z
statement is: ComboLeg comboLeg3 = new ComboLeg(), class spoon.support.reflect.code.CtLocalVariableImpl
class spoon.support.reflect.code.CtConstructorCallImpl
statement is: comboLeg3.m_ratio = -1000, class spoon.support.reflect.code.CtAssignmentImpl
statement is: ComboLeg comboLeg4 = new ComboLeg(), class spoon.support.reflect.code.CtLocalVariableImpl
class spoon.support.reflect.code.CtConstructorCallImpl
statement is: comboLeg4.equals(comboLeg3)// returns true as the ratio values are equal }}
, class spoon.support.reflect.code.CtInvocationImpl
invocation is: comboLeg4.equals(comboLeg3)// returns true as the ratio values are equal }}
 target is: comboLeg4 method is: equals(ComboLeg)
source statement: com.ib.client.ComboLeg()V callee: VariableReference: Statement 0, type com.ib.client.ComboLegindex is: 4
Matched Method is: equals(Ljava/lang/Object;)Z
TestCase is: ComboLeg comboLeg = new ComboLeg();
ComboLeg comboLeg = new ComboLeg();
comboLeg.equals(comboLeg);
ComboLeg comboLeg = new ComboLeg();
ComboLeg comboLeg = new ComboLeg();
comboLeg.equals(comboLeg);

statement is: com.ib.client.ComboLeg()V type is: class org.evosuite.testcase.statements.ConstructorStatement return type class com.ib.client.ComboLeg
statement code is: ComboLeg comboLeg = new ComboLeg()
statement is: com.ib.client.ComboLeg(IILjava/lang/String;Ljava/lang/String;IILjava/lang/String;)V type is: class org.evosuite.testcase.statements.ConstructorStatement return type class com.ib.client.ComboLeg
statement code is: ComboLeg comboLeg = new ComboLeg(0, 0, "P}XLct\"_+h6@M3F0^", "P}XLct\"_+h6@M3F0^", (-623), 2, "L8Gl|(K")
statement is: equals(Ljava/lang/Object;)Z type is: class org.evosuite.testcase.statements.MethodStatement return type boolean
statement code is: boolean equals = comboLeg.equals(arg0)
test data is: ComboLeg comboLeg = new ComboLeg();
ComboLeg comboLeg = new ComboLeg(0, 0, "P}XLct\"_+h6@M3F0^", "P}XLct\"_+h6@M3F0^", (-623), 2, "L8Gl|(K");
comboLeg.equals(comboLeg);

** It was a parseable test case! 
Improved test data is: class DummyClass {
    public static void main() {
        ComboLeg comboLeg = new ComboLeg();
        ComboLeg comboLeg = new ComboLeg(-623, 0, "P}XLct\"_+h6@M3F0^", "P}XLct\"_+h6@M3F0^", -623, 2, "L8Gl|(K");
        comboLeg.equals(comboLeg);
        ComboLeg comboLeg2 = new ComboLeg(-623, 0, "P}XLct\"_+h6@M3F0^", "P}XLct\"_+h6@M3F0^", -623, 2, "L8Gl|(K");
        comboLeg.equals(comboLeg2);
        ComboLeg comboLeg3 = new ComboLeg(-624, 0, "P}XLct\"_+h6@M3F0^", "P}XLct\"_+h6@M3F0^", -623, 2, "L8Gl|(K");
        comboLeg.equals(comboLeg3);
    }
}
statement is: ComboLeg comboLeg = new ComboLeg(), class spoon.support.reflect.code.CtLocalVariableImpl
class spoon.support.reflect.code.CtConstructorCallImpl
statement is: ComboLeg comboLeg = new ComboLeg(-623, 0, "P}XLct\"_+h6@M3F0^", "P}XLct\"_+h6@M3F0^", -623, 2, "L8Gl|(K"), class spoon.support.reflect.code.CtLocalVariableImpl
class spoon.support.reflect.code.CtConstructorCallImpl
statement is: comboLeg.equals(comboLeg), class spoon.support.reflect.code.CtInvocationImpl
invocation is: comboLeg.equals(comboLeg) target is: comboLeg method is: equals(ComboLeg)
source statement: com.ib.client.ComboLeg()V callee: VariableReference: Statement 0, type com.ib.client.ComboLegindex is: 0
Matched Method is: equals(Ljava/lang/Object;)Z
statement is: ComboLeg comboLeg2 = new ComboLeg(-623, 0, "P}XLct\"_+h6@M3F0^", "P}XLct\"_+h6@M3F0^", -623, 2, "L8Gl|(K"), class spoon.support.reflect.code.CtLocalVariableImpl
class spoon.support.reflect.code.CtConstructorCallImpl
statement is: comboLeg.equals(comboLeg2), class spoon.support.reflect.code.CtInvocationImpl
invocation is: comboLeg.equals(comboLeg2) target is: comboLeg method is: equals(ComboLeg)
source statement: com.ib.client.ComboLeg()V callee: VariableReference: Statement 0, type com.ib.client.ComboLegindex is: 0
Matched Method is: equals(Ljava/lang/Object;)Z
statement is: ComboLeg comboLeg3 = new ComboLeg(-624, 0, "P}XLct\"_+h6@M3F0^", "P}XLct\"_+h6@M3F0^", -623, 2, "L8Gl|(K"), class spoon.support.reflect.code.CtLocalVariableImpl
class spoon.support.reflect.code.CtConstructorCallImpl
statement is: comboLeg.equals(comboLeg3), class spoon.support.reflect.code.CtInvocationImpl
invocation is: comboLeg.equals(comboLeg3) target is: comboLeg method is: equals(ComboLeg)
source statement: com.ib.client.ComboLeg()V callee: VariableReference: Statement 0, type com.ib.client.ComboLegindex is: 0
Matched Method is: equals(Ljava/lang/Object;)Z
TestCase is: ComboLeg comboLeg = new ComboLeg();
int _int = 0;
String string = "P}XLct\"_+h6@M3F0^";
String string = "P}XLct\"_+h6@M3F0^";
int _int = 2;
String string = "L8Gl|(K";
ComboLeg comboLeg = new ComboLeg(_int, (int) string, string, (String) _int, (int) string, 2, "L8Gl|(K");
comboLeg.equals(comboLeg);
int _int = 0;
String string = "P}XLct\"_+h6@M3F0^";
String string = "P}XLct\"_+h6@M3F0^";
int _int = 2;
String string = "L8Gl|(K";
ComboLeg comboLeg = new ComboLeg(_int, (int) string, string, (String) _int, (int) string, 2, "L8Gl|(K");
comboLeg.equals(comboLeg);
int _int = 0;
String string = "P}XLct\"_+h6@M3F0^";
String string = "P}XLct\"_+h6@M3F0^";
int _int = 2;
String string = "L8Gl|(K";
ComboLeg comboLeg = new ComboLeg(_int, (int) string, string, (String) _int, (int) string, 2, "L8Gl|(K");
comboLeg.equals(comboLeg);

statement is: com.ib.client.ComboLeg()V type is: class org.evosuite.testcase.statements.ConstructorStatement return type class com.ib.client.ComboLeg
statement code is: ComboLeg comboLeg = new ComboLeg()
statement is: com.ib.client.ComboLeg()V type is: class org.evosuite.testcase.statements.ConstructorStatement return type class com.ib.client.ComboLeg
statement code is: ComboLeg comboLeg = new ComboLeg()
statement is: org.evosuite.testcase.statements.AssignmentStatement@79c5c7f5 type is: class org.evosuite.testcase.statements.AssignmentStatement return type int
statement code is: comboLeg.m_shortSaleSlot = (-1030)
statement is: equals(Ljava/lang/Object;)Z type is: class org.evosuite.testcase.statements.MethodStatement return type boolean
statement code is: boolean equals = comboLeg.equals(arg0)
test data is: ComboLeg comboLeg = new ComboLeg();
ComboLeg comboLeg = new ComboLeg();
comboLeg.m_shortSaleSlot = (-1030);
comboLeg.equals(comboLeg);

** It was a parseable test case! 
Improved test data is: class DummyClass {
    public static void main() {
        ComboLeg comboLeg = new ComboLeg();
        ComboLeg otherComboLeg = new ComboLeg();
        comboLeg.m_shortSaleSlot = -1030;
        otherComboLeg.m_shortSaleSlot = -1030;
        assertTrue(comboLeg.equals(otherComboLeg));
    }
}
statement is: ComboLeg comboLeg = new ComboLeg(), class spoon.support.reflect.code.CtLocalVariableImpl
class spoon.support.reflect.code.CtConstructorCallImpl
statement is: ComboLeg otherComboLeg = new ComboLeg(), class spoon.support.reflect.code.CtLocalVariableImpl
class spoon.support.reflect.code.CtConstructorCallImpl
statement is: comboLeg.m_shortSaleSlot = -1030, class spoon.support.reflect.code.CtAssignmentImpl
statement is: otherComboLeg.m_shortSaleSlot = -1030, class spoon.support.reflect.code.CtAssignmentImpl
statement is: assertTrue(comboLeg.equals(otherComboLeg)), class spoon.support.reflect.code.CtInvocationImpl
invocation is: assertTrue(comboLeg.equals(otherComboLeg)) target is:  method is: assertTrue(<unknown>)
TestCase is: ComboLeg comboLeg = new ComboLeg();
ComboLeg comboLeg = new ComboLeg();

statement is: com.ib.client.ComboLeg()V type is: class org.evosuite.testcase.statements.ConstructorStatement return type class com.ib.client.ComboLeg
statement code is: ComboLeg comboLeg = new ComboLeg()
statement is: com.ib.client.ComboLeg()V type is: class org.evosuite.testcase.statements.ConstructorStatement return type class com.ib.client.ComboLeg
statement code is: ComboLeg comboLeg = new ComboLeg()
statement is: org.evosuite.testcase.statements.AssignmentStatement@75fc8079 type is: class org.evosuite.testcase.statements.AssignmentStatement return type class java.lang.String
statement code is: comboLeg.m_action = "com.ib.client.Util"
statement is: equals(Ljava/lang/Object;)Z type is: class org.evosuite.testcase.statements.MethodStatement return type boolean
statement code is: boolean equals = comboLeg.equals(arg0)
test data is: ComboLeg comboLeg = new ComboLeg();
ComboLeg comboLeg = new ComboLeg();
comboLeg.m_action = "com.ib.client.Util";
comboLeg.equals(comboLeg);

** It was a parseable test case! 
Improved test data is: class DummyClass {
    public static void main() {
        ComboLeg comboLeg1 = new ComboLeg();
        comboLeg1.m_conId = 12345;
        comboLeg1.m_ratio = 1;
        comboLeg1.m_action = "Buy";
        comboLeg1.m_exchange = "NYSE";
        ComboLeg comboLeg2 = new ComboLeg();
        comboLeg2.m_conId = 54321;
        comboLeg2.m_ratio = 1;
        comboLeg2.m_action = "Sell";
        comboLeg2.m_exchange = "NASDAQ";
    }
}
statement is: ComboLeg comboLeg1 = new ComboLeg(), class spoon.support.reflect.code.CtLocalVariableImpl
class spoon.support.reflect.code.CtConstructorCallImpl
statement is: comboLeg1.m_conId = 12345, class spoon.support.reflect.code.CtAssignmentImpl
statement is: comboLeg1.m_ratio = 1, class spoon.support.reflect.code.CtAssignmentImpl
statement is: comboLeg1.m_action = "Buy", class spoon.support.reflect.code.CtAssignmentImpl
statement is: comboLeg1.m_exchange = "NYSE", class spoon.support.reflect.code.CtAssignmentImpl
statement is: ComboLeg comboLeg2 = new ComboLeg(), class spoon.support.reflect.code.CtLocalVariableImpl
class spoon.support.reflect.code.CtConstructorCallImpl
statement is: comboLeg2.m_conId = 54321, class spoon.support.reflect.code.CtAssignmentImpl
statement is: comboLeg2.m_ratio = 1, class spoon.support.reflect.code.CtAssignmentImpl
statement is: comboLeg2.m_action = "Sell", class spoon.support.reflect.code.CtAssignmentImpl
statement is: comboLeg2.m_exchange = "NASDAQ", class spoon.support.reflect.code.CtAssignmentImpl
TestCase is: ComboLeg comboLeg = new ComboLeg();
ComboLeg comboLeg = new ComboLeg();

statement is: com.ib.client.ComboLeg()V type is: class org.evosuite.testcase.statements.ConstructorStatement return type class com.ib.client.ComboLeg
statement code is: ComboLeg comboLeg = new ComboLeg()
statement is: com.ib.client.ComboLeg(IILjava/lang/String;Ljava/lang/String;IILjava/lang/String;)V type is: class org.evosuite.testcase.statements.ConstructorStatement return type class com.ib.client.ComboLeg
statement code is: ComboLeg comboLeg = new ComboLeg(0, 0, (String) null, "Q3", 0, 0, "Q3")
statement is: equals(Ljava/lang/Object;)Z type is: class org.evosuite.testcase.statements.MethodStatement return type boolean
statement code is: boolean equals = comboLeg.equals(arg0)
test data is: ComboLeg comboLeg = new ComboLeg();
ComboLeg comboLeg = new ComboLeg(0, 0, (String) null, "Q3", 0, 0, "Q3");
comboLeg.equals(comboLeg);

** It was a parseable test case! 
Improved test data is: class DummyClass {
    public static void main() {
        ComboLeg comboLeg = new ComboLeg();
        ComboLeg comboLeg = new ComboLeg(0, 0, ((String) (null)), "Q3", 0, 0, "Q3");
        comboLeg.equals(comboLeg);
    }
}
statement is: ComboLeg comboLeg = new ComboLeg(), class spoon.support.reflect.code.CtLocalVariableImpl
class spoon.support.reflect.code.CtConstructorCallImpl
statement is: ComboLeg comboLeg = new ComboLeg(0, 0, ((String) (null)), "Q3", 0, 0, "Q3"), class spoon.support.reflect.code.CtLocalVariableImpl
class spoon.support.reflect.code.CtConstructorCallImpl
statement is: comboLeg.equals(comboLeg), class spoon.support.reflect.code.CtInvocationImpl
invocation is: comboLeg.equals(comboLeg) target is: comboLeg method is: equals(ComboLeg)
source statement: com.ib.client.ComboLeg(IILjava/lang/String;Ljava/lang/String;IILjava/lang/String;)V callee: VariableReference: Statement 1, type com.ib.client.ComboLegindex is: 7
Matched Method is: equals(Ljava/lang/Object;)Z
TestCase is: ComboLeg comboLeg = new ComboLeg();
int _int = 0;
int _int = 0;
String string = "Q3";
int _int = 0;
int _int = 0;
String string = "Q3";
ComboLeg comboLeg = new ComboLeg(_int, _int, string, (String) _int, _int, (int) string, "Q3");
((ComboLeg) _int).equals(comboLeg);

statement is: com.ib.client.ComboLeg()V type is: class org.evosuite.testcase.statements.ConstructorStatement return type class com.ib.client.ComboLeg
statement code is: ComboLeg comboLeg = new ComboLeg()
statement is: org.evosuite.testcase.statements.AssignmentStatement@1a084592 type is: class org.evosuite.testcase.statements.AssignmentStatement return type class java.lang.String
statement code is: comboLeg.m_designatedLocation = "c-_LcdoG%6wdN"
statement is: com.ib.client.ComboLeg()V type is: class org.evosuite.testcase.statements.ConstructorStatement return type class com.ib.client.ComboLeg
statement code is: ComboLeg comboLeg = new ComboLeg()
statement is: equals(Ljava/lang/Object;)Z type is: class org.evosuite.testcase.statements.MethodStatement return type boolean
statement code is: boolean equals = comboLeg.equals(arg0)
test data is: ComboLeg comboLeg = new ComboLeg();
comboLeg.m_designatedLocation = "c-_LcdoG%6wdN";
ComboLeg comboLeg = new ComboLeg();
comboLeg.equals(comboLeg);

** It was a parseable test case! 
Improved test data is: class DummyClass {
    public static void main() {
        ComboLeg comboLeg = new ComboLeg();
        comboLeg.m_designatedLocation = "c-_LcdoG%6wdN";
        ComboLeg comboLeg2 = new ComboLeg();
        comboLeg2.equals(comboLeg);
    }
}
statement is: ComboLeg comboLeg = new ComboLeg(), class spoon.support.reflect.code.CtLocalVariableImpl
class spoon.support.reflect.code.CtConstructorCallImpl
statement is: comboLeg.m_designatedLocation = "c-_LcdoG%6wdN", class spoon.support.reflect.code.CtAssignmentImpl
statement is: ComboLeg comboLeg2 = new ComboLeg(), class spoon.support.reflect.code.CtLocalVariableImpl
class spoon.support.reflect.code.CtConstructorCallImpl
statement is: comboLeg2.equals(comboLeg), class spoon.support.reflect.code.CtInvocationImpl
invocation is: comboLeg2.equals(comboLeg) target is: comboLeg2 method is: equals(ComboLeg)
source statement: com.ib.client.ComboLeg()V callee: VariableReference: Statement 0, type com.ib.client.ComboLegindex is: 1
Matched Method is: equals(Ljava/lang/Object;)Z
TestCase is: ComboLeg comboLeg = new ComboLeg();
ComboLeg comboLeg = new ComboLeg();
comboLeg.equals(comboLeg);

* test suite isTestSuite: 19
Test 0: 
ComboLeg comboLeg = new ComboLeg();
ComboLeg comboLeg = new ComboLeg();
comboLeg.equals(comboLeg);

Test 1: 
ComboLeg comboLeg = new ComboLeg();
comboLeg.equals(comboLeg);
Test 2: 
ComboLeg comboLeg = new ComboLeg((-687), 2, "", "-A1Jq1!U", 2);
comboLeg.equals((Object) null);
Test 3: 
ComboLeg comboLeg = new ComboLeg();
ComboLeg comboLeg = new ComboLeg((-652), 1, (String) null, (String) null, 1);
comboLeg.equals(comboLeg);
Test 4: 
ComboLeg comboLeg = new ComboLeg();
comboLeg.m_ratio = (-1401);
ComboLeg comboLeg = new ComboLeg();
comboLeg.equals(comboLeg);
Test 5: 
ComboLeg comboLeg = new ComboLeg();
ComboLeg comboLeg = new ComboLeg(0, 0, "P}XLct\"_+h6@M3F0^", "P}XLct\"_+h6@M3F0^", (-623), 2, "L8Gl|(K");
comboLeg.equals(comboLeg);
Test 6: 
ComboLeg comboLeg = new ComboLeg();
ComboLeg comboLeg = new ComboLeg();
comboLeg.m_shortSaleSlot = (-1030);
comboLeg.equals(comboLeg);
Test 7: 
ComboLeg comboLeg = new ComboLeg();
ComboLeg comboLeg = new ComboLeg();
comboLeg.m_action = "com.ib.client.Util";
comboLeg.equals(comboLeg);
Test 8: 
ComboLeg comboLeg = new ComboLeg();
ComboLeg comboLeg = new ComboLeg(0, 0, (String) null, "Q3", 0, 0, "Q3");
comboLeg.equals(comboLeg);
Test 9: 
ComboLeg comboLeg = new ComboLeg();
comboLeg.m_designatedLocation = "c-_LcdoG%6wdN";
ComboLeg comboLeg = new ComboLeg();
comboLeg.equals(comboLeg);
Test 10: 
ComboLeg comboLeg = new ComboLeg();
comboLeg.equals(comboLeg);

Test 11: 
ComboLeg comboLeg = new ComboLeg(7, 2, "call", "-A1Jq1!U", 2);
((ComboLeg)7).equals((Object) null);

Test 12: 
ComboLeg comboLeg = new ComboLeg();
ComboLeg comboLeg = new ComboLeg((int) "IBM", 1, "BUY", "NASDAQ", (int) 0.5);
comboLeg.equals(comboLeg);

Test 13: 
ComboLeg comboLeg = new ComboLeg();
ComboLeg comboLeg = new ComboLeg();
comboLeg.equals(comboLeg);
ComboLeg comboLeg = new ComboLeg();
ComboLeg comboLeg = new ComboLeg();
comboLeg.equals(comboLeg);

Test 14: 
ComboLeg comboLeg = new ComboLeg();
ComboLeg comboLeg = new ComboLeg(0, (int) "P}XLct\"_+h6@M3F0^", "P}XLct\"_+h6@M3F0^", (String) 2, (int) "L8Gl|(K", 2, "L8Gl|(K");
comboLeg.equals(comboLeg);
int _int = 0;
String string = "P}XLct\"_+h6@M3F0^";
String string = "P}XLct\"_+h6@M3F0^";
int _int = 2;
String string = "L8Gl|(K";
ComboLeg comboLeg = new ComboLeg(_int, (int) string, string, (String) _int, (int) string, 2, "L8Gl|(K");
comboLeg.equals(comboLeg);
int _int = 0;
String string = "P}XLct\"_+h6@M3F0^";
String string = "P}XLct\"_+h6@M3F0^";
int _int = 2;
String string = "L8Gl|(K";
ComboLeg comboLeg = new ComboLeg(_int, (int) string, string, (String) _int, (int) string, 2, "L8Gl|(K");
comboLeg.equals(comboLeg);

Test 15: 
ComboLeg comboLeg = new ComboLeg();
ComboLeg comboLeg = new ComboLeg();

Test 16: 
ComboLeg comboLeg = new ComboLeg();
ComboLeg comboLeg = new ComboLeg();

Test 17: 
ComboLeg comboLeg = new ComboLeg();
int _int = 0;
ComboLeg comboLeg = new ComboLeg(0, 0, "Q3", (String) 0, 0, (int) "Q3", "Q3");
((ComboLeg) _int).equals(comboLeg);

Test 18: 
ComboLeg comboLeg = new ComboLeg();
ComboLeg comboLeg = new ComboLeg();
comboLeg.equals(comboLeg);


* Generated after the refinement and before minimization 19 tests with total length 73
* test suite isTestSuite: 19
Test 0: 
ComboLeg comboLeg = new ComboLeg();
ComboLeg comboLeg = new ComboLeg();
comboLeg.equals(comboLeg);

Test 1: 
ComboLeg comboLeg = new ComboLeg();
comboLeg.equals(comboLeg);
Test 2: 
ComboLeg comboLeg = new ComboLeg((-687), 2, "", "-A1Jq1!U", 2);
comboLeg.equals((Object) null);
Test 3: 
ComboLeg comboLeg = new ComboLeg();
ComboLeg comboLeg = new ComboLeg((-652), 1, (String) null, (String) null, 1);
comboLeg.equals(comboLeg);
Test 4: 
ComboLeg comboLeg = new ComboLeg();
comboLeg.m_ratio = (-1401);
ComboLeg comboLeg = new ComboLeg();
comboLeg.equals(comboLeg);
Test 5: 
ComboLeg comboLeg = new ComboLeg();
ComboLeg comboLeg = new ComboLeg(0, 0, "P}XLct\"_+h6@M3F0^", "P}XLct\"_+h6@M3F0^", (-623), 2, "L8Gl|(K");
comboLeg.equals(comboLeg);
Test 6: 
ComboLeg comboLeg = new ComboLeg();
ComboLeg comboLeg = new ComboLeg();
comboLeg.m_shortSaleSlot = (-1030);
comboLeg.equals(comboLeg);
Test 7: 
ComboLeg comboLeg = new ComboLeg();
ComboLeg comboLeg = new ComboLeg();
comboLeg.m_action = "com.ib.client.Util";
comboLeg.equals(comboLeg);
Test 8: 
ComboLeg comboLeg = new ComboLeg();
ComboLeg comboLeg = new ComboLeg(0, 0, (String) null, "Q3", 0, 0, "Q3");
comboLeg.equals(comboLeg);
Test 9: 
ComboLeg comboLeg = new ComboLeg();
comboLeg.m_designatedLocation = "c-_LcdoG%6wdN";
ComboLeg comboLeg = new ComboLeg();
comboLeg.equals(comboLeg);
Test 10: 
ComboLeg comboLeg = new ComboLeg();
comboLeg.equals(comboLeg);

Test 11: 
ComboLeg comboLeg = new ComboLeg(7, 2, "call", "-A1Jq1!U", 2);
((ComboLeg)7).equals((Object) null);

Test 12: 
ComboLeg comboLeg = new ComboLeg();
ComboLeg comboLeg = new ComboLeg((int) "IBM", 1, "BUY", "NASDAQ", (int) 0.5);
comboLeg.equals(comboLeg);

Test 13: 
ComboLeg comboLeg = new ComboLeg();
ComboLeg comboLeg = new ComboLeg();
comboLeg.equals(comboLeg);
ComboLeg comboLeg = new ComboLeg();
ComboLeg comboLeg = new ComboLeg();
comboLeg.equals(comboLeg);

Test 14: 
ComboLeg comboLeg = new ComboLeg();
ComboLeg comboLeg = new ComboLeg(0, (int) "P}XLct\"_+h6@M3F0^", "P}XLct\"_+h6@M3F0^", (String) 2, (int) "L8Gl|(K", 2, "L8Gl|(K");
comboLeg.equals(comboLeg);
int _int = 0;
String string = "P}XLct\"_+h6@M3F0^";
String string = "P}XLct\"_+h6@M3F0^";
int _int = 2;
String string = "L8Gl|(K";
ComboLeg comboLeg = new ComboLeg(_int, (int) string, string, (String) _int, (int) string, 2, "L8Gl|(K");
comboLeg.equals(comboLeg);
int _int = 0;
String string = "P}XLct\"_+h6@M3F0^";
String string = "P}XLct\"_+h6@M3F0^";
int _int = 2;
String string = "L8Gl|(K";
ComboLeg comboLeg = new ComboLeg(_int, (int) string, string, (String) _int, (int) string, 2, "L8Gl|(K");
comboLeg.equals(comboLeg);

Test 15: 
ComboLeg comboLeg = new ComboLeg();
ComboLeg comboLeg = new ComboLeg();

Test 16: 
ComboLeg comboLeg = new ComboLeg();
ComboLeg comboLeg = new ComboLeg();

Test 17: 
ComboLeg comboLeg = new ComboLeg();
int _int = 0;
ComboLeg comboLeg = new ComboLeg(0, 0, "Q3", (String) 0, 0, (int) "Q3", "Q3");
((ComboLeg) _int).equals(comboLeg);

Test 18: 
ComboLeg comboLeg = new ComboLeg();
ComboLeg comboLeg = new ComboLeg();
comboLeg.equals(comboLeg);


* Minimizing test suite
* test suite isTestSuite: 10
Test 0: 
ComboLeg comboLeg = new ComboLeg();
ComboLeg comboLeg = new ComboLeg();
comboLeg.equals(comboLeg);

Test 1: 
ComboLeg comboLeg = new ComboLeg();
comboLeg.equals(comboLeg);
Test 2: 
ComboLeg comboLeg = new ComboLeg((-687), 2, "", "-A1Jq1!U", 2);
comboLeg.equals((Object) null);
Test 3: 
ComboLeg comboLeg = new ComboLeg();
ComboLeg comboLeg = new ComboLeg((-652), 1, (String) null, (String) null, 1);
comboLeg.equals(comboLeg);
Test 4: 
ComboLeg comboLeg = new ComboLeg();
comboLeg.m_ratio = (-1401);
ComboLeg comboLeg = new ComboLeg();
comboLeg.equals(comboLeg);
Test 5: 
ComboLeg comboLeg = new ComboLeg();
ComboLeg comboLeg = new ComboLeg(0, 0, "P}XLct\"_+h6@M3F0^", "P}XLct\"_+h6@M3F0^", (-623), 2, "L8Gl|(K");
comboLeg.equals(comboLeg);
Test 6: 
ComboLeg comboLeg = new ComboLeg();
ComboLeg comboLeg = new ComboLeg();
comboLeg.m_shortSaleSlot = (-1030);
comboLeg.equals(comboLeg);
Test 7: 
ComboLeg comboLeg = new ComboLeg();
ComboLeg comboLeg = new ComboLeg();
comboLeg.m_action = "com.ib.client.Util";
comboLeg.equals(comboLeg);
Test 8: 
ComboLeg comboLeg = new ComboLeg();
ComboLeg comboLeg = new ComboLeg(0, 0, (String) null, "Q3", 0, 0, "Q3");
comboLeg.equals(comboLeg);
Test 9: 
ComboLeg comboLeg = new ComboLeg();
comboLeg.m_designatedLocation = "c-_LcdoG%6wdN";
ComboLeg comboLeg = new ComboLeg();
comboLeg.equals(comboLeg);

* Going to analyze the coverage criteria
* Coverage analysis for criterion BRANCH
* Coverage of criterion BRANCH: 100%
* Total number of goals: 21
* Number of covered goals: 21
* Coverage analysis for criterion LINE
* Coverage of criterion LINE: 100%
* Total number of goals: 23
* Number of covered goals: 23
* Coverage analysis for criterion OUTPUT
* Coverage of criterion OUTPUT: 100%
* Total number of goals: 2
* Number of covered goals: 2
* Coverage analysis for criterion METHOD
* Coverage of criterion METHOD: 100%
* Total number of goals: 4
* Number of covered goals: 4
* Coverage analysis for criterion CBRANCH
* Coverage of criterion CBRANCH: 100%
* Total number of goals: 21
* Number of covered goals: 21
* Generated 10 tests with total length 32
* Resulting test suite's coverage: 100% (average coverage for all fitness functions)
* Generating assertions
* Resulting test suite's mutation score: 63%
* Compiling and checking tests
Going to execute: removeTestsThatDoNotCompile
* Compiling Tests
** Write a test suite: 0 called: 0 to improve: false
* Compiling Tests
** Write a test suite: 0 called: 0 to improve: true
** Improve Understandability: ** Test Code is: ComboLeg comboLeg = new ComboLeg();
ComboLeg arg0 = new ComboLeg();
boolean equals = comboLeg.equals(arg0);
assertEquals(0, arg0.m_shortSaleSlot);
assertEquals(0, arg0.m_ratio);
assertTrue(equals);
assertEquals(0, arg0.m_conId);
assertEquals(0, arg0.m_openClose);


** It was a parseable test case! 
refined test name is: testEqualsWithSameComboLegs
* Compiling Tests
refined test name is: testEqualsSameValuesReturnTrue
* Compiling Tests
** Write a test suite: 0 called: 0 to improve: false
* Compiling Tests
** Write a test suite: 0 called: 0 to improve: true
** Improve Understandability: ** Test Code is: ComboLeg arg0 = new ComboLeg();
boolean equals = arg0.equals(arg0);
assertTrue(equals);
assertEquals(0, arg0.m_ratio);
assertEquals(0, arg0.m_shortSaleSlot);
assertEquals(0, arg0.m_openClose);
assertEquals(0, arg0.m_conId);


** It was a parseable test case! 
refined test name is: testEqualsSelf
* Compiling Tests
** Write a test suite: 0 called: 0 to improve: false
* Compiling Tests
** Write a test suite: 0 called: 0 to improve: true
** Improve Understandability: ** Test Code is: ComboLeg comboLeg = new ComboLeg((-687), 2, "", "-A1Jq1!U", 2);
boolean equals = comboLeg.equals((Object) null);
assertEquals(2, comboLeg.m_openClose);
assertEquals(0, comboLeg.m_shortSaleSlot);
assertEquals((-687), comboLeg.m_conId);
assertFalse(equals);
assertEquals(2, comboLeg.m_ratio);


** It was a parseable test case! 
refined test name is: testComboLegEqualsWithNullObject
* Compiling Tests
** Write a test suite: 0 called: 0 to improve: false
* Compiling Tests
** Write a test suite: 0 called: 0 to improve: true
** Improve Understandability: ** Test Code is: ComboLeg comboLeg = new ComboLeg();
ComboLeg arg0 = new ComboLeg((-652), 1, (String) null, (String) null, 1);
boolean equals = comboLeg.equals(arg0);
assertEquals(0, comboLeg.m_ratio);
assertFalse(equals);
assertEquals(1, arg0.m_openClose);
assertEquals(1, arg0.m_ratio);
assertEquals(0, arg0.m_shortSaleSlot);
assertEquals(0, comboLeg.m_openClose);
assertEquals((-652), arg0.m_conId);


** It was a parseable test case! 
refined test name is: testComboLegEquals
* Compiling Tests
** Write a test suite: 0 called: 0 to improve: false
* Compiling Tests
** Write a test suite: 0 called: 0 to improve: true
** Improve Understandability: ** Test Code is: ComboLeg comboLeg = new ComboLeg();
assertEquals(0, comboLeg.m_ratio);

comboLeg.m_ratio = (-1401);
ComboLeg arg0 = new ComboLeg();
boolean equals = comboLeg.equals(arg0);
assertFalse(equals);


** It was a parseable test case! 
refined test name is: testComboLegEqualsDifferentRatio
* Compiling Tests
** Write a test suite: 0 called: 0 to improve: false
* Compiling Tests
** Write a test suite: 0 called: 0 to improve: true
** Improve Understandability: ** Test Code is: ComboLeg comboLeg = new ComboLeg();
ComboLeg arg0 = new ComboLeg(0, 0, "P}XLct\"_+h6@M3F0^", "P}XLct\"_+h6@M3F0^", (-623), 2, "L8Gl|(K");
boolean equals = comboLeg.equals(arg0);
assertEquals(2, arg0.m_shortSaleSlot);
assertEquals((-623), arg0.m_openClose);
assertEquals(0, arg0.m_ratio);
assertFalse(equals);
assertEquals(0, arg0.m_conId);
assertEquals(0, comboLeg.m_shortSaleSlot);


** It was a parseable test case! 
refined test name is: testComboLegEquals
* Compiling Tests
** Write a test suite: 0 called: 0 to improve: false
* Compiling Tests
** Write a test suite: 0 called: 0 to improve: true
** Improve Understandability: ** Test Code is: ComboLeg arg0 = new ComboLeg();
ComboLeg comboLeg = new ComboLeg();
assertEquals(0, comboLeg.m_shortSaleSlot);

comboLeg.m_shortSaleSlot = (-1030);
boolean equals = comboLeg.equals(arg0);
assertFalse(equals);


** It was a parseable test case! 
refined test name is: testNegativeShortSaleSlot
* Compiling Tests
** Write a test suite: 0 called: 0 to improve: false
* Compiling Tests
** Write a test suite: 0 called: 0 to improve: true
** Improve Understandability: ** Test Code is: ComboLeg comboLeg = new ComboLeg();
ComboLeg arg0 = new ComboLeg();
assertTrue(arg0.equals((Object)comboLeg));

arg0.m_action = "com.ib.client.Util";
boolean equals = comboLeg.equals(arg0);
assertFalse(arg0.equals((Object)comboLeg));
assertFalse(equals);


** It was a parseable test case! 
refined test name is: testComboLegEqualsSameInstanceReturnsTrue
* Compiling Tests
** Write a test suite: 0 called: 0 to improve: false
* Compiling Tests
** Write a test suite: 0 called: 0 to improve: true
** Improve Understandability: ** Test Code is: ComboLeg arg0 = new ComboLeg();
ComboLeg comboLeg = new ComboLeg(0, 0, (String) null, "Q3", 0, 0, "Q3");
boolean equals = comboLeg.equals(arg0);
assertEquals(0, comboLeg.m_conId);
assertEquals(0, comboLeg.m_shortSaleSlot);
assertFalse(equals);
assertEquals(0, comboLeg.m_openClose);
assertEquals(0, comboLeg.m_ratio);


** It was a parseable test case! 
refined test name is: testEqualComboLegs
* Compiling Tests
** Write a test suite: 0 called: 0 to improve: false
* Compiling Tests
** Write a test suite: 0 called: 0 to improve: true
** Improve Understandability: ** Test Code is: ComboLeg comboLeg = new ComboLeg();
comboLeg.m_designatedLocation = "c-_LcdoG%6wdN";
ComboLeg arg0 = new ComboLeg();
boolean equals = comboLeg.equals(arg0);
assertEquals(0, arg0.m_conId);
assertEquals(0, arg0.m_shortSaleSlot);
assertEquals(0, arg0.m_openClose);
assertEquals(0, arg0.m_ratio);
assertFalse(equals);


** It was a parseable test case! 
refined test name is: testComboLegDesignatedLocation
Going to execute: handleTestsThatAreUnstable
* Compiling Tests
** Write a test suite: 0 called: 0 to improve: false
[MASTER] 20:58:13.227 [logback-1] WARN  AgentLoader - Failed to find EvoSuite jar in current classloader. URLs of classloader:
file:/home/ubuntu/.sdkman/candidates/java/8.0.333.fx-librca/jre/lib/ext/localedata.jar
file:/home/ubuntu/.sdkman/candidates/java/8.0.333.fx-librca/jre/lib/ext/sunjce_provider.jar
file:/tmp/EvoSuite_pathingJar1832250763675755824.jar
file:/home/ubuntu/.sdkman/candidates/java/8.0.333.fx-librca/jre/../lib/tools.jar
file:/home/ubuntu/.sdkman/candidates/java/8.0.333.fx-librca/jre/lib/ext/sunpkcs11.jar
file:/home/ubuntu/.sdkman/candidates/java/8.0.333.fx-librca/jre/lib/ext/jaccess.jar
file:/home/ubuntu/.sdkman/candidates/java/8.0.333.fx-librca/jre/lib/ext/sunec.jar
file:/home/ubuntu/.sdkman/candidates/java/8.0.333.fx-librca/jre/lib/ext/zipfs.jar
file:/home/ubuntu/.sdkman/candidates/java/8.0.333.fx-librca/jre/lib/ext/jfxrt.jar
file:/home/ubuntu/.sdkman/candidates/java/8.0.333.fx-librca/jre/lib/ext/dnsns.jar
file:/home/ubuntu/.sdkman/candidates/java/8.0.333.fx-librca/jre/lib/ext/cldrdata.jar
file:/home/ubuntu/.sdkman/candidates/java/8.0.333.fx-librca/jre/lib/ext/nashorn.jar
[MASTER] 20:58:13.240 [logback-1] WARN  JUnitAnalyzer - Found unstable test named initializationError -> class java.lang.RuntimeException: Cannot find either the compilation target folder nor the EvoSuite jar in classpath: /tmp/EvoSuite_pathingJar1832250763675755824.jar
Going to execute: handleTestsThatAreUnstable
* Compiling Tests
[MASTER] 20:58:13.282 [logback-1] WARN  AgentLoader - Failed to find EvoSuite jar in current classloader. URLs of classloader:
file:/home/ubuntu/.sdkman/candidates/java/8.0.333.fx-librca/jre/lib/ext/localedata.jar
file:/home/ubuntu/.sdkman/candidates/java/8.0.333.fx-librca/jre/lib/ext/sunjce_provider.jar
file:/tmp/EvoSuite_pathingJar1832250763675755824.jar
file:/home/ubuntu/.sdkman/candidates/java/8.0.333.fx-librca/jre/../lib/tools.jar
file:/home/ubuntu/.sdkman/candidates/java/8.0.333.fx-librca/jre/lib/ext/sunpkcs11.jar
file:/home/ubuntu/.sdkman/candidates/java/8.0.333.fx-librca/jre/lib/ext/jaccess.jar
file:/home/ubuntu/.sdkman/candidates/java/8.0.333.fx-librca/jre/lib/ext/sunec.jar
file:/home/ubuntu/.sdkman/candidates/java/8.0.333.fx-librca/jre/lib/ext/zipfs.jar
file:/home/ubuntu/.sdkman/candidates/java/8.0.333.fx-librca/jre/lib/ext/jfxrt.jar
file:/home/ubuntu/.sdkman/candidates/java/8.0.333.fx-librca/jre/lib/ext/dnsns.jar
file:/home/ubuntu/.sdkman/candidates/java/8.0.333.fx-librca/jre/lib/ext/cldrdata.jar
file:/home/ubuntu/.sdkman/candidates/java/8.0.333.fx-librca/jre/lib/ext/nashorn.jar
Going to execute: handleTestsThatAreUnstable
* Compiling Tests
Going to execute: handleTestsThatAreUnstable
[MASTER] 20:58:13.283 [logback-1] WARN  JUnitAnalyzer - Found unstable test named initializationError -> class java.lang.RuntimeException: Cannot find either the compilation target folder nor the EvoSuite jar in classpath: /tmp/EvoSuite_pathingJar1832250763675755824.jar
* Compiling Tests
[MASTER] 20:58:13.323 [logback-1] WARN  AgentLoader - Failed to find EvoSuite jar in current classloader. URLs of classloader:
file:/home/ubuntu/.sdkman/candidates/java/8.0.333.fx-librca/jre/lib/ext/localedata.jar
file:/home/ubuntu/.sdkman/candidates/java/8.0.333.fx-librca/jre/lib/ext/sunjce_provider.jar
file:/tmp/EvoSuite_pathingJar1832250763675755824.jar
file:/home/ubuntu/.sdkman/candidates/java/8.0.333.fx-librca/jre/../lib/tools.jar
file:/home/ubuntu/.sdkman/candidates/java/8.0.333.fx-librca/jre/lib/ext/sunpkcs11.jar
file:/home/ubuntu/.sdkman/candidates/java/8.0.333.fx-librca/jre/lib/ext/jaccess.jar
file:/home/ubuntu/.sdkman/candidates/java/8.0.333.fx-librca/jre/lib/ext/sunec.jar
file:/home/ubuntu/.sdkman/candidates/java/8.0.333.fx-librca/jre/lib/ext/zipfs.jar
file:/home/ubuntu/.sdkman/candidates/java/8.0.333.fx-librca/jre/lib/ext/jfxrt.jar
file:/home/ubuntu/.sdkman/candidates/java/8.0.333.fx-librca/jre/lib/ext/dnsns.jar
file:/home/ubuntu/.sdkman/candidates/java/8.0.333.fx-librca/jre/lib/ext/cldrdata.jar
file:/home/ubuntu/.sdkman/candidates/java/8.0.333.fx-librca/jre/lib/ext/nashorn.jar
[MASTER] 20:58:13.324 [logback-1] WARN  JUnitAnalyzer - Found unstable test named initializationError -> class java.lang.RuntimeException: Cannot find either the compilation target folder nor the EvoSuite jar in classpath: /tmp/EvoSuite_pathingJar1832250763675755824.jar
Going to execute: handleTestsThatAreUnstable
* Compiling Tests
[MASTER] 20:58:13.363 [logback-1] WARN  AgentLoader - Failed to find EvoSuite jar in current classloader. URLs of classloader:
file:/home/ubuntu/.sdkman/candidates/java/8.0.333.fx-librca/jre/lib/ext/localedata.jar
file:/home/ubuntu/.sdkman/candidates/java/8.0.333.fx-librca/jre/lib/ext/sunjce_provider.jar
file:/tmp/EvoSuite_pathingJar1832250763675755824.jar
file:/home/ubuntu/.sdkman/candidates/java/8.0.333.fx-librca/jre/../lib/tools.jar
file:/home/ubuntu/.sdkman/candidates/java/8.0.333.fx-librca/jre/lib/ext/sunpkcs11.jar
file:/home/ubuntu/.sdkman/candidates/java/8.0.333.fx-librca/jre/lib/ext/jaccess.jar
file:/home/ubuntu/.sdkman/candidates/java/8.0.333.fx-librca/jre/lib/ext/sunec.jar
file:/home/ubuntu/.sdkman/candidates/java/8.0.333.fx-librca/jre/lib/ext/zipfs.jar
file:/home/ubuntu/.sdkman/candidates/java/8.0.333.fx-librca/jre/lib/ext/jfxrt.jar
file:/home/ubuntu/.sdkman/candidates/java/8.0.333.fx-librca/jre/lib/ext/dnsns.jar
file:/home/ubuntu/.sdkman/candidates/java/8.0.333.fx-librca/jre/lib/ext/cldrdata.jar
file:/home/ubuntu/.sdkman/candidates/java/8.0.333.fx-librca/jre/lib/ext/nashorn.jar
[MASTER] 20:58:13.364 [logback-1] WARN  JUnitAnalyzer - Found unstable test named initializationError -> class java.lang.RuntimeException: Cannot find either the compilation target folder nor the EvoSuite jar in classpath: /tmp/EvoSuite_pathingJar1832250763675755824.jar
[MASTER] 20:58:13.405 [logback-1] WARN  AgentLoader - Failed to find EvoSuite jar in current classloader. URLs of classloader:
file:/home/ubuntu/.sdkman/candidates/java/8.0.333.fx-librca/jre/lib/ext/localedata.jar
file:/home/ubuntu/.sdkman/candidates/java/8.0.333.fx-librca/jre/lib/ext/sunjce_provider.jar
file:/tmp/EvoSuite_pathingJar1832250763675755824.jar
file:/home/ubuntu/.sdkman/candidates/java/8.0.333.fx-librca/jre/../lib/tools.jar
file:/home/ubuntu/.sdkman/candidates/java/8.0.333.fx-librca/jre/lib/ext/sunpkcs11.jar
file:/home/ubuntu/.sdkman/candidates/java/8.0.333.fx-librca/jre/lib/ext/jaccess.jar
file:/home/ubuntu/.sdkman/candidates/java/8.0.333.fx-librca/jre/lib/ext/sunec.jar
file:/home/ubuntu/.sdkman/candidates/java/8.0.333.fx-librca/jre/lib/ext/zipfs.jar
file:/home/ubuntu/.sdkman/candidates/java/8.0.333.fx-librca/jre/lib/ext/jfxrt.jar
file:/home/ubuntu/.sdkman/candidates/java/8.0.333.fx-librca/jre/lib/ext/dnsns.jar
file:/home/ubuntu/.sdkman/candidates/java/8.0.333.fx-librca/jre/lib/ext/cldrdata.jar
file:/home/ubuntu/.sdkman/candidates/java/8.0.333.fx-librca/jre/lib/ext/nashorn.jar
[MASTER] 20:58:13.406 [logback-1] WARN  JUnitAnalyzer - Found unstable test named initializationError -> class java.lang.RuntimeException: Cannot find either the compilation target folder nor the EvoSuite jar in classpath: /tmp/EvoSuite_pathingJar1832250763675755824.jar
Going to execute: handleTestsThatAreUnstable
* Compiling Tests
[MASTER] 20:58:13.447 [logback-1] WARN  AgentLoader - Failed to find EvoSuite jar in current classloader. URLs of classloader:
file:/home/ubuntu/.sdkman/candidates/java/8.0.333.fx-librca/jre/lib/ext/localedata.jar
file:/home/ubuntu/.sdkman/candidates/java/8.0.333.fx-librca/jre/lib/ext/sunjce_provider.jar
file:/tmp/EvoSuite_pathingJar1832250763675755824.jar
file:/home/ubuntu/.sdkman/candidates/java/8.0.333.fx-librca/jre/../lib/tools.jar
file:/home/ubuntu/.sdkman/candidates/java/8.0.333.fx-librca/jre/lib/ext/sunpkcs11.jar
file:/home/ubuntu/.sdkman/candidates/java/8.0.333.fx-librca/jre/lib/ext/jaccess.jar
file:/home/ubuntu/.sdkman/candidates/java/8.0.333.fx-librca/jre/lib/ext/sunec.jar
file:/home/ubuntu/.sdkman/candidates/java/8.0.333.fx-librca/jre/lib/ext/zipfs.jar
file:/home/ubuntu/.sdkman/candidates/java/8.0.333.fx-librca/jre/lib/ext/jfxrt.jar
file:/home/ubuntu/.sdkman/candidates/java/8.0.333.fx-librca/jre/lib/ext/dnsns.jar
file:/home/ubuntu/.sdkman/candidates/java/8.0.333.fx-librca/jre/lib/ext/cldrdata.jar
file:/home/ubuntu/.sdkman/candidates/java/8.0.333.fx-librca/jre/lib/ext/nashorn.jar
[MASTER] 20:58:13.448 [logback-1] WARN  JUnitAnalyzer - Found unstable test named initializationError -> class java.lang.RuntimeException: Cannot find either the compilation target folder nor the EvoSuite jar in classpath: /tmp/EvoSuite_pathingJar1832250763675755824.jar
Going to execute: handleTestsThatAreUnstable
* Compiling Tests
[MASTER] 20:58:13.487 [logback-1] WARN  AgentLoader - Failed to find EvoSuite jar in current classloader. URLs of classloader:
file:/home/ubuntu/.sdkman/candidates/java/8.0.333.fx-librca/jre/lib/ext/localedata.jar
file:/home/ubuntu/.sdkman/candidates/java/8.0.333.fx-librca/jre/lib/ext/sunjce_provider.jar
file:/tmp/EvoSuite_pathingJar1832250763675755824.jar
file:/home/ubuntu/.sdkman/candidates/java/8.0.333.fx-librca/jre/../lib/tools.jar
file:/home/ubuntu/.sdkman/candidates/java/8.0.333.fx-librca/jre/lib/ext/sunpkcs11.jar
file:/home/ubuntu/.sdkman/candidates/java/8.0.333.fx-librca/jre/lib/ext/jaccess.jar
file:/home/ubuntu/.sdkman/candidates/java/8.0.333.fx-librca/jre/lib/ext/sunec.jar
file:/home/ubuntu/.sdkman/candidates/java/8.0.333.fx-librca/jre/lib/ext/zipfs.jar
file:/home/ubuntu/.sdkman/candidates/java/8.0.333.fx-librca/jre/lib/ext/jfxrt.jar
file:/home/ubuntu/.sdkman/candidates/java/8.0.333.fx-librca/jre/lib/ext/dnsns.jar
file:/home/ubuntu/.sdkman/candidates/java/8.0.333.fx-librca/jre/lib/ext/cldrdata.jar
file:/home/ubuntu/.sdkman/candidates/java/8.0.333.fx-librca/jre/lib/ext/nashorn.jar
[MASTER] 20:58:13.488 [logback-1] WARN  JUnitAnalyzer - Found unstable test named initializationError -> class java.lang.RuntimeException: Cannot find either the compilation target folder nor the EvoSuite jar in classpath: /tmp/EvoSuite_pathingJar1832250763675755824.jar
Going to execute: handleTestsThatAreUnstable
* Compiling Tests
[MASTER] 20:58:13.529 [logback-1] WARN  AgentLoader - Failed to find EvoSuite jar in current classloader. URLs of classloader:
file:/home/ubuntu/.sdkman/candidates/java/8.0.333.fx-librca/jre/lib/ext/localedata.jar
file:/home/ubuntu/.sdkman/candidates/java/8.0.333.fx-librca/jre/lib/ext/sunjce_provider.jar
file:/tmp/EvoSuite_pathingJar1832250763675755824.jar
file:/home/ubuntu/.sdkman/candidates/java/8.0.333.fx-librca/jre/../lib/tools.jar
file:/home/ubuntu/.sdkman/candidates/java/8.0.333.fx-librca/jre/lib/ext/sunpkcs11.jar
file:/home/ubuntu/.sdkman/candidates/java/8.0.333.fx-librca/jre/lib/ext/jaccess.jar
file:/home/ubuntu/.sdkman/candidates/java/8.0.333.fx-librca/jre/lib/ext/sunec.jar
file:/home/ubuntu/.sdkman/candidates/java/8.0.333.fx-librca/jre/lib/ext/zipfs.jar
file:/home/ubuntu/.sdkman/candidates/java/8.0.333.fx-librca/jre/lib/ext/jfxrt.jar
file:/home/ubuntu/.sdkman/candidates/java/8.0.333.fx-librca/jre/lib/ext/dnsns.jar
file:/home/ubuntu/.sdkman/candidates/java/8.0.333.fx-librca/jre/lib/ext/cldrdata.jar
file:/home/ubuntu/.sdkman/candidates/java/8.0.333.fx-librca/jre/lib/ext/nashorn.jar
[MASTER] 20:58:13.531 [logback-1] WARN  JUnitAnalyzer - Found unstable test named initializationError -> class java.lang.RuntimeException: Cannot find either the compilation target folder nor the EvoSuite jar in classpath: /tmp/EvoSuite_pathingJar1832250763675755824.jar
Going to execute: handleTestsThatAreUnstable
* Compiling Tests
[MASTER] 20:58:13.575 [logback-1] WARN  AgentLoader - Failed to find EvoSuite jar in current classloader. URLs of classloader:
file:/home/ubuntu/.sdkman/candidates/java/8.0.333.fx-librca/jre/lib/ext/localedata.jar
file:/home/ubuntu/.sdkman/candidates/java/8.0.333.fx-librca/jre/lib/ext/sunjce_provider.jar
file:/tmp/EvoSuite_pathingJar1832250763675755824.jar
file:/home/ubuntu/.sdkman/candidates/java/8.0.333.fx-librca/jre/../lib/tools.jar
file:/home/ubuntu/.sdkman/candidates/java/8.0.333.fx-librca/jre/lib/ext/sunpkcs11.jar
file:/home/ubuntu/.sdkman/candidates/java/8.0.333.fx-librca/jre/lib/ext/jaccess.jar
file:/home/ubuntu/.sdkman/candidates/java/8.0.333.fx-librca/jre/lib/ext/sunec.jar
file:/home/ubuntu/.sdkman/candidates/java/8.0.333.fx-librca/jre/lib/ext/zipfs.jar
file:/home/ubuntu/.sdkman/candidates/java/8.0.333.fx-librca/jre/lib/ext/jfxrt.jar
file:/home/ubuntu/.sdkman/candidates/java/8.0.333.fx-librca/jre/lib/ext/dnsns.jar
file:/home/ubuntu/.sdkman/candidates/java/8.0.333.fx-librca/jre/lib/ext/cldrdata.jar
file:/home/ubuntu/.sdkman/candidates/java/8.0.333.fx-librca/jre/lib/ext/nashorn.jar
[MASTER] 20:58:13.576 [logback-1] WARN  JUnitAnalyzer - Found unstable test named initializationError -> class java.lang.RuntimeException: Cannot find either the compilation target folder nor the EvoSuite jar in classpath: /tmp/EvoSuite_pathingJar1832250763675755824.jar
Going to execute: handleTestsThatAreUnstable
* Compiling Tests
[MASTER] 20:58:13.617 [logback-1] WARN  AgentLoader - Failed to find EvoSuite jar in current classloader. URLs of classloader:
file:/home/ubuntu/.sdkman/candidates/java/8.0.333.fx-librca/jre/lib/ext/localedata.jar
file:/home/ubuntu/.sdkman/candidates/java/8.0.333.fx-librca/jre/lib/ext/sunjce_provider.jar
file:/tmp/EvoSuite_pathingJar1832250763675755824.jar
file:/home/ubuntu/.sdkman/candidates/java/8.0.333.fx-librca/jre/../lib/tools.jar
file:/home/ubuntu/.sdkman/candidates/java/8.0.333.fx-librca/jre/lib/ext/sunpkcs11.jar
file:/home/ubuntu/.sdkman/candidates/java/8.0.333.fx-librca/jre/lib/ext/jaccess.jar
file:/home/ubuntu/.sdkman/candidates/java/8.0.333.fx-librca/jre/lib/ext/sunec.jar
file:/home/ubuntu/.sdkman/candidates/java/8.0.333.fx-librca/jre/lib/ext/zipfs.jar
file:/home/ubuntu/.sdkman/candidates/java/8.0.333.fx-librca/jre/lib/ext/jfxrt.jar
file:/home/ubuntu/.sdkman/candidates/java/8.0.333.fx-librca/jre/lib/ext/dnsns.jar
file:/home/ubuntu/.sdkman/candidates/java/8.0.333.fx-librca/jre/lib/ext/cldrdata.jar
file:/home/ubuntu/.sdkman/candidates/java/8.0.333.fx-librca/jre/lib/ext/nashorn.jar
[MASTER] 20:58:13.619 [logback-1] WARN  JUnitAnalyzer - Found unstable test named initializationError -> class java.lang.RuntimeException: Cannot find either the compilation target folder nor the EvoSuite jar in classpath: /tmp/EvoSuite_pathingJar1832250763675755824.jar
Going to execute: handleTestsThatAreUnstable
* Compiling Tests
** Write a test suite: 0 called: 0 to improve: false
[MASTER] 20:58:13.833 [logback-1] WARN  AgentLoader - Failed to find EvoSuite jar in current classloader. URLs of classloader:
file:/home/ubuntu/.sdkman/candidates/java/8.0.333.fx-librca/jre/lib/ext/localedata.jar
file:/home/ubuntu/.sdkman/candidates/java/8.0.333.fx-librca/jre/lib/ext/sunjce_provider.jar
file:/tmp/EvoSuite_pathingJar1832250763675755824.jar
file:/home/ubuntu/.sdkman/candidates/java/8.0.333.fx-librca/jre/../lib/tools.jar
file:/home/ubuntu/.sdkman/candidates/java/8.0.333.fx-librca/jre/lib/ext/sunpkcs11.jar
file:/home/ubuntu/.sdkman/candidates/java/8.0.333.fx-librca/jre/lib/ext/jaccess.jar
file:/home/ubuntu/.sdkman/candidates/java/8.0.333.fx-librca/jre/lib/ext/sunec.jar
file:/home/ubuntu/.sdkman/candidates/java/8.0.333.fx-librca/jre/lib/ext/zipfs.jar
file:/home/ubuntu/.sdkman/candidates/java/8.0.333.fx-librca/jre/lib/ext/jfxrt.jar
file:/home/ubuntu/.sdkman/candidates/java/8.0.333.fx-librca/jre/lib/ext/dnsns.jar
file:/home/ubuntu/.sdkman/candidates/java/8.0.333.fx-librca/jre/lib/ext/cldrdata.jar
file:/home/ubuntu/.sdkman/candidates/java/8.0.333.fx-librca/jre/lib/ext/nashorn.jar
[MASTER] 20:58:13.839 [logback-1] WARN  JUnitAnalyzer - Found unstable test named initializationError -> class java.lang.RuntimeException: Cannot find either the compilation target folder nor the EvoSuite jar in classpath: /tmp/EvoSuite_pathingJar1832250763675755824.jar
Going to execute: handleTestsThatAreUnstable
* Compiling Tests
** Write a test suite: 9 called: 0 to improve: false
[MASTER] 20:58:14.095 [logback-1] WARN  AgentLoader - Failed to find EvoSuite jar in current classloader. URLs of classloader:
file:/home/ubuntu/.sdkman/candidates/java/8.0.333.fx-librca/jre/lib/ext/localedata.jar
file:/home/ubuntu/.sdkman/candidates/java/8.0.333.fx-librca/jre/lib/ext/sunjce_provider.jar
file:/tmp/EvoSuite_pathingJar1832250763675755824.jar
file:/home/ubuntu/.sdkman/candidates/java/8.0.333.fx-librca/jre/../lib/tools.jar
file:/home/ubuntu/.sdkman/candidates/java/8.0.333.fx-librca/jre/lib/ext/sunpkcs11.jar
file:/home/ubuntu/.sdkman/candidates/java/8.0.333.fx-librca/jre/lib/ext/jaccess.jar
file:/home/ubuntu/.sdkman/candidates/java/8.0.333.fx-librca/jre/lib/ext/sunec.jar
file:/home/ubuntu/.sdkman/candidates/java/8.0.333.fx-librca/jre/lib/ext/zipfs.jar
file:/home/ubuntu/.sdkman/candidates/java/8.0.333.fx-librca/jre/lib/ext/jfxrt.jar
file:/home/ubuntu/.sdkman/candidates/java/8.0.333.fx-librca/jre/lib/ext/dnsns.jar
file:/home/ubuntu/.sdkman/candidates/java/8.0.333.fx-librca/jre/lib/ext/cldrdata.jar
file:/home/ubuntu/.sdkman/candidates/java/8.0.333.fx-librca/jre/lib/ext/nashorn.jar
[MASTER] 20:58:14.098 [logback-1] WARN  JUnitAnalyzer - Found unstable test named initializationError -> class java.lang.RuntimeException: Cannot find either the compilation target folder nor the EvoSuite jar in classpath: /tmp/EvoSuite_pathingJar1832250763675755824.jar
* Writing tests to file
* Writing JUnit test case 'ComboLeg_ESTest' to evosuite-tests
** Write a test suite: 9 called: 0 to improve: false
* Done!

* Computation finished
