* EvoSuite 1.0.0-SNAPSHOT
* Going to generate test cases for class: com.lts.event.SimpleKeyListenerHelper
* Starting Client-0
* Properties loaded from /home/roham/Results-Utestgen/dataset/SF110-new-res/78_caloriecount/evosuite-files/evosuite.properties
* Connecting to master process on port 7193
* Analyzing classpath: 
* Inheritance tree loaded from evosuite-files/inheritance.xml.gz
[MASTER] 08:36:10.211 [logback-1] WARN  InheritanceTree - Class not in inheritance graph: java.util.function.Consumer
[MASTER] 08:36:10.214 [logback-1] WARN  InheritanceTree - Class not in inheritance graph: java.util.function.Predicate
[MASTER] 08:36:10.848 [logback-1] WARN  InheritanceTree - Class not in inheritance graph: java.util.function.UnaryOperator
[MASTER] 08:36:10.986 [logback-1] WARN  InheritanceTree - Class not in inheritance graph: java.util.function.BiFunction
[MASTER] 08:36:10.989 [logback-1] WARN  InheritanceTree - Class not in inheritance graph: java.util.function.Function
[MASTER] 08:36:10.994 [logback-1] WARN  InheritanceTree - Class not in inheritance graph: java.util.function.BiConsumer
[MASTER] 08:36:14.928 [logback-1] WARN  InheritanceTree - Class not in inheritance graph: java.time.ZoneId
[MASTER] 08:36:15.056 [logback-1] WARN  InheritanceTree - Class not in inheritance graph: java.time.temporal.Temporal
[MASTER] 08:36:15.057 [logback-1] WARN  InheritanceTree - Class not in inheritance graph: java.time.temporal.TemporalAccessor
[MASTER] 08:36:15.058 [logback-1] WARN  InheritanceTree - Class not in inheritance graph: java.time.temporal.TemporalField
[MASTER] 08:36:15.059 [logback-1] WARN  InheritanceTree - Class not in inheritance graph: java.time.temporal.TemporalUnit
[MASTER] 08:36:15.060 [logback-1] WARN  InheritanceTree - Class not in inheritance graph: java.time.temporal.TemporalAmount
[MASTER] 08:36:15.061 [logback-1] WARN  InheritanceTree - Class not in inheritance graph: java.time.Clock
[MASTER] 08:36:15.062 [logback-1] WARN  InheritanceTree - Class not in inheritance graph: java.time.temporal.TemporalQuery
[MASTER] 08:36:15.063 [logback-1] WARN  InheritanceTree - Class not in inheritance graph: java.time.temporal.TemporalAdjuster
[MASTER] 08:36:15.080 [logback-1] WARN  InheritanceTree - Class not in inheritance graph: java.time.chrono.Chronology
[MASTER] 08:36:15.093 [logback-1] WARN  InheritanceTree - Class not in inheritance graph: java.time.chrono.Era
* Finished analyzing classpath
* Generating tests for class com.lts.event.SimpleKeyListenerHelper
* Test criteria:
  - Branch Coverage
  - Line Coverage
  - Method-Output Coverage
  - Top-Level Method Coverage
  - Context Branch Coverage
* Total number of test goals for DYNAMOSA: 79
* Using seed 1710318966357
* Starting evolution
[Progress:>                             0%] [Cov:>                                  0%]* Initial Number of Goals in DynaMOSA = 38 / 79
[Progress:>                             3%] [Cov:==========================>        77%][Progress:>                             3%] [Cov:============================>      81%][Progress:>                             3%] [Cov:============================>      81%][Progress:=>                            4%] [Cov:=============================>     84%][Progress:=>                            4%] [Cov:==============================>    88%][Progress:=>                            4%] [Cov:================================>  93%][Progress:=>                            4%] [Cov:================================>  94%][Progress:=>                            4%] [Cov:================================>  94%][Progress:=>                            5%] [Cov:=================================> 95%][Progress:=>                            5%] [Cov:==================================>98%][Progress:=>                            5%] [Cov:==================================>99%][Progress:=>                            5%] [Cov:==================================>99%][Progress:=>                            5%] [Cov:==================================>99%][MASTER] 08:36:28.534 [logback-1] WARN  InheritanceTree - Class not in inheritance graph: java.time.chrono.ChronoLocalDate
[MASTER] 08:36:28.581 [logback-1] WARN  TestCluster - Failed to check cache for java.lang.Comparable<T> : Type points to itself
[Progress:=>                            5%] [Cov:===================================100%]
* Search finished after 12s and 13 generations, 11015 statements, best individual has fitness: 0.0
* Generated before the refinement 13 tests with total length 74
statement is: getFileSystemView()Ljavax/swing/filechooser/FileSystemView; type is: class org.evosuite.testcase.statements.MethodStatement return type class javax.swing.filechooser.FileSystemView
statement code is: FileSystemView fileSystemView = MockFileSystemView.getFileSystemView()
statement is: org.evosuite.runtime.mock.javax.swing.MockJFileChooser(Ljava/io/File;Ljavax/swing/filechooser/FileSystemView;)V type is: class org.evosuite.testcase.statements.ConstructorStatement return type class org.evosuite.runtime.mock.javax.swing.MockJFileChooser
statement code is: MockJFileChooser mockJFileChooser = new MockJFileChooser((File) null, arg1)
statement is: com.lts.event.SimpleKeyListenerHelper(Ljava/awt/Component;)V type is: class org.evosuite.testcase.statements.ConstructorStatement return type class com.lts.event.SimpleKeyListenerHelper
statement code is: SimpleKeyListenerHelper simpleKeyListenerHelper = new SimpleKeyListenerHelper(arg0)
statement is: java.awt.event.KeyEvent(Ljava/awt/Component;IJIIC)V type is: class org.evosuite.testcase.statements.ConstructorStatement return type class java.awt.event.KeyEvent
statement code is: KeyEvent keyEvent = new KeyEvent(arg0, (-709), (-709), 127, (-463), 'b')
statement is: keyReleased(Ljava/awt/event/KeyEvent;)V type is: class org.evosuite.testcase.statements.MethodStatement return type void
statement code is: simpleKeyListenerHelper.keyReleased(arg0)
test data is: FileSystemView fileSystemView = MockFileSystemView.getFileSystemView();
MockJFileChooser mockJFileChooser = new MockJFileChooser((File) null, fileSystemView);
SimpleKeyListenerHelper simpleKeyListenerHelper = new SimpleKeyListenerHelper(mockJFileChooser);
KeyEvent keyEvent = new KeyEvent(mockJFileChooser, (-709), (-709), 127, (-463), 'b');
simpleKeyListenerHelper.keyReleased(keyEvent);

* Computation finished
