* EvoSuite 1.2.1-SNAPSHOT
* Going to generate test cases for class: com.lts.event.SimpleKeyListenerHelper
* Starting Client-0
* Properties loaded from /home/ubuntu/UTestGen/Evaluation/getting_results/dataset/SF110/78_caloriecount/evosuite-files/evosuite.properties
* Connecting to master process on port 19260
* Analyzing classpath: 
* Inheritance tree loaded from evosuite-files/inheritance.xml.gz
[MASTER] 05:25:34.764 [logback-1] WARN  InheritanceTree - Class not in inheritance graph: java.util.function.Consumer
[MASTER] 05:25:34.765 [logback-1] WARN  InheritanceTree - Class not in inheritance graph: java.util.function.Predicate
[MASTER] 05:25:35.123 [logback-1] WARN  InheritanceTree - Class not in inheritance graph: java.util.function.UnaryOperator
[MASTER] 05:25:35.176 [logback-1] WARN  InheritanceTree - Class not in inheritance graph: java.util.function.BiFunction
[MASTER] 05:25:35.177 [logback-1] WARN  InheritanceTree - Class not in inheritance graph: java.util.function.Function
[MASTER] 05:25:35.178 [logback-1] WARN  InheritanceTree - Class not in inheritance graph: java.util.function.BiConsumer
[MASTER] 05:25:36.346 [logback-1] WARN  InheritanceTree - Class not in inheritance graph: java.time.ZoneId
[MASTER] 05:25:36.386 [logback-1] WARN  InheritanceTree - Class not in inheritance graph: java.time.temporal.Temporal
[MASTER] 05:25:36.387 [logback-1] WARN  InheritanceTree - Class not in inheritance graph: java.time.temporal.TemporalAccessor
[MASTER] 05:25:36.387 [logback-1] WARN  InheritanceTree - Class not in inheritance graph: java.time.temporal.TemporalField
[MASTER] 05:25:36.387 [logback-1] WARN  InheritanceTree - Class not in inheritance graph: java.time.temporal.TemporalUnit
[MASTER] 05:25:36.387 [logback-1] WARN  InheritanceTree - Class not in inheritance graph: java.time.temporal.TemporalAmount
[MASTER] 05:25:36.387 [logback-1] WARN  InheritanceTree - Class not in inheritance graph: java.time.Clock
[MASTER] 05:25:36.388 [logback-1] WARN  InheritanceTree - Class not in inheritance graph: java.time.temporal.TemporalQuery
[MASTER] 05:25:36.388 [logback-1] WARN  InheritanceTree - Class not in inheritance graph: java.time.temporal.TemporalAdjuster
[MASTER] 05:25:36.398 [logback-1] WARN  InheritanceTree - Class not in inheritance graph: java.time.chrono.Chronology
[MASTER] 05:25:36.404 [logback-1] WARN  InheritanceTree - Class not in inheritance graph: java.time.chrono.Era
* Finished analyzing classpath
* Generating tests for class com.lts.event.SimpleKeyListenerHelper
* Test criteria:
  - Branch Coverage
  - Line Coverage
  - Method-Output Coverage
  - Top-Level Method Coverage
  - Context Branch Coverage
* Total number of test goals for DYNAMOSA: 79
* Using seed 1709270732993
* Starting evolution
[Progress:>                             0%] [Cov:>                                  0%]* Initial Number of Goals in DynaMOSA = 38 / 79
[Progress:>                             0%] [Cov:=====================>             62%][MASTER] 05:25:37.689 [logback-1] WARN  InheritanceTree - Class not in inheritance graph: java.time.chrono.ChronoLocalDate
[MASTER] 05:25:38.435 [logback-1] WARN  TestCluster - Failed to check cache for java.lang.Comparable<T> : Type points to itself
[Progress:>                             2%] [Cov:==========================>        75%][Progress:>                             2%] [Cov:=============================>     84%][Progress:>                             2%] [Cov:===============================>   89%][Progress:>                             2%] [Cov:===============================>   89%][Progress:>                             3%] [Cov:===============================>   89%][Progress:>                             3%] [Cov:===============================>   90%][Progress:>                             3%] [Cov:===============================>   90%][Progress:>                             3%] [Cov:===============================>   90%][Progress:>                             3%] [Cov:===============================>   90%][Progress:>                             3%] [Cov:===============================>   90%][Progress:=>                            4%] [Cov:================================>  93%][Progress:=>                            4%] [Cov:=================================> 97%][Progress:=>                            4%] [Cov:=================================> 97%][Progress:=>                            4%] [Cov:=================================> 97%][Progress:=>                            4%] [Cov:=================================> 97%][Progress:=>                            5%] [Cov:=================================> 97%][Progress:=>                            5%] [Cov:=================================> 97%][Progress:=>                            5%] [Cov:===================================100%]
* Search finished after 6s and 18 generations, 18546 statements, best individual has fitness: 0.0
* Generated before the refinement 13 tests with total length 58
statement is: javax.swing.JPasswordField()V type is: class org.evosuite.testcase.statements.ConstructorStatement return type class javax.swing.JPasswordField
statement code is: JPasswordField jPasswordField = new JPasswordField()
statement is: com.lts.event.SimpleKeyListenerHelper(Ljava/awt/Component;)V type is: class org.evosuite.testcase.statements.ConstructorStatement return type class com.lts.event.SimpleKeyListenerHelper
statement code is: SimpleKeyListenerHelper simpleKeyListenerHelper = new SimpleKeyListenerHelper(arg0)
statement is: java.awt.event.KeyEvent(Ljava/awt/Component;IJIICI)V type is: class org.evosuite.testcase.statements.ConstructorStatement return type class java.awt.event.KeyEvent
statement code is: KeyEvent keyEvent = new KeyEvent(arg0, (-977), (-977), (-977), 1, 'J', 1)
statement is: keyReleased(Ljava/awt/event/KeyEvent;)V type is: class org.evosuite.testcase.statements.MethodStatement return type void
statement code is: simpleKeyListenerHelper.keyReleased(arg0)
test data is: JPasswordField jPasswordField = new JPasswordField();
SimpleKeyListenerHelper simpleKeyListenerHelper = new SimpleKeyListenerHelper(jPasswordField);
KeyEvent keyEvent = new KeyEvent(jPasswordField, (-977), (-977), (-977), 1, 'J', 1);
simpleKeyListenerHelper.keyReleased(keyEvent);

** It was a parseable test case! 
Improved test data is: class DummyClass {
    public static void main() {
        JPasswordField jPasswordField = new JPasswordField();
        SimpleKeyListenerHelper simpleKeyListenerHelper = new SimpleKeyListenerHelper(jPasswordField);
        KeyEvent keyEvent = new KeyEvent(jPasswordField, -977, -977, -977, 1, 'S', 1);// S is a more descriptive and representative character for a password field.

        simpleKeyListenerHelper.keyReleased(keyEvent);
    }
}
statement is: JPasswordField jPasswordField = new JPasswordField(), class spoon.support.reflect.code.CtLocalVariableImpl
class spoon.support.reflect.code.CtConstructorCallImpl
statement is: SimpleKeyListenerHelper simpleKeyListenerHelper = new SimpleKeyListenerHelper(jPasswordField), class spoon.support.reflect.code.CtLocalVariableImpl
class spoon.support.reflect.code.CtConstructorCallImpl
statement is: KeyEvent keyEvent = new KeyEvent(jPasswordField, -977, -977, -977, 1, 'S', 1)// S is a more descriptive and representative character for a password field.
, class spoon.support.reflect.code.CtLocalVariableImpl
class spoon.support.reflect.code.CtConstructorCallImpl
statement is: simpleKeyListenerHelper.keyReleased(keyEvent), class spoon.support.reflect.code.CtInvocationImpl
invocation is: simpleKeyListenerHelper.keyReleased(keyEvent) target is: simpleKeyListenerHelper method is: keyReleased(KeyEvent)
source statement: com.lts.event.SimpleKeyListenerHelper(Ljava/awt/Component;)V callee: VariableReference: Statement 1, type com.lts.event.SimpleKeyListenerHelperindex is: 1
Matched Method is: keyReleased(Ljava/awt/event/KeyEvent;)V
TestCase is: JPasswordField jPasswordField = new JPasswordField();
SimpleKeyListenerHelper simpleKeyListenerHelper = new SimpleKeyListenerHelper(jPasswordField);
int _int = 1;
char _char = 'S';
int _int = 1;
KeyEvent keyEvent = new KeyEvent(jPasswordField, _int, _char, _int, 1, 'J', 1);
simpleKeyListenerHelper.keyReleased(keyEvent);

statement is: javax.swing.JPasswordField()V type is: class org.evosuite.testcase.statements.ConstructorStatement return type class javax.swing.JPasswordField
statement code is: JPasswordField jPasswordField = new JPasswordField()
statement is: com.lts.event.SimpleKeyListenerHelper(Ljava/awt/Component;)V type is: class org.evosuite.testcase.statements.ConstructorStatement return type class com.lts.event.SimpleKeyListenerHelper
statement code is: SimpleKeyListenerHelper simpleKeyListenerHelper = new SimpleKeyListenerHelper(arg0)
statement is: java.awt.event.KeyEvent(Ljava/awt/Component;IJIICI)V type is: class org.evosuite.testcase.statements.ConstructorStatement return type class java.awt.event.KeyEvent
statement code is: KeyEvent keyEvent = new KeyEvent(arg0, (-977), (-977), (-977), 1, 'J', 1)
statement is: keyTyped(Ljava/awt/event/KeyEvent;)V type is: class org.evosuite.testcase.statements.MethodStatement return type void
statement code is: simpleKeyListenerHelper.keyTyped(arg0)
test data is: JPasswordField jPasswordField = new JPasswordField();
SimpleKeyListenerHelper simpleKeyListenerHelper = new SimpleKeyListenerHelper(jPasswordField);
KeyEvent keyEvent = new KeyEvent(jPasswordField, (-977), (-977), (-977), 1, 'J', 1);
simpleKeyListenerHelper.keyTyped(keyEvent);

** It was a parseable test case! 
Improved test data is: class DummyClass {
    public static void main() {
        JPasswordField jPasswordField = new JPasswordField();
        SimpleKeyListenerHelper simpleKeyListenerHelper = new SimpleKeyListenerHelper(jPasswordField);
        KeyEvent keyEvent = new KeyEvent(jPasswordField, -977, -977, -977, 1, 'J', 1);
        simpleKeyListenerHelper.keyTyped(keyEvent);
    }
}
statement is: JPasswordField jPasswordField = new JPasswordField(), class spoon.support.reflect.code.CtLocalVariableImpl
class spoon.support.reflect.code.CtConstructorCallImpl
statement is: SimpleKeyListenerHelper simpleKeyListenerHelper = new SimpleKeyListenerHelper(jPasswordField), class spoon.support.reflect.code.CtLocalVariableImpl
class spoon.support.reflect.code.CtConstructorCallImpl
statement is: KeyEvent keyEvent = new KeyEvent(jPasswordField, -977, -977, -977, 1, 'J', 1), class spoon.support.reflect.code.CtLocalVariableImpl
class spoon.support.reflect.code.CtConstructorCallImpl
statement is: simpleKeyListenerHelper.keyTyped(keyEvent), class spoon.support.reflect.code.CtInvocationImpl
invocation is: simpleKeyListenerHelper.keyTyped(keyEvent) target is: simpleKeyListenerHelper method is: keyTyped(KeyEvent)
source statement: com.lts.event.SimpleKeyListenerHelper(Ljava/awt/Component;)V callee: VariableReference: Statement 1, type com.lts.event.SimpleKeyListenerHelperindex is: 1
Matched Method is: keyTyped(Ljava/awt/event/KeyEvent;)V
TestCase is: JPasswordField jPasswordField = new JPasswordField();
SimpleKeyListenerHelper simpleKeyListenerHelper = new SimpleKeyListenerHelper(jPasswordField);
int _int = 1;
char _char = 'J';
int _int = 1;
KeyEvent keyEvent = new KeyEvent(jPasswordField, _int, _char, _int, 1, 'J', 1);
simpleKeyListenerHelper.keyTyped(keyEvent);

statement is: javax.swing.tree.DefaultTreeCellRenderer()V type is: class org.evosuite.testcase.statements.ConstructorStatement return type class javax.swing.tree.DefaultTreeCellRenderer
statement code is: DefaultTreeCellRenderer defaultTreeCellRenderer = new DefaultTreeCellRenderer()
statement is: com.lts.event.SimpleKeyListenerHelper(Ljava/awt/Component;)V type is: class org.evosuite.testcase.statements.ConstructorStatement return type class com.lts.event.SimpleKeyListenerHelper
statement code is: SimpleKeyListenerHelper simpleKeyListenerHelper = new SimpleKeyListenerHelper(arg0)
statement is: detach()V type is: class org.evosuite.testcase.statements.MethodStatement return type void
statement code is: simpleKeyListenerHelper.detach()
statement is: detach()V type is: class org.evosuite.testcase.statements.MethodStatement return type void
statement code is: simpleKeyListenerHelper.detach()
test data is: DefaultTreeCellRenderer defaultTreeCellRenderer = new DefaultTreeCellRenderer();
SimpleKeyListenerHelper simpleKeyListenerHelper = new SimpleKeyListenerHelper(defaultTreeCellRenderer);
simpleKeyListenerHelper.detach();
simpleKeyListenerHelper.detach();

** It was a parseable test case! 
Improved test data is: class DummyClass {
    public static void main() {
        DefaultTreeCellRenderer defaultTreeCellRenderer = new DefaultTreeCellRenderer();
        SimpleKeyListenerHelper simpleKeyListenerHelper = new SimpleKeyListenerHelper(defaultTreeCellRenderer);
        // Improved test data:
        simpleKeyListenerHelper.detach();
        simpleKeyListenerHelper.attach();
    }
}
statement is: DefaultTreeCellRenderer defaultTreeCellRenderer = new DefaultTreeCellRenderer(), class spoon.support.reflect.code.CtLocalVariableImpl
class spoon.support.reflect.code.CtConstructorCallImpl
statement is: SimpleKeyListenerHelper simpleKeyListenerHelper = new SimpleKeyListenerHelper(defaultTreeCellRenderer), class spoon.support.reflect.code.CtLocalVariableImpl
class spoon.support.reflect.code.CtConstructorCallImpl
statement is: // Improved test data:
simpleKeyListenerHelper.detach(), class spoon.support.reflect.code.CtInvocationImpl
invocation is: // Improved test data:
simpleKeyListenerHelper.detach() target is: simpleKeyListenerHelper method is: detach()
source statement: com.lts.event.SimpleKeyListenerHelper(Ljava/awt/Component;)V callee: VariableReference: Statement 1, type com.lts.event.SimpleKeyListenerHelperindex is: 1
source statement: com.lts.event.SimpleKeyListenerHelper(Ljava/awt/Component;)V callee: VariableReference: Statement 1, type com.lts.event.SimpleKeyListenerHelperindex is: 1
Matched Method is: detach()V
statement is: simpleKeyListenerHelper.attach(), class spoon.support.reflect.code.CtInvocationImpl
invocation is: simpleKeyListenerHelper.attach() target is: simpleKeyListenerHelper method is: attach()
TestCase is: DefaultTreeCellRenderer defaultTreeCellRenderer = new DefaultTreeCellRenderer();
SimpleKeyListenerHelper simpleKeyListenerHelper = new SimpleKeyListenerHelper(defaultTreeCellRenderer);
simpleKeyListenerHelper.detach();

statement is: javax.swing.JPasswordField()V type is: class org.evosuite.testcase.statements.ConstructorStatement return type class javax.swing.JPasswordField
statement code is: JPasswordField jPasswordField = new JPasswordField()
statement is: com.lts.event.SimpleKeyListenerHelper(Ljava/awt/Component;)V type is: class org.evosuite.testcase.statements.ConstructorStatement return type class com.lts.event.SimpleKeyListenerHelper
statement code is: SimpleKeyListenerHelper simpleKeyListenerHelper = new SimpleKeyListenerHelper(arg0)
statement is: com.lts.event.SimpleKeyListenerAdapter()V type is: class org.evosuite.testcase.statements.ConstructorStatement return type class com.lts.event.SimpleKeyListenerAdapter
statement code is: SimpleKeyListenerAdapter simpleKeyListenerAdapter = new SimpleKeyListenerAdapter()
statement is: notifyListener(Ljava/lang/Object;ILjava/lang/Object;)V type is: class org.evosuite.testcase.statements.MethodStatement return type void
statement code is: simpleKeyListenerHelper.notifyListener((Object) null, 9, arg2)
test data is: JPasswordField jPasswordField = new JPasswordField();
SimpleKeyListenerHelper simpleKeyListenerHelper = new SimpleKeyListenerHelper(jPasswordField);
SimpleKeyListenerAdapter simpleKeyListenerAdapter = new SimpleKeyListenerAdapter();
simpleKeyListenerHelper.notifyListener((Object) null, 9, simpleKeyListenerAdapter);

** It was a parseable test case! 
Improved test data is: class DummyClass {
    public static void main() {
        JPasswordField jPasswordField = new JPasswordField("qwerty123");
        SimpleKeyListenerHelper simpleKeyListenerHelper = new SimpleKeyListenerHelper(jPasswordField);
        SimpleKeyListenerAdapter simpleKeyListenerAdapter = new SimpleKeyListenerAdapter();
        simpleKeyListenerHelper.notifyListener(((Object) (null)), 9, simpleKeyListenerAdapter);
    }
}
statement is: JPasswordField jPasswordField = new JPasswordField("qwerty123"), class spoon.support.reflect.code.CtLocalVariableImpl
class spoon.support.reflect.code.CtConstructorCallImpl
statement is: SimpleKeyListenerHelper simpleKeyListenerHelper = new SimpleKeyListenerHelper(jPasswordField), class spoon.support.reflect.code.CtLocalVariableImpl
class spoon.support.reflect.code.CtConstructorCallImpl
TestCase Could not be added: com.lts.event.SimpleKeyListenerHelper(Ljava/awt/Component;)V
statement is: SimpleKeyListenerAdapter simpleKeyListenerAdapter = new SimpleKeyListenerAdapter(), class spoon.support.reflect.code.CtLocalVariableImpl
class spoon.support.reflect.code.CtConstructorCallImpl
statement is: simpleKeyListenerHelper.notifyListener(((Object) (null)), 9, simpleKeyListenerAdapter), class spoon.support.reflect.code.CtInvocationImpl
invocation is: simpleKeyListenerHelper.notifyListener(((Object) (null)), 9, simpleKeyListenerAdapter) target is: simpleKeyListenerHelper method is: notifyListener(java.lang.Object,int,SimpleKeyListenerAdapter)
source statement: com.lts.event.SimpleKeyListenerAdapter()V callee: VariableReference: Statement 1, type com.lts.event.SimpleKeyListenerHelperindex is: 0
TestCase is: SimpleKeyListenerAdapter simpleKeyListenerAdapter = new SimpleKeyListenerAdapter();

statement is: javax.swing.JPasswordField()V type is: class org.evosuite.testcase.statements.ConstructorStatement return type class javax.swing.JPasswordField
statement code is: JPasswordField jPasswordField = new JPasswordField()
statement is: com.lts.event.SimpleKeyListenerHelper(Ljava/awt/Component;)V type is: class org.evosuite.testcase.statements.ConstructorStatement return type class com.lts.event.SimpleKeyListenerHelper
statement code is: SimpleKeyListenerHelper simpleKeyListenerHelper = new SimpleKeyListenerHelper(arg0)
statement is: com.lts.event.SimpleKeyListenerAdapter()V type is: class org.evosuite.testcase.statements.ConstructorStatement return type class com.lts.event.SimpleKeyListenerAdapter
statement code is: SimpleKeyListenerAdapter simpleKeyListenerAdapter = new SimpleKeyListenerAdapter()
statement is: notifyListener(Ljava/lang/Object;ILjava/lang/Object;)V type is: class org.evosuite.testcase.statements.MethodStatement return type void
statement code is: simpleKeyListenerHelper.notifyListener(arg0, 13, arg2)
test data is: JPasswordField jPasswordField = new JPasswordField();
SimpleKeyListenerHelper simpleKeyListenerHelper = new SimpleKeyListenerHelper(jPasswordField);
SimpleKeyListenerAdapter simpleKeyListenerAdapter = new SimpleKeyListenerAdapter();
simpleKeyListenerHelper.notifyListener(simpleKeyListenerAdapter, 13, jPasswordField);

** It was a parseable test case! 
Improved test data is: class DummyClass {
    public static void main() {
        JPasswordField jPasswordField = new JPasswordField("myPassword123");
        SimpleKeyListenerHelper simpleKeyListenerHelper = new SimpleKeyListenerHelper(jPasswordField);
        SimpleKeyListenerAdapter simpleKeyListenerAdapter = new SimpleKeyListenerAdapter();
        simpleKeyListenerHelper.notifyListener(simpleKeyListenerAdapter, VK_ENTER, jPasswordField);
    }
}
statement is: JPasswordField jPasswordField = new JPasswordField("myPassword123"), class spoon.support.reflect.code.CtLocalVariableImpl
class spoon.support.reflect.code.CtConstructorCallImpl
statement is: SimpleKeyListenerHelper simpleKeyListenerHelper = new SimpleKeyListenerHelper(jPasswordField), class spoon.support.reflect.code.CtLocalVariableImpl
class spoon.support.reflect.code.CtConstructorCallImpl
TestCase Could not be added: com.lts.event.SimpleKeyListenerHelper(Ljava/awt/Component;)V
statement is: SimpleKeyListenerAdapter simpleKeyListenerAdapter = new SimpleKeyListenerAdapter(), class spoon.support.reflect.code.CtLocalVariableImpl
class spoon.support.reflect.code.CtConstructorCallImpl
statement is: simpleKeyListenerHelper.notifyListener(simpleKeyListenerAdapter, VK_ENTER, jPasswordField), class spoon.support.reflect.code.CtInvocationImpl
invocation is: simpleKeyListenerHelper.notifyListener(simpleKeyListenerAdapter, VK_ENTER, jPasswordField) target is: simpleKeyListenerHelper method is: notifyListener(SimpleKeyListenerAdapter,JPasswordField)
source statement: com.lts.event.SimpleKeyListenerAdapter()V callee: VariableReference: Statement 1, type com.lts.event.SimpleKeyListenerHelperindex is: 0
TestCase is: SimpleKeyListenerAdapter simpleKeyListenerAdapter = new SimpleKeyListenerAdapter();

statement is: javax.swing.JPasswordField()V type is: class org.evosuite.testcase.statements.ConstructorStatement return type class javax.swing.JPasswordField
statement code is: JPasswordField jPasswordField = new JPasswordField()
statement is: com.lts.event.SimpleKeyListenerHelper(Ljava/awt/Component;)V type is: class org.evosuite.testcase.statements.ConstructorStatement return type class com.lts.event.SimpleKeyListenerHelper
statement code is: SimpleKeyListenerHelper simpleKeyListenerHelper = new SimpleKeyListenerHelper(arg0)
statement is: com.lts.event.SimpleKeyListenerAdapter()V type is: class org.evosuite.testcase.statements.ConstructorStatement return type class com.lts.event.SimpleKeyListenerAdapter
statement code is: SimpleKeyListenerAdapter simpleKeyListenerAdapter = new SimpleKeyListenerAdapter()
statement is: notifyListener(Ljava/lang/Object;ILjava/lang/Object;)V type is: class org.evosuite.testcase.statements.MethodStatement return type void
statement code is: simpleKeyListenerHelper.notifyListener(arg2, 10, arg2)
test data is: JPasswordField jPasswordField = new JPasswordField();
SimpleKeyListenerHelper simpleKeyListenerHelper = new SimpleKeyListenerHelper(jPasswordField);
SimpleKeyListenerAdapter simpleKeyListenerAdapter = new SimpleKeyListenerAdapter();
simpleKeyListenerHelper.notifyListener(simpleKeyListenerAdapter, 10, simpleKeyListenerAdapter);

** It was a parseable test case! 
Improved test data is: class DummyClass {
    public static void main() {
        JPasswordField jPasswordField = new JPasswordField("correct_password");
        SimpleKeyListenerHelper simpleKeyListenerHelper = new SimpleKeyListenerHelper(jPasswordField);
        SimpleKeyListenerAdapter simpleKeyListenerAdapter = new SimpleKeyListenerAdapter();
        simpleKeyListenerHelper.notifyListener(simpleKeyListenerAdapter, 10, simpleKeyListenerAdapter);
    }
}
statement is: JPasswordField jPasswordField = new JPasswordField("correct_password"), class spoon.support.reflect.code.CtLocalVariableImpl
class spoon.support.reflect.code.CtConstructorCallImpl
statement is: SimpleKeyListenerHelper simpleKeyListenerHelper = new SimpleKeyListenerHelper(jPasswordField), class spoon.support.reflect.code.CtLocalVariableImpl
class spoon.support.reflect.code.CtConstructorCallImpl
TestCase Could not be added: com.lts.event.SimpleKeyListenerHelper(Ljava/awt/Component;)V
statement is: SimpleKeyListenerAdapter simpleKeyListenerAdapter = new SimpleKeyListenerAdapter(), class spoon.support.reflect.code.CtLocalVariableImpl
class spoon.support.reflect.code.CtConstructorCallImpl
statement is: simpleKeyListenerHelper.notifyListener(simpleKeyListenerAdapter, 10, simpleKeyListenerAdapter), class spoon.support.reflect.code.CtInvocationImpl
invocation is: simpleKeyListenerHelper.notifyListener(simpleKeyListenerAdapter, 10, simpleKeyListenerAdapter) target is: simpleKeyListenerHelper method is: notifyListener(SimpleKeyListenerAdapter,int,SimpleKeyListenerAdapter)
source statement: com.lts.event.SimpleKeyListenerAdapter()V callee: VariableReference: Statement 1, type com.lts.event.SimpleKeyListenerHelperindex is: 0
TestCase is: SimpleKeyListenerAdapter simpleKeyListenerAdapter = new SimpleKeyListenerAdapter();

statement is: javax.swing.JPasswordField()V type is: class org.evosuite.testcase.statements.ConstructorStatement return type class javax.swing.JPasswordField
statement code is: JPasswordField jPasswordField = new JPasswordField()
statement is: com.lts.event.SimpleKeyListenerHelper(Ljava/awt/Component;)V type is: class org.evosuite.testcase.statements.ConstructorStatement return type class com.lts.event.SimpleKeyListenerHelper
statement code is: SimpleKeyListenerHelper simpleKeyListenerHelper = new SimpleKeyListenerHelper(arg0)
statement is: com.lts.event.SimpleKeyListenerAdapter()V type is: class org.evosuite.testcase.statements.ConstructorStatement return type class com.lts.event.SimpleKeyListenerAdapter
statement code is: SimpleKeyListenerAdapter simpleKeyListenerAdapter = new SimpleKeyListenerAdapter()
statement is: notifyListener(Ljava/lang/Object;ILjava/lang/Object;)V type is: class org.evosuite.testcase.statements.MethodStatement return type void
statement code is: simpleKeyListenerHelper.notifyListener(arg0, 127, (Object) null)
test data is: JPasswordField jPasswordField = new JPasswordField();
SimpleKeyListenerHelper simpleKeyListenerHelper = new SimpleKeyListenerHelper(jPasswordField);
SimpleKeyListenerAdapter simpleKeyListenerAdapter = new SimpleKeyListenerAdapter();
simpleKeyListenerHelper.notifyListener(simpleKeyListenerAdapter, 127, (Object) null);

** It was a parseable test case! 
Improved test data is: class DummyClass {
    public static void main() {
        JPasswordField jPasswordField = new JPasswordField();
        SimpleKeyListenerHelper simpleKeyListenerHelper = new SimpleKeyListenerHelper(jPasswordField);
        SimpleKeyListenerAdapter simpleKeyListenerAdapter = new SimpleKeyListenerAdapter();
        simpleKeyListenerHelper.notifyListener(simpleKeyListenerAdapter, 127, ((Object) (null)));
    }
}
statement is: JPasswordField jPasswordField = new JPasswordField(), class spoon.support.reflect.code.CtLocalVariableImpl
class spoon.support.reflect.code.CtConstructorCallImpl
statement is: SimpleKeyListenerHelper simpleKeyListenerHelper = new SimpleKeyListenerHelper(jPasswordField), class spoon.support.reflect.code.CtLocalVariableImpl
class spoon.support.reflect.code.CtConstructorCallImpl
statement is: SimpleKeyListenerAdapter simpleKeyListenerAdapter = new SimpleKeyListenerAdapter(), class spoon.support.reflect.code.CtLocalVariableImpl
class spoon.support.reflect.code.CtConstructorCallImpl
statement is: simpleKeyListenerHelper.notifyListener(simpleKeyListenerAdapter, 127, ((Object) (null))), class spoon.support.reflect.code.CtInvocationImpl
invocation is: simpleKeyListenerHelper.notifyListener(simpleKeyListenerAdapter, 127, ((Object) (null))) target is: simpleKeyListenerHelper method is: notifyListener(SimpleKeyListenerAdapter,int,java.lang.Object)
source statement: com.lts.event.SimpleKeyListenerHelper(Ljava/awt/Component;)V callee: VariableReference: Statement 1, type com.lts.event.SimpleKeyListenerHelperindex is: 1
Matched Method is: notifyListener(Ljava/lang/Object;ILjava/lang/Object;)V
i 2 Parameters size() 2 Num of Method Parameters: 3
TestCase is: JPasswordField jPasswordField = new JPasswordField();
SimpleKeyListenerHelper simpleKeyListenerHelper = new SimpleKeyListenerHelper(jPasswordField);
SimpleKeyListenerAdapter simpleKeyListenerAdapter = new SimpleKeyListenerAdapter();
int _int = 127;
Object object = null;
simpleKeyListenerHelper.notifyListener(simpleKeyListenerAdapter, _int, object);

statement is: javax.swing.ImageIcon(Ljava/lang/String;Ljava/lang/String;)V type is: class org.evosuite.testcase.statements.ConstructorStatement return type class javax.swing.ImageIcon
statement code is: ImageIcon imageIcon = new ImageIcon("com.lts.application.fatal.startup.runtimeException", "com.lts.application.fatal.startup.runtimeException")
statement is: javax.swing.JMenuItem(Ljavax/swing/Icon;)V type is: class org.evosuite.testcase.statements.ConstructorStatement return type class javax.swing.JMenuItem
statement code is: JMenuItem jMenuItem = new JMenuItem(arg0)
statement is: com.lts.event.SimpleKeyListenerHelper(Ljava/awt/Component;)V type is: class org.evosuite.testcase.statements.ConstructorStatement return type class com.lts.event.SimpleKeyListenerHelper
statement code is: SimpleKeyListenerHelper simpleKeyListenerHelper = new SimpleKeyListenerHelper(arg0)
statement is: com.lts.event.SimpleKeyListenerAdapter()V type is: class org.evosuite.testcase.statements.ConstructorStatement return type class com.lts.event.SimpleKeyListenerAdapter
statement code is: SimpleKeyListenerAdapter simpleKeyListenerAdapter = new SimpleKeyListenerAdapter()
statement is: notifyListener(Ljava/lang/Object;ILjava/lang/Object;)V type is: class org.evosuite.testcase.statements.MethodStatement return type void
statement code is: simpleKeyListenerHelper.notifyListener(arg2, 155, arg2)
test data is: ImageIcon imageIcon = new ImageIcon("com.lts.application.fatal.startup.runtimeException", "com.lts.application.fatal.startup.runtimeException");
JMenuItem jMenuItem = new JMenuItem(imageIcon);
SimpleKeyListenerHelper simpleKeyListenerHelper = new SimpleKeyListenerHelper(jMenuItem);
SimpleKeyListenerAdapter simpleKeyListenerAdapter = new SimpleKeyListenerAdapter();
simpleKeyListenerHelper.notifyListener(simpleKeyListenerAdapter, 155, simpleKeyListenerAdapter);

** It was a parseable test case! 
Improved test data is: class DummyClass {
    public static void main() {
        ImageIcon imageIcon = new ImageIcon("com.lts.application.fatal.startup.runtimeException", "com.lts.application.fatal.startup.runtimeException");
        JMenuItem jMenuItem = new JMenuItem(imageIcon);
        SimpleKeyListenerHelper simpleKeyListenerHelper = new SimpleKeyListenerHelper(jMenuItem);
        SimpleKeyListenerAdapter simpleKeyListenerAdapter = new SimpleKeyListenerAdapter();
        simpleKeyListenerHelper.notifyListener(simpleKeyListenerAdapter, 0x52, simpleKeyListenerAdapter);
    }
}
statement is: ImageIcon imageIcon = new ImageIcon("com.lts.application.fatal.startup.runtimeException", "com.lts.application.fatal.startup.runtimeException"), class spoon.support.reflect.code.CtLocalVariableImpl
class spoon.support.reflect.code.CtConstructorCallImpl
statement is: JMenuItem jMenuItem = new JMenuItem(imageIcon), class spoon.support.reflect.code.CtLocalVariableImpl
class spoon.support.reflect.code.CtConstructorCallImpl
statement is: SimpleKeyListenerHelper simpleKeyListenerHelper = new SimpleKeyListenerHelper(jMenuItem), class spoon.support.reflect.code.CtLocalVariableImpl
class spoon.support.reflect.code.CtConstructorCallImpl
statement is: SimpleKeyListenerAdapter simpleKeyListenerAdapter = new SimpleKeyListenerAdapter(), class spoon.support.reflect.code.CtLocalVariableImpl
class spoon.support.reflect.code.CtConstructorCallImpl
statement is: simpleKeyListenerHelper.notifyListener(simpleKeyListenerAdapter, 0x52, simpleKeyListenerAdapter), class spoon.support.reflect.code.CtInvocationImpl
invocation is: simpleKeyListenerHelper.notifyListener(simpleKeyListenerAdapter, 0x52, simpleKeyListenerAdapter) target is: simpleKeyListenerHelper method is: notifyListener(SimpleKeyListenerAdapter,int,SimpleKeyListenerAdapter)
source statement: com.lts.event.SimpleKeyListenerHelper(Ljava/awt/Component;)V callee: VariableReference: Statement 2, type com.lts.event.SimpleKeyListenerHelperindex is: 4
Matched Method is: notifyListener(Ljava/lang/Object;ILjava/lang/Object;)V
TestCase is: String string = "com.lts.application.fatal.startup.runtimeException";
String string = "com.lts.application.fatal.startup.runtimeException";
ImageIcon imageIcon = new ImageIcon(string, string);
JMenuItem jMenuItem = new JMenuItem(imageIcon);
SimpleKeyListenerHelper simpleKeyListenerHelper = new SimpleKeyListenerHelper(jMenuItem);
SimpleKeyListenerAdapter simpleKeyListenerAdapter = new SimpleKeyListenerAdapter();
int _int = 82;
((SimpleKeyListenerHelper) imageIcon).notifyListener(simpleKeyListenerAdapter, _int, simpleKeyListenerAdapter);

statement is: javax.swing.tree.DefaultTreeCellRenderer()V type is: class org.evosuite.testcase.statements.ConstructorStatement return type class javax.swing.tree.DefaultTreeCellRenderer
statement code is: DefaultTreeCellRenderer defaultTreeCellRenderer = new DefaultTreeCellRenderer()
statement is: com.lts.event.SimpleKeyListenerHelper(Ljava/awt/Component;)V type is: class org.evosuite.testcase.statements.ConstructorStatement return type class com.lts.event.SimpleKeyListenerHelper
statement code is: SimpleKeyListenerHelper simpleKeyListenerHelper = new SimpleKeyListenerHelper(arg0)
statement is: java.awt.event.KeyEvent(Ljava/awt/Component;IJIIC)V type is: class org.evosuite.testcase.statements.ConstructorStatement return type class java.awt.event.KeyEvent
statement code is: KeyEvent keyEvent = new KeyEvent(arg0, 0, 0L, 372, 9, '$')
statement is: keyPressed(Ljava/awt/event/KeyEvent;)V type is: class org.evosuite.testcase.statements.MethodStatement return type void
statement code is: simpleKeyListenerHelper.keyPressed(arg0)
test data is: DefaultTreeCellRenderer defaultTreeCellRenderer = new DefaultTreeCellRenderer();
SimpleKeyListenerHelper simpleKeyListenerHelper = new SimpleKeyListenerHelper(defaultTreeCellRenderer);
KeyEvent keyEvent = new KeyEvent(defaultTreeCellRenderer, 0, 0L, 372, 9, '$');
simpleKeyListenerHelper.keyPressed(keyEvent);

** It was a parseable test case! 
Improved test data is: class DummyClass {
    public static void main() {
        DefaultTreeCellRenderer defaultTreeCellRenderer = new DefaultTreeCellRenderer();
        SimpleKeyListenerHelper simpleKeyListenerHelper = new SimpleKeyListenerHelper(defaultTreeCellRenderer);
        KeyEvent keyEvent = new KeyEvent(defaultTreeCellRenderer, 0, 0L, 372, 9, 'a');
        simpleKeyListenerHelper.keyPressed(keyEvent);
    }
}
statement is: DefaultTreeCellRenderer defaultTreeCellRenderer = new DefaultTreeCellRenderer(), class spoon.support.reflect.code.CtLocalVariableImpl
class spoon.support.reflect.code.CtConstructorCallImpl
statement is: SimpleKeyListenerHelper simpleKeyListenerHelper = new SimpleKeyListenerHelper(defaultTreeCellRenderer), class spoon.support.reflect.code.CtLocalVariableImpl
class spoon.support.reflect.code.CtConstructorCallImpl
statement is: KeyEvent keyEvent = new KeyEvent(defaultTreeCellRenderer, 0, 0L, 372, 9, 'a'), class spoon.support.reflect.code.CtLocalVariableImpl
class spoon.support.reflect.code.CtConstructorCallImpl
statement is: simpleKeyListenerHelper.keyPressed(keyEvent), class spoon.support.reflect.code.CtInvocationImpl
invocation is: simpleKeyListenerHelper.keyPressed(keyEvent) target is: simpleKeyListenerHelper method is: keyPressed(KeyEvent)
source statement: com.lts.event.SimpleKeyListenerHelper(Ljava/awt/Component;)V callee: VariableReference: Statement 1, type com.lts.event.SimpleKeyListenerHelperindex is: 1
Matched Method is: keyPressed(Ljava/awt/event/KeyEvent;)V
TestCase is: DefaultTreeCellRenderer defaultTreeCellRenderer = new DefaultTreeCellRenderer();
SimpleKeyListenerHelper simpleKeyListenerHelper = new SimpleKeyListenerHelper(defaultTreeCellRenderer);
int _int = 0;
long _long = 0L;
int _int = 372;
int _int = 9;
char _char = 'a';
KeyEvent keyEvent = new KeyEvent(defaultTreeCellRenderer, _int, _long, _int, _int, _char);
simpleKeyListenerHelper.keyPressed(keyEvent);

statement is: javax.swing.JPasswordField()V type is: class org.evosuite.testcase.statements.ConstructorStatement return type class javax.swing.JPasswordField
statement code is: JPasswordField jPasswordField = new JPasswordField()
statement is: com.lts.event.SimpleKeyListenerHelper(Ljava/awt/Component;)V type is: class org.evosuite.testcase.statements.ConstructorStatement return type class com.lts.event.SimpleKeyListenerHelper
statement code is: SimpleKeyListenerHelper simpleKeyListenerHelper = new SimpleKeyListenerHelper(arg0)
statement is: java.awt.event.KeyEvent(Ljava/awt/Component;IJIICI)V type is: class org.evosuite.testcase.statements.ConstructorStatement return type class java.awt.event.KeyEvent
statement code is: KeyEvent keyEvent = new KeyEvent(arg0, (-977), (-977), (-977), 1, 'J', 1)
statement is: keyPressed(Ljava/awt/event/KeyEvent;)V type is: class org.evosuite.testcase.statements.MethodStatement return type void
statement code is: simpleKeyListenerHelper.keyPressed(arg0)
test data is: JPasswordField jPasswordField = new JPasswordField();
SimpleKeyListenerHelper simpleKeyListenerHelper = new SimpleKeyListenerHelper(jPasswordField);
KeyEvent keyEvent = new KeyEvent(jPasswordField, (-977), (-977), (-977), 1, 'J', 1);
simpleKeyListenerHelper.keyPressed(keyEvent);

** It was a parseable test case! 
Improved test data is: class DummyClass {
    public static void main() {
        JPasswordField jPasswordField = new JPasswordField();
        SimpleKeyListenerHelper simpleKeyListenerHelper = new SimpleKeyListenerHelper(jPasswordField);
        KeyEvent keyEvent1 = new KeyEvent(jPasswordField, KeyEvent.VK_J, 0, 0, 1, 'J', 1);
        simpleKeyListenerHelper.keyPressed(keyEvent1);
        KeyEvent keyEvent2 = new KeyEvent(jPasswordField, KeyEvent.VK_A, 0, 0, 1, 'A', 1);
        simpleKeyListenerHelper.keyPressed(keyEvent2);
        KeyEvent keyEvent3 = new KeyEvent(jPasswordField, KeyEvent.VK_SPACE, 0, 0, 1, ' ', 1);
        simpleKeyListenerHelper.keyPressed(keyEvent3);
    }
}
statement is: JPasswordField jPasswordField = new JPasswordField(), class spoon.support.reflect.code.CtLocalVariableImpl
class spoon.support.reflect.code.CtConstructorCallImpl
statement is: SimpleKeyListenerHelper simpleKeyListenerHelper = new SimpleKeyListenerHelper(jPasswordField), class spoon.support.reflect.code.CtLocalVariableImpl
class spoon.support.reflect.code.CtConstructorCallImpl
statement is: KeyEvent keyEvent1 = new KeyEvent(jPasswordField, KeyEvent.VK_J, 0, 0, 1, 'J', 1), class spoon.support.reflect.code.CtLocalVariableImpl
class spoon.support.reflect.code.CtConstructorCallImpl
statement is: simpleKeyListenerHelper.keyPressed(keyEvent1), class spoon.support.reflect.code.CtInvocationImpl
invocation is: simpleKeyListenerHelper.keyPressed(keyEvent1) target is: simpleKeyListenerHelper method is: keyPressed(KeyEvent)
source statement: com.lts.event.SimpleKeyListenerHelper(Ljava/awt/Component;)V callee: VariableReference: Statement 1, type com.lts.event.SimpleKeyListenerHelperindex is: 1
Matched Method is: keyPressed(Ljava/awt/event/KeyEvent;)V
statement is: KeyEvent keyEvent2 = new KeyEvent(jPasswordField, KeyEvent.VK_A, 0, 0, 1, 'A', 1), class spoon.support.reflect.code.CtLocalVariableImpl
class spoon.support.reflect.code.CtConstructorCallImpl
statement is: simpleKeyListenerHelper.keyPressed(keyEvent2), class spoon.support.reflect.code.CtInvocationImpl
invocation is: simpleKeyListenerHelper.keyPressed(keyEvent2) target is: simpleKeyListenerHelper method is: keyPressed(KeyEvent)
source statement: com.lts.event.SimpleKeyListenerHelper(Ljava/awt/Component;)V callee: VariableReference: Statement 1, type com.lts.event.SimpleKeyListenerHelperindex is: 1
Matched Method is: keyPressed(Ljava/awt/event/KeyEvent;)V
statement is: KeyEvent keyEvent3 = new KeyEvent(jPasswordField, KeyEvent.VK_SPACE, 0, 0, 1, ' ', 1), class spoon.support.reflect.code.CtLocalVariableImpl
class spoon.support.reflect.code.CtConstructorCallImpl
statement is: simpleKeyListenerHelper.keyPressed(keyEvent3), class spoon.support.reflect.code.CtInvocationImpl
invocation is: simpleKeyListenerHelper.keyPressed(keyEvent3) target is: simpleKeyListenerHelper method is: keyPressed(KeyEvent)
source statement: com.lts.event.SimpleKeyListenerHelper(Ljava/awt/Component;)V callee: VariableReference: Statement 1, type com.lts.event.SimpleKeyListenerHelperindex is: 1
Matched Method is: keyPressed(Ljava/awt/event/KeyEvent;)V
TestCase is: JPasswordField jPasswordField = new JPasswordField();
SimpleKeyListenerHelper simpleKeyListenerHelper = new SimpleKeyListenerHelper(jPasswordField);
int _int = 0;
int _int = 0;
int _int = 1;
char _char = 'J';
int _int = 1;
KeyEvent keyEvent = new KeyEvent(jPasswordField, _int, _int, _int, _char, (char) _int, 1);
simpleKeyListenerHelper.keyPressed(keyEvent);
int _int = 0;
int _int = 0;
int _int = 1;
char _char = 'A';
int _int = 1;
KeyEvent keyEvent = new KeyEvent(jPasswordField, _int, _int, _int, _char, (char) _int, 1);
simpleKeyListenerHelper.keyPressed(keyEvent);
int _int = 0;
int _int = 0;
int _int = 1;
char _char = ' ';
int _int = 1;
KeyEvent keyEvent = new KeyEvent(jPasswordField, _int, _int, _int, _char, (char) _int, 1);
simpleKeyListenerHelper.keyPressed(keyEvent);

statement is: javax.swing.tree.DefaultTreeCellRenderer()V type is: class org.evosuite.testcase.statements.ConstructorStatement return type class javax.swing.tree.DefaultTreeCellRenderer
statement code is: DefaultTreeCellRenderer defaultTreeCellRenderer = new DefaultTreeCellRenderer()
statement is: com.lts.event.SimpleKeyListenerHelper(Ljava/awt/Component;)V type is: class org.evosuite.testcase.statements.ConstructorStatement return type class com.lts.event.SimpleKeyListenerHelper
statement code is: SimpleKeyListenerHelper simpleKeyListenerHelper = new SimpleKeyListenerHelper(arg0)
statement is: java.awt.event.KeyEvent(Ljava/awt/Component;IJIIC)V type is: class org.evosuite.testcase.statements.ConstructorStatement return type class java.awt.event.KeyEvent
statement code is: KeyEvent keyEvent = new KeyEvent(arg0, 10, 0L, 10, 10, 'W')
statement is: keyPressed(Ljava/awt/event/KeyEvent;)V type is: class org.evosuite.testcase.statements.MethodStatement return type void
statement code is: simpleKeyListenerHelper.keyPressed(arg0)
test data is: DefaultTreeCellRenderer defaultTreeCellRenderer = new DefaultTreeCellRenderer();
SimpleKeyListenerHelper simpleKeyListenerHelper = new SimpleKeyListenerHelper(defaultTreeCellRenderer);
KeyEvent keyEvent = new KeyEvent(defaultTreeCellRenderer, 10, 0L, 10, 10, 'W');
simpleKeyListenerHelper.keyPressed(keyEvent);

** It was a parseable test case! 
Improved test data is: class DummyClass {
    public static void main() {
        DefaultTreeCellRenderer defaultTreeCellRenderer = new DefaultTreeCellRenderer();
        SimpleKeyListenerHelper simpleKeyListenerHelper = new SimpleKeyListenerHelper(defaultTreeCellRenderer);
        KeyEvent keyEvent = new KeyEvent(defaultTreeCellRenderer, 10, 0L, 10, 10, 'W');
        simpleKeyListenerHelper.keyPressed(keyEvent);
    }
}
statement is: DefaultTreeCellRenderer defaultTreeCellRenderer = new DefaultTreeCellRenderer(), class spoon.support.reflect.code.CtLocalVariableImpl
class spoon.support.reflect.code.CtConstructorCallImpl
statement is: SimpleKeyListenerHelper simpleKeyListenerHelper = new SimpleKeyListenerHelper(defaultTreeCellRenderer), class spoon.support.reflect.code.CtLocalVariableImpl
class spoon.support.reflect.code.CtConstructorCallImpl
statement is: KeyEvent keyEvent = new KeyEvent(defaultTreeCellRenderer, 10, 0L, 10, 10, 'W'), class spoon.support.reflect.code.CtLocalVariableImpl
class spoon.support.reflect.code.CtConstructorCallImpl
statement is: simpleKeyListenerHelper.keyPressed(keyEvent), class spoon.support.reflect.code.CtInvocationImpl
invocation is: simpleKeyListenerHelper.keyPressed(keyEvent) target is: simpleKeyListenerHelper method is: keyPressed(KeyEvent)
source statement: com.lts.event.SimpleKeyListenerHelper(Ljava/awt/Component;)V callee: VariableReference: Statement 1, type com.lts.event.SimpleKeyListenerHelperindex is: 1
Matched Method is: keyPressed(Ljava/awt/event/KeyEvent;)V
TestCase is: DefaultTreeCellRenderer defaultTreeCellRenderer = new DefaultTreeCellRenderer();
SimpleKeyListenerHelper simpleKeyListenerHelper = new SimpleKeyListenerHelper(defaultTreeCellRenderer);
int _int = 10;
long _long = 0L;
int _int = 10;
int _int = 10;
char _char = 'W';
KeyEvent keyEvent = new KeyEvent(defaultTreeCellRenderer, _int, _long, _int, _int, _char);
simpleKeyListenerHelper.keyPressed(keyEvent);

statement is: javax.swing.ImageIcon(Ljava/lang/String;Ljava/lang/String;)V type is: class org.evosuite.testcase.statements.ConstructorStatement return type class javax.swing.ImageIcon
statement code is: ImageIcon imageIcon = new ImageIcon("`MXXi]h3`", "`MXXi]h3`")
statement is: javax.swing.JRadioButtonMenuItem(Ljavax/swing/Icon;)V type is: class org.evosuite.testcase.statements.ConstructorStatement return type class javax.swing.JRadioButtonMenuItem
statement code is: JRadioButtonMenuItem jRadioButtonMenuItem = new JRadioButtonMenuItem(arg0)
statement is: com.lts.event.SimpleKeyListenerHelper(Ljava/awt/Component;)V type is: class org.evosuite.testcase.statements.ConstructorStatement return type class com.lts.event.SimpleKeyListenerHelper
statement code is: SimpleKeyListenerHelper simpleKeyListenerHelper = new SimpleKeyListenerHelper(arg0)
statement is: org.evosuite.testcase.statements.ArrayStatement@f9dd6dec type is: class org.evosuite.testcase.statements.ArrayStatement return type class [Ljavax.swing.MenuElement;
statement code is: MenuElement[] menuElementArray = new MenuElement[5]
statement is: defaultManager()Ljavax/swing/MenuSelectionManager; type is: class org.evosuite.testcase.statements.MethodStatement return type class javax.swing.MenuSelectionManager
statement code is: MenuSelectionManager defaultManager = MenuSelectionManager.defaultManager()
statement is: javax.swing.event.MenuKeyEvent(Ljava/awt/Component;IJIIC[Ljavax/swing/MenuElement;Ljavax/swing/MenuSelectionManager;)V type is: class org.evosuite.testcase.statements.ConstructorStatement return type class javax.swing.event.MenuKeyEvent
statement code is: MenuKeyEvent menuKeyEvent = new MenuKeyEvent(arg0, 585, 0L, 13, 127, 'b', arg6, arg7)
statement is: keyPressed(Ljava/awt/event/KeyEvent;)V type is: class org.evosuite.testcase.statements.MethodStatement return type void
statement code is: simpleKeyListenerHelper.keyPressed(arg0)
test data is: ImageIcon imageIcon = new ImageIcon("`MXXi]h3`", "`MXXi]h3`");
JRadioButtonMenuItem jRadioButtonMenuItem = new JRadioButtonMenuItem(imageIcon);
SimpleKeyListenerHelper simpleKeyListenerHelper = new SimpleKeyListenerHelper(jRadioButtonMenuItem);
MenuElement[] menuElementArray = new MenuElement[5];
MenuSelectionManager defaultManager = MenuSelectionManager.defaultManager();
MenuKeyEvent menuKeyEvent = new MenuKeyEvent(jRadioButtonMenuItem, 585, 0L, 13, 127, 'b', menuElementArray, defaultManager);
simpleKeyListenerHelper.keyPressed(menuKeyEvent);

** It was a parseable test case! 
Improved test data is: class DummyClass {
    public static void main() {
        ImageIcon imageIcon = new ImageIcon("C:\\path\\to\\image.jpg", "My Image");
        JRadioButtonMenuItem jRadioButtonMenuItem = new JRadioButtonMenuItem(imageIcon);
        SimpleKeyListenerHelper simpleKeyListenerHelper = new SimpleKeyListenerHelper(jRadioButtonMenuItem);
        MenuElement[] menuElementArray = new MenuElement[5];
        MenuSelectionManager defaultManager = MenuSelectionManager.defaultManager();
        MenuKeyEvent menuKeyEvent = new MenuKeyEvent(jRadioButtonMenuItem, 585, 0L, 13, 127, 'b', menuElementArray, defaultManager);
        simpleKeyListenerHelper.keyPressed(menuKeyEvent);
    }
}
statement is: ImageIcon imageIcon = new ImageIcon("C:\\path\\to\\image.jpg", "My Image"), class spoon.support.reflect.code.CtLocalVariableImpl
class spoon.support.reflect.code.CtConstructorCallImpl
statement is: JRadioButtonMenuItem jRadioButtonMenuItem = new JRadioButtonMenuItem(imageIcon), class spoon.support.reflect.code.CtLocalVariableImpl
class spoon.support.reflect.code.CtConstructorCallImpl
statement is: SimpleKeyListenerHelper simpleKeyListenerHelper = new SimpleKeyListenerHelper(jRadioButtonMenuItem), class spoon.support.reflect.code.CtLocalVariableImpl
class spoon.support.reflect.code.CtConstructorCallImpl
statement is: MenuElement[] menuElementArray = new MenuElement[5], class spoon.support.reflect.code.CtLocalVariableImpl
class spoon.support.reflect.code.CtNewArrayImpl
Dimension: [5] Ct is: MenuElement[] menuElementArray = new MenuElement[5] isAssignment: false Array: new MenuElement[5] Elements: []
lengths: [5] [5]
Their type are: class [Ljavax.swing.MenuElement; MenuElement[]
statement is: MenuSelectionManager defaultManager = MenuSelectionManager.defaultManager(), class spoon.support.reflect.code.CtLocalVariableImpl
class spoon.support.reflect.code.CtInvocationImpl
invocation is: MenuSelectionManager.defaultManager() target is: MenuSelectionManager method is: defaultManager()
Matched Method is: defaultManager()Ljavax/swing/MenuSelectionManager;
statement is: MenuKeyEvent menuKeyEvent = new MenuKeyEvent(jRadioButtonMenuItem, 585, 0L, 13, 127, 'b', menuElementArray, defaultManager), class spoon.support.reflect.code.CtLocalVariableImpl
class spoon.support.reflect.code.CtConstructorCallImpl
statement is: simpleKeyListenerHelper.keyPressed(menuKeyEvent), class spoon.support.reflect.code.CtInvocationImpl
invocation is: simpleKeyListenerHelper.keyPressed(menuKeyEvent) target is: simpleKeyListenerHelper method is: keyPressed(MenuKeyEvent)
source statement: com.lts.event.SimpleKeyListenerHelper(Ljava/awt/Component;)V callee: VariableReference: Statement 2, type com.lts.event.SimpleKeyListenerHelperindex is: 4
Matched Method is: keyPressed(Ljava/awt/event/KeyEvent;)V
TestCase is: String string = "C:\\path\\to\\image.jpg";
String string = "My Image";
ImageIcon imageIcon = new ImageIcon(string, string);
JRadioButtonMenuItem jRadioButtonMenuItem = new JRadioButtonMenuItem(imageIcon);
SimpleKeyListenerHelper simpleKeyListenerHelper = new SimpleKeyListenerHelper(jRadioButtonMenuItem);
MenuElement[] menuElementArray = new MenuElement[5];
MenuSelectionManager defaultManager = MenuSelectionManager.defaultManager();
int _int = 585;
long _long = 0L;
int _int = 13;
int _int = 127;
char _char = 'b';
MenuKeyEvent menuKeyEvent = new MenuKeyEvent(jRadioButtonMenuItem, _int, _long, _int, _int, _char, menuElementArray, defaultManager);
((SimpleKeyListenerHelper) imageIcon).keyPressed(menuKeyEvent);

statement is: javax.swing.ImageIcon(Ljava/lang/String;Ljava/lang/String;)V type is: class org.evosuite.testcase.statements.ConstructorStatement return type class javax.swing.ImageIcon
statement code is: ImageIcon imageIcon = new ImageIcon("com.lts.application.fatal.startup.runtimeException", "com.lts.application.fatal.startup.runtimeException")
statement is: javax.swing.JMenuItem(Ljavax/swing/Icon;)V type is: class org.evosuite.testcase.statements.ConstructorStatement return type class javax.swing.JMenuItem
statement code is: JMenuItem jMenuItem = new JMenuItem(arg0)
statement is: com.lts.event.SimpleKeyListenerHelper(Ljava/awt/Component;)V type is: class org.evosuite.testcase.statements.ConstructorStatement return type class com.lts.event.SimpleKeyListenerHelper
statement code is: SimpleKeyListenerHelper simpleKeyListenerHelper = new SimpleKeyListenerHelper(arg0)
statement is: javax.swing.JCheckBox(Ljavax/swing/Icon;Z)V type is: class org.evosuite.testcase.statements.ConstructorStatement return type class javax.swing.JCheckBox
statement code is: JCheckBox jCheckBox = new JCheckBox(arg0, false)
statement is: java.awt.event.KeyEvent(Ljava/awt/Component;IJIIC)V type is: class org.evosuite.testcase.statements.ConstructorStatement return type class java.awt.event.KeyEvent
statement code is: KeyEvent keyEvent = new KeyEvent(arg0, 155, 0L, 131, 155, '^')
statement is: keyPressed(Ljava/awt/event/KeyEvent;)V type is: class org.evosuite.testcase.statements.MethodStatement return type void
statement code is: simpleKeyListenerHelper.keyPressed(arg0)
test data is: ImageIcon imageIcon = new ImageIcon("com.lts.application.fatal.startup.runtimeException", "com.lts.application.fatal.startup.runtimeException");
JMenuItem jMenuItem = new JMenuItem(imageIcon);
SimpleKeyListenerHelper simpleKeyListenerHelper = new SimpleKeyListenerHelper(jMenuItem);
JCheckBox jCheckBox = new JCheckBox(imageIcon, false);
KeyEvent keyEvent = new KeyEvent(jCheckBox, 155, 0L, 131, 155, '^');
simpleKeyListenerHelper.keyPressed(keyEvent);

** It was a parseable test case! 
Improved test data is: class DummyClass {
    public static void main() {
        ImageIcon imageIcon = new ImageIcon("com.lts.application.fatal.startup.runtimeException", "Error starting application");
        JMenuItem jMenuItem = new JMenuItem(imageIcon);
        SimpleKeyListenerHelper simpleKeyListenerHelper = new SimpleKeyListenerHelper(jMenuItem);
        JCheckBox jCheckBox = new JCheckBox(imageIcon, false);
        KeyEvent keyEvent = new KeyEvent(jCheckBox, 155, 0L, 131, 155, '^');
        simpleKeyListenerHelper.keyPressed(keyEvent);
    }
}
statement is: ImageIcon imageIcon = new ImageIcon("com.lts.application.fatal.startup.runtimeException", "Error starting application"), class spoon.support.reflect.code.CtLocalVariableImpl
class spoon.support.reflect.code.CtConstructorCallImpl
statement is: JMenuItem jMenuItem = new JMenuItem(imageIcon), class spoon.support.reflect.code.CtLocalVariableImpl
class spoon.support.reflect.code.CtConstructorCallImpl
statement is: SimpleKeyListenerHelper simpleKeyListenerHelper = new SimpleKeyListenerHelper(jMenuItem), class spoon.support.reflect.code.CtLocalVariableImpl
class spoon.support.reflect.code.CtConstructorCallImpl
statement is: JCheckBox jCheckBox = new JCheckBox(imageIcon, false), class spoon.support.reflect.code.CtLocalVariableImpl
class spoon.support.reflect.code.CtConstructorCallImpl
statement is: KeyEvent keyEvent = new KeyEvent(jCheckBox, 155, 0L, 131, 155, '^'), class spoon.support.reflect.code.CtLocalVariableImpl
class spoon.support.reflect.code.CtConstructorCallImpl
statement is: simpleKeyListenerHelper.keyPressed(keyEvent), class spoon.support.reflect.code.CtInvocationImpl
invocation is: simpleKeyListenerHelper.keyPressed(keyEvent) target is: simpleKeyListenerHelper method is: keyPressed(KeyEvent)
source statement: com.lts.event.SimpleKeyListenerHelper(Ljava/awt/Component;)V callee: VariableReference: Statement 2, type com.lts.event.SimpleKeyListenerHelperindex is: 4
Matched Method is: keyPressed(Ljava/awt/event/KeyEvent;)V
TestCase is: String string = "com.lts.application.fatal.startup.runtimeException";
String string = "Error starting application";
ImageIcon imageIcon = new ImageIcon(string, string);
JMenuItem jMenuItem = new JMenuItem(imageIcon);
SimpleKeyListenerHelper simpleKeyListenerHelper = new SimpleKeyListenerHelper(jMenuItem);
boolean _boolean = false;
JCheckBox jCheckBox = new JCheckBox(imageIcon, _boolean);
int _int = 155;
long _long = 0L;
int _int = 131;
int _int = 155;
char _char = '^';
KeyEvent keyEvent = new KeyEvent(jCheckBox, _int, _long, _int, _int, _char);
((SimpleKeyListenerHelper) imageIcon).keyPressed(keyEvent);

* test suite isTestSuite: 26
Test 0: 
JPasswordField jPasswordField = new JPasswordField();
SimpleKeyListenerHelper simpleKeyListenerHelper = new SimpleKeyListenerHelper(jPasswordField);
KeyEvent keyEvent = new KeyEvent(jPasswordField, (-977), (-977), (-977), 1, 'J', 1);
simpleKeyListenerHelper.keyReleased(keyEvent);

Test 1: 
JPasswordField jPasswordField = new JPasswordField();
SimpleKeyListenerHelper simpleKeyListenerHelper = new SimpleKeyListenerHelper(jPasswordField);
KeyEvent keyEvent = new KeyEvent(jPasswordField, (-977), (-977), (-977), 1, 'J', 1);
simpleKeyListenerHelper.keyTyped(keyEvent);
Test 2: 
DefaultTreeCellRenderer defaultTreeCellRenderer = new DefaultTreeCellRenderer();
SimpleKeyListenerHelper simpleKeyListenerHelper = new SimpleKeyListenerHelper(defaultTreeCellRenderer);
simpleKeyListenerHelper.detach();
simpleKeyListenerHelper.detach();
Test 3: 
JPasswordField jPasswordField = new JPasswordField();
SimpleKeyListenerHelper simpleKeyListenerHelper = new SimpleKeyListenerHelper(jPasswordField);
SimpleKeyListenerAdapter simpleKeyListenerAdapter = new SimpleKeyListenerAdapter();
// Undeclared exception!
try { 
  simpleKeyListenerHelper.notifyListener((Object) null, 9, simpleKeyListenerAdapter);
  fail("Expecting exception: NullPointerException");

} catch(NullPointerException e) {
   //
   // no message in exception (getMessage() returned null)
   //
   verifyException("com.lts.event.SimpleKeyListenerHelper", e);
}

Test 4: 
JPasswordField jPasswordField = new JPasswordField();
SimpleKeyListenerHelper simpleKeyListenerHelper = new SimpleKeyListenerHelper(jPasswordField);
SimpleKeyListenerAdapter simpleKeyListenerAdapter = new SimpleKeyListenerAdapter();
simpleKeyListenerHelper.notifyListener(simpleKeyListenerAdapter, 13, jPasswordField);
Test 5: 
JPasswordField jPasswordField = new JPasswordField();
SimpleKeyListenerHelper simpleKeyListenerHelper = new SimpleKeyListenerHelper(jPasswordField);
SimpleKeyListenerAdapter simpleKeyListenerAdapter = new SimpleKeyListenerAdapter();
simpleKeyListenerHelper.notifyListener(simpleKeyListenerAdapter, 10, simpleKeyListenerAdapter);
Test 6: 
JPasswordField jPasswordField = new JPasswordField();
SimpleKeyListenerHelper simpleKeyListenerHelper = new SimpleKeyListenerHelper(jPasswordField);
SimpleKeyListenerAdapter simpleKeyListenerAdapter = new SimpleKeyListenerAdapter();
simpleKeyListenerHelper.notifyListener(simpleKeyListenerAdapter, 127, (Object) null);
Test 7: 
ImageIcon imageIcon = new ImageIcon("com.lts.application.fatal.startup.runtimeException", "com.lts.application.fatal.startup.runtimeException");
JMenuItem jMenuItem = new JMenuItem(imageIcon);
SimpleKeyListenerHelper simpleKeyListenerHelper = new SimpleKeyListenerHelper(jMenuItem);
SimpleKeyListenerAdapter simpleKeyListenerAdapter = new SimpleKeyListenerAdapter();
simpleKeyListenerHelper.notifyListener(simpleKeyListenerAdapter, 155, simpleKeyListenerAdapter);
Test 8: 
DefaultTreeCellRenderer defaultTreeCellRenderer = new DefaultTreeCellRenderer();
SimpleKeyListenerHelper simpleKeyListenerHelper = new SimpleKeyListenerHelper(defaultTreeCellRenderer);
KeyEvent keyEvent = new KeyEvent(defaultTreeCellRenderer, 0, 0L, 372, 9, '$');
simpleKeyListenerHelper.keyPressed(keyEvent);
Test 9: 
JPasswordField jPasswordField = new JPasswordField();
SimpleKeyListenerHelper simpleKeyListenerHelper = new SimpleKeyListenerHelper(jPasswordField);
KeyEvent keyEvent = new KeyEvent(jPasswordField, (-977), (-977), (-977), 1, 'J', 1);
simpleKeyListenerHelper.keyPressed(keyEvent);
Test 10: 
DefaultTreeCellRenderer defaultTreeCellRenderer = new DefaultTreeCellRenderer();
SimpleKeyListenerHelper simpleKeyListenerHelper = new SimpleKeyListenerHelper(defaultTreeCellRenderer);
KeyEvent keyEvent = new KeyEvent(defaultTreeCellRenderer, 10, 0L, 10, 10, 'W');
simpleKeyListenerHelper.keyPressed(keyEvent);
Test 11: 
ImageIcon imageIcon = new ImageIcon("`MXXi]h3`", "`MXXi]h3`");
JRadioButtonMenuItem jRadioButtonMenuItem = new JRadioButtonMenuItem(imageIcon);
SimpleKeyListenerHelper simpleKeyListenerHelper = new SimpleKeyListenerHelper(jRadioButtonMenuItem);
MenuElement[] menuElementArray = new MenuElement[5];
MenuSelectionManager defaultManager = MenuSelectionManager.defaultManager();
MenuKeyEvent menuKeyEvent = new MenuKeyEvent(jRadioButtonMenuItem, 585, 0L, 13, 127, 'b', menuElementArray, defaultManager);
simpleKeyListenerHelper.keyPressed(menuKeyEvent);
Test 12: 
ImageIcon imageIcon = new ImageIcon("com.lts.application.fatal.startup.runtimeException", "com.lts.application.fatal.startup.runtimeException");
JMenuItem jMenuItem = new JMenuItem(imageIcon);
SimpleKeyListenerHelper simpleKeyListenerHelper = new SimpleKeyListenerHelper(jMenuItem);
JCheckBox jCheckBox = new JCheckBox(imageIcon, false);
KeyEvent keyEvent = new KeyEvent(jCheckBox, 155, 0L, 131, 155, '^');
simpleKeyListenerHelper.keyPressed(keyEvent);
Test 13: 
JPasswordField jPasswordField = new JPasswordField();
SimpleKeyListenerHelper simpleKeyListenerHelper = new SimpleKeyListenerHelper(jPasswordField);
KeyEvent keyEvent = new KeyEvent(jPasswordField, 1, 'S', 1, 1, 'J', 1);
simpleKeyListenerHelper.keyReleased(keyEvent);

Test 14: 
JPasswordField jPasswordField = new JPasswordField();
SimpleKeyListenerHelper simpleKeyListenerHelper = new SimpleKeyListenerHelper(jPasswordField);
KeyEvent keyEvent = new KeyEvent(jPasswordField, 1, 'J', 1, 1, 'J', 1);
simpleKeyListenerHelper.keyTyped(keyEvent);

Test 15: 
DefaultTreeCellRenderer defaultTreeCellRenderer = new DefaultTreeCellRenderer();
SimpleKeyListenerHelper simpleKeyListenerHelper = new SimpleKeyListenerHelper(defaultTreeCellRenderer);
simpleKeyListenerHelper.detach();

Test 16: 
SimpleKeyListenerAdapter simpleKeyListenerAdapter = new SimpleKeyListenerAdapter();

Test 17: 
SimpleKeyListenerAdapter simpleKeyListenerAdapter = new SimpleKeyListenerAdapter();

Test 18: 
SimpleKeyListenerAdapter simpleKeyListenerAdapter = new SimpleKeyListenerAdapter();

Test 19: 
JPasswordField jPasswordField = new JPasswordField();
SimpleKeyListenerHelper simpleKeyListenerHelper = new SimpleKeyListenerHelper(jPasswordField);
SimpleKeyListenerAdapter simpleKeyListenerAdapter = new SimpleKeyListenerAdapter();
simpleKeyListenerHelper.notifyListener(simpleKeyListenerAdapter, 127, (Object) null);

Test 20: 
ImageIcon imageIcon = new ImageIcon("com.lts.application.fatal.startup.runtimeException", "com.lts.application.fatal.startup.runtimeException");
JMenuItem jMenuItem = new JMenuItem(imageIcon);
SimpleKeyListenerHelper simpleKeyListenerHelper = new SimpleKeyListenerHelper(jMenuItem);
SimpleKeyListenerAdapter simpleKeyListenerAdapter = new SimpleKeyListenerAdapter();
((SimpleKeyListenerHelper) imageIcon).notifyListener(simpleKeyListenerAdapter, 82, simpleKeyListenerAdapter);

Test 21: 
DefaultTreeCellRenderer defaultTreeCellRenderer = new DefaultTreeCellRenderer();
SimpleKeyListenerHelper simpleKeyListenerHelper = new SimpleKeyListenerHelper(defaultTreeCellRenderer);
KeyEvent keyEvent = new KeyEvent(defaultTreeCellRenderer, 0, 0L, 372, 9, 'a');
simpleKeyListenerHelper.keyPressed(keyEvent);

Test 22: 
JPasswordField jPasswordField = new JPasswordField();
SimpleKeyListenerHelper simpleKeyListenerHelper = new SimpleKeyListenerHelper(jPasswordField);
KeyEvent keyEvent = new KeyEvent(jPasswordField, 0, 0, 1, 'J', (char) 1, 1);
simpleKeyListenerHelper.keyPressed(keyEvent);
int _int = 0;
int _int = 0;
int _int = 1;
char _char = 'A';
int _int = 1;
KeyEvent keyEvent = new KeyEvent(jPasswordField, _int, _int, _int, _char, (char) _int, 1);
simpleKeyListenerHelper.keyPressed(keyEvent);
int _int = 0;
int _int = 0;
int _int = 1;
char _char = ' ';
int _int = 1;
KeyEvent keyEvent = new KeyEvent(jPasswordField, _int, _int, _int, _char, (char) _int, 1);
simpleKeyListenerHelper.keyPressed(keyEvent);

Test 23: 
DefaultTreeCellRenderer defaultTreeCellRenderer = new DefaultTreeCellRenderer();
SimpleKeyListenerHelper simpleKeyListenerHelper = new SimpleKeyListenerHelper(defaultTreeCellRenderer);
KeyEvent keyEvent = new KeyEvent(defaultTreeCellRenderer, 10, 0L, 10, 10, 'W');
simpleKeyListenerHelper.keyPressed(keyEvent);

Test 24: 
ImageIcon imageIcon = new ImageIcon("C:path\toimage.jpg", "My Image");
JRadioButtonMenuItem jRadioButtonMenuItem = new JRadioButtonMenuItem(imageIcon);
SimpleKeyListenerHelper simpleKeyListenerHelper = new SimpleKeyListenerHelper(jRadioButtonMenuItem);
MenuElement[] menuElementArray = new MenuElement[5];
MenuSelectionManager defaultManager = MenuSelectionManager.defaultManager();
MenuKeyEvent menuKeyEvent = new MenuKeyEvent(jRadioButtonMenuItem, 585, 0L, 13, 127, 'b', menuElementArray, defaultManager);
((SimpleKeyListenerHelper) imageIcon).keyPressed(menuKeyEvent);

Test 25: 
ImageIcon imageIcon = new ImageIcon("com.lts.application.fatal.startup.runtimeException", "Error starting application");
JMenuItem jMenuItem = new JMenuItem(imageIcon);
SimpleKeyListenerHelper simpleKeyListenerHelper = new SimpleKeyListenerHelper(jMenuItem);
JCheckBox jCheckBox = new JCheckBox(imageIcon, false);
KeyEvent keyEvent = new KeyEvent(jCheckBox, 155, 0L, 131, 155, '^');
((SimpleKeyListenerHelper) imageIcon).keyPressed(keyEvent);


* Generated after the refinement and before minimization 26 tests with total length 120
* test suite isTestSuite: 26
Test 0: 
JPasswordField jPasswordField = new JPasswordField();
SimpleKeyListenerHelper simpleKeyListenerHelper = new SimpleKeyListenerHelper(jPasswordField);
KeyEvent keyEvent = new KeyEvent(jPasswordField, (-977), (-977), (-977), 1, 'J', 1);
simpleKeyListenerHelper.keyReleased(keyEvent);

Test 1: 
JPasswordField jPasswordField = new JPasswordField();
SimpleKeyListenerHelper simpleKeyListenerHelper = new SimpleKeyListenerHelper(jPasswordField);
KeyEvent keyEvent = new KeyEvent(jPasswordField, (-977), (-977), (-977), 1, 'J', 1);
simpleKeyListenerHelper.keyTyped(keyEvent);
Test 2: 
DefaultTreeCellRenderer defaultTreeCellRenderer = new DefaultTreeCellRenderer();
SimpleKeyListenerHelper simpleKeyListenerHelper = new SimpleKeyListenerHelper(defaultTreeCellRenderer);
simpleKeyListenerHelper.detach();
simpleKeyListenerHelper.detach();
Test 3: 
JPasswordField jPasswordField = new JPasswordField();
SimpleKeyListenerHelper simpleKeyListenerHelper = new SimpleKeyListenerHelper(jPasswordField);
SimpleKeyListenerAdapter simpleKeyListenerAdapter = new SimpleKeyListenerAdapter();
// Undeclared exception!
try { 
  simpleKeyListenerHelper.notifyListener((Object) null, 9, simpleKeyListenerAdapter);
  fail("Expecting exception: NullPointerException");

} catch(NullPointerException e) {
   //
   // no message in exception (getMessage() returned null)
   //
   verifyException("com.lts.event.SimpleKeyListenerHelper", e);
}

Test 4: 
JPasswordField jPasswordField = new JPasswordField();
SimpleKeyListenerHelper simpleKeyListenerHelper = new SimpleKeyListenerHelper(jPasswordField);
SimpleKeyListenerAdapter simpleKeyListenerAdapter = new SimpleKeyListenerAdapter();
simpleKeyListenerHelper.notifyListener(simpleKeyListenerAdapter, 13, jPasswordField);
Test 5: 
JPasswordField jPasswordField = new JPasswordField();
SimpleKeyListenerHelper simpleKeyListenerHelper = new SimpleKeyListenerHelper(jPasswordField);
SimpleKeyListenerAdapter simpleKeyListenerAdapter = new SimpleKeyListenerAdapter();
simpleKeyListenerHelper.notifyListener(simpleKeyListenerAdapter, 10, simpleKeyListenerAdapter);
Test 6: 
JPasswordField jPasswordField = new JPasswordField();
SimpleKeyListenerHelper simpleKeyListenerHelper = new SimpleKeyListenerHelper(jPasswordField);
SimpleKeyListenerAdapter simpleKeyListenerAdapter = new SimpleKeyListenerAdapter();
simpleKeyListenerHelper.notifyListener(simpleKeyListenerAdapter, 127, (Object) null);
Test 7: 
ImageIcon imageIcon = new ImageIcon("com.lts.application.fatal.startup.runtimeException", "com.lts.application.fatal.startup.runtimeException");
JMenuItem jMenuItem = new JMenuItem(imageIcon);
SimpleKeyListenerHelper simpleKeyListenerHelper = new SimpleKeyListenerHelper(jMenuItem);
SimpleKeyListenerAdapter simpleKeyListenerAdapter = new SimpleKeyListenerAdapter();
simpleKeyListenerHelper.notifyListener(simpleKeyListenerAdapter, 155, simpleKeyListenerAdapter);
Test 8: 
DefaultTreeCellRenderer defaultTreeCellRenderer = new DefaultTreeCellRenderer();
SimpleKeyListenerHelper simpleKeyListenerHelper = new SimpleKeyListenerHelper(defaultTreeCellRenderer);
KeyEvent keyEvent = new KeyEvent(defaultTreeCellRenderer, 0, 0L, 372, 9, '$');
simpleKeyListenerHelper.keyPressed(keyEvent);
Test 9: 
JPasswordField jPasswordField = new JPasswordField();
SimpleKeyListenerHelper simpleKeyListenerHelper = new SimpleKeyListenerHelper(jPasswordField);
KeyEvent keyEvent = new KeyEvent(jPasswordField, (-977), (-977), (-977), 1, 'J', 1);
simpleKeyListenerHelper.keyPressed(keyEvent);
Test 10: 
DefaultTreeCellRenderer defaultTreeCellRenderer = new DefaultTreeCellRenderer();
SimpleKeyListenerHelper simpleKeyListenerHelper = new SimpleKeyListenerHelper(defaultTreeCellRenderer);
KeyEvent keyEvent = new KeyEvent(defaultTreeCellRenderer, 10, 0L, 10, 10, 'W');
simpleKeyListenerHelper.keyPressed(keyEvent);
Test 11: 
ImageIcon imageIcon = new ImageIcon("`MXXi]h3`", "`MXXi]h3`");
JRadioButtonMenuItem jRadioButtonMenuItem = new JRadioButtonMenuItem(imageIcon);
SimpleKeyListenerHelper simpleKeyListenerHelper = new SimpleKeyListenerHelper(jRadioButtonMenuItem);
MenuElement[] menuElementArray = new MenuElement[5];
MenuSelectionManager defaultManager = MenuSelectionManager.defaultManager();
MenuKeyEvent menuKeyEvent = new MenuKeyEvent(jRadioButtonMenuItem, 585, 0L, 13, 127, 'b', menuElementArray, defaultManager);
simpleKeyListenerHelper.keyPressed(menuKeyEvent);
Test 12: 
ImageIcon imageIcon = new ImageIcon("com.lts.application.fatal.startup.runtimeException", "com.lts.application.fatal.startup.runtimeException");
JMenuItem jMenuItem = new JMenuItem(imageIcon);
SimpleKeyListenerHelper simpleKeyListenerHelper = new SimpleKeyListenerHelper(jMenuItem);
JCheckBox jCheckBox = new JCheckBox(imageIcon, false);
KeyEvent keyEvent = new KeyEvent(jCheckBox, 155, 0L, 131, 155, '^');
simpleKeyListenerHelper.keyPressed(keyEvent);
Test 13: 
JPasswordField jPasswordField = new JPasswordField();
SimpleKeyListenerHelper simpleKeyListenerHelper = new SimpleKeyListenerHelper(jPasswordField);
KeyEvent keyEvent = new KeyEvent(jPasswordField, 1, 'S', 1, 1, 'J', 1);
simpleKeyListenerHelper.keyReleased(keyEvent);

Test 14: 
JPasswordField jPasswordField = new JPasswordField();
SimpleKeyListenerHelper simpleKeyListenerHelper = new SimpleKeyListenerHelper(jPasswordField);
KeyEvent keyEvent = new KeyEvent(jPasswordField, 1, 'J', 1, 1, 'J', 1);
simpleKeyListenerHelper.keyTyped(keyEvent);

Test 15: 
DefaultTreeCellRenderer defaultTreeCellRenderer = new DefaultTreeCellRenderer();
SimpleKeyListenerHelper simpleKeyListenerHelper = new SimpleKeyListenerHelper(defaultTreeCellRenderer);
simpleKeyListenerHelper.detach();

Test 16: 
SimpleKeyListenerAdapter simpleKeyListenerAdapter = new SimpleKeyListenerAdapter();

Test 17: 
SimpleKeyListenerAdapter simpleKeyListenerAdapter = new SimpleKeyListenerAdapter();

Test 18: 
SimpleKeyListenerAdapter simpleKeyListenerAdapter = new SimpleKeyListenerAdapter();

Test 19: 
JPasswordField jPasswordField = new JPasswordField();
SimpleKeyListenerHelper simpleKeyListenerHelper = new SimpleKeyListenerHelper(jPasswordField);
SimpleKeyListenerAdapter simpleKeyListenerAdapter = new SimpleKeyListenerAdapter();
simpleKeyListenerHelper.notifyListener(simpleKeyListenerAdapter, 127, (Object) null);

Test 20: 
ImageIcon imageIcon = new ImageIcon("com.lts.application.fatal.startup.runtimeException", "com.lts.application.fatal.startup.runtimeException");
JMenuItem jMenuItem = new JMenuItem(imageIcon);
SimpleKeyListenerHelper simpleKeyListenerHelper = new SimpleKeyListenerHelper(jMenuItem);
SimpleKeyListenerAdapter simpleKeyListenerAdapter = new SimpleKeyListenerAdapter();
((SimpleKeyListenerHelper) imageIcon).notifyListener(simpleKeyListenerAdapter, 82, simpleKeyListenerAdapter);

Test 21: 
DefaultTreeCellRenderer defaultTreeCellRenderer = new DefaultTreeCellRenderer();
SimpleKeyListenerHelper simpleKeyListenerHelper = new SimpleKeyListenerHelper(defaultTreeCellRenderer);
KeyEvent keyEvent = new KeyEvent(defaultTreeCellRenderer, 0, 0L, 372, 9, 'a');
simpleKeyListenerHelper.keyPressed(keyEvent);

Test 22: 
JPasswordField jPasswordField = new JPasswordField();
SimpleKeyListenerHelper simpleKeyListenerHelper = new SimpleKeyListenerHelper(jPasswordField);
KeyEvent keyEvent = new KeyEvent(jPasswordField, 0, 0, 1, 'J', (char) 1, 1);
simpleKeyListenerHelper.keyPressed(keyEvent);
int _int = 0;
int _int = 0;
int _int = 1;
char _char = 'A';
int _int = 1;
KeyEvent keyEvent = new KeyEvent(jPasswordField, _int, _int, _int, _char, (char) _int, 1);
simpleKeyListenerHelper.keyPressed(keyEvent);
int _int = 0;
int _int = 0;
int _int = 1;
char _char = ' ';
int _int = 1;
KeyEvent keyEvent = new KeyEvent(jPasswordField, _int, _int, _int, _char, (char) _int, 1);
simpleKeyListenerHelper.keyPressed(keyEvent);

Test 23: 
DefaultTreeCellRenderer defaultTreeCellRenderer = new DefaultTreeCellRenderer();
SimpleKeyListenerHelper simpleKeyListenerHelper = new SimpleKeyListenerHelper(defaultTreeCellRenderer);
KeyEvent keyEvent = new KeyEvent(defaultTreeCellRenderer, 10, 0L, 10, 10, 'W');
simpleKeyListenerHelper.keyPressed(keyEvent);

Test 24: 
ImageIcon imageIcon = new ImageIcon("C:path\toimage.jpg", "My Image");
JRadioButtonMenuItem jRadioButtonMenuItem = new JRadioButtonMenuItem(imageIcon);
SimpleKeyListenerHelper simpleKeyListenerHelper = new SimpleKeyListenerHelper(jRadioButtonMenuItem);
MenuElement[] menuElementArray = new MenuElement[5];
MenuSelectionManager defaultManager = MenuSelectionManager.defaultManager();
MenuKeyEvent menuKeyEvent = new MenuKeyEvent(jRadioButtonMenuItem, 585, 0L, 13, 127, 'b', menuElementArray, defaultManager);
((SimpleKeyListenerHelper) imageIcon).keyPressed(menuKeyEvent);

Test 25: 
ImageIcon imageIcon = new ImageIcon("com.lts.application.fatal.startup.runtimeException", "Error starting application");
JMenuItem jMenuItem = new JMenuItem(imageIcon);
SimpleKeyListenerHelper simpleKeyListenerHelper = new SimpleKeyListenerHelper(jMenuItem);
JCheckBox jCheckBox = new JCheckBox(imageIcon, false);
KeyEvent keyEvent = new KeyEvent(jCheckBox, 155, 0L, 131, 155, '^');
((SimpleKeyListenerHelper) imageIcon).keyPressed(keyEvent);


* Minimizing test suite
* test suite isTestSuite: 13
Test 0: 
JPasswordField jPasswordField = new JPasswordField();
SimpleKeyListenerHelper simpleKeyListenerHelper = new SimpleKeyListenerHelper(jPasswordField);
KeyEvent keyEvent = new KeyEvent(jPasswordField, (-977), (-977), (-977), 1, 'J', 1);
simpleKeyListenerHelper.keyReleased(keyEvent);

Test 1: 
JPasswordField jPasswordField = new JPasswordField();
SimpleKeyListenerHelper simpleKeyListenerHelper = new SimpleKeyListenerHelper(jPasswordField);
KeyEvent keyEvent = new KeyEvent(jPasswordField, 1, 'J', 1, 1, 'J', 1);
simpleKeyListenerHelper.keyTyped(keyEvent);
Test 2: 
DefaultTreeCellRenderer defaultTreeCellRenderer = new DefaultTreeCellRenderer();
SimpleKeyListenerHelper simpleKeyListenerHelper = new SimpleKeyListenerHelper(defaultTreeCellRenderer);
simpleKeyListenerHelper.detach();
simpleKeyListenerHelper.detach();
Test 3: 
JPasswordField jPasswordField = new JPasswordField();
SimpleKeyListenerHelper simpleKeyListenerHelper = new SimpleKeyListenerHelper(jPasswordField);
SimpleKeyListenerAdapter simpleKeyListenerAdapter = new SimpleKeyListenerAdapter();
// Undeclared exception!
try { 
  simpleKeyListenerHelper.notifyListener((Object) null, 9, simpleKeyListenerAdapter);
  fail("Expecting exception: NullPointerException");

} catch(NullPointerException e) {
   //
   // no message in exception (getMessage() returned null)
   //
   verifyException("com.lts.event.SimpleKeyListenerHelper", e);
}

Test 4: 
JPasswordField jPasswordField = new JPasswordField();
SimpleKeyListenerHelper simpleKeyListenerHelper = new SimpleKeyListenerHelper(jPasswordField);
SimpleKeyListenerAdapter simpleKeyListenerAdapter = new SimpleKeyListenerAdapter();
simpleKeyListenerHelper.notifyListener(simpleKeyListenerAdapter, 127, (Object) null);
Test 5: 
JPasswordField jPasswordField = new JPasswordField();
SimpleKeyListenerHelper simpleKeyListenerHelper = new SimpleKeyListenerHelper(jPasswordField);
SimpleKeyListenerAdapter simpleKeyListenerAdapter = new SimpleKeyListenerAdapter();
simpleKeyListenerHelper.notifyListener(simpleKeyListenerAdapter, 10, simpleKeyListenerAdapter);
Test 6: 
ImageIcon imageIcon = new ImageIcon("com.lts.application.fatal.startup.runtimeException", "com.lts.application.fatal.startup.runtimeException");
JMenuItem jMenuItem = new JMenuItem(imageIcon);
SimpleKeyListenerHelper simpleKeyListenerHelper = new SimpleKeyListenerHelper(jMenuItem);
SimpleKeyListenerAdapter simpleKeyListenerAdapter = new SimpleKeyListenerAdapter();
simpleKeyListenerHelper.notifyListener(simpleKeyListenerAdapter, 155, simpleKeyListenerAdapter);
Test 7: 
JPasswordField jPasswordField = new JPasswordField();
SimpleKeyListenerHelper simpleKeyListenerHelper = new SimpleKeyListenerHelper(jPasswordField);
SimpleKeyListenerAdapter simpleKeyListenerAdapter = new SimpleKeyListenerAdapter();
simpleKeyListenerHelper.notifyListener(simpleKeyListenerAdapter, 13, jPasswordField);
Test 8: 
DefaultTreeCellRenderer defaultTreeCellRenderer = new DefaultTreeCellRenderer();
SimpleKeyListenerHelper simpleKeyListenerHelper = new SimpleKeyListenerHelper(defaultTreeCellRenderer);
KeyEvent keyEvent = new KeyEvent(defaultTreeCellRenderer, 0, 0L, 372, 9, 'a');
simpleKeyListenerHelper.keyPressed(keyEvent);
Test 9: 
DefaultTreeCellRenderer defaultTreeCellRenderer = new DefaultTreeCellRenderer();
SimpleKeyListenerHelper simpleKeyListenerHelper = new SimpleKeyListenerHelper(defaultTreeCellRenderer);
KeyEvent keyEvent = new KeyEvent(defaultTreeCellRenderer, 10, 0L, 10, 10, 'W');
simpleKeyListenerHelper.keyPressed(keyEvent);
Test 10: 
ImageIcon imageIcon = new ImageIcon("`MXXi]h3`", "`MXXi]h3`");
JRadioButtonMenuItem jRadioButtonMenuItem = new JRadioButtonMenuItem(imageIcon);
SimpleKeyListenerHelper simpleKeyListenerHelper = new SimpleKeyListenerHelper(jRadioButtonMenuItem);
MenuElement[] menuElementArray = new MenuElement[5];
MenuSelectionManager defaultManager = MenuSelectionManager.defaultManager();
MenuKeyEvent menuKeyEvent = new MenuKeyEvent(jRadioButtonMenuItem, 585, 0L, 13, 127, 'b', menuElementArray, defaultManager);
simpleKeyListenerHelper.keyPressed(menuKeyEvent);
Test 11: 
ImageIcon imageIcon = new ImageIcon("com.lts.application.fatal.startup.runtimeException", "com.lts.application.fatal.startup.runtimeException");
JMenuItem jMenuItem = new JMenuItem(imageIcon);
SimpleKeyListenerHelper simpleKeyListenerHelper = new SimpleKeyListenerHelper(jMenuItem);
JCheckBox jCheckBox = new JCheckBox(imageIcon, false);
KeyEvent keyEvent = new KeyEvent(jCheckBox, 155, 0L, 131, 155, '^');
simpleKeyListenerHelper.keyPressed(keyEvent);
Test 12: 
JPasswordField jPasswordField = new JPasswordField();
SimpleKeyListenerHelper simpleKeyListenerHelper = new SimpleKeyListenerHelper(jPasswordField);
KeyEvent keyEvent = new KeyEvent(jPasswordField, (-977), (-977), (-977), 1, 'J', 1);
simpleKeyListenerHelper.keyPressed(keyEvent);

* Going to analyze the coverage criteria
* Coverage analysis for criterion BRANCH
* Coverage of criterion BRANCH: 100%
* Total number of goals: 25
* Number of covered goals: 25
* Coverage analysis for criterion LINE
* Coverage of criterion LINE: 100%
* Total number of goals: 23
* Number of covered goals: 23
* Coverage analysis for criterion OUTPUT
* Coverage of criterion OUTPUT: 100% (no goals)
* Coverage analysis for criterion METHOD
* Coverage of criterion METHOD: 100%
* Total number of goals: 6
* Number of covered goals: 6
* Coverage analysis for criterion CBRANCH
* Coverage of criterion CBRANCH: 100%
* Total number of goals: 25
* Number of covered goals: 25
* Generated 13 tests with total length 58
* Resulting test suite's coverage: 100% (average coverage for all fitness functions)
* Generating assertions
* Resulting test suite's mutation score: 20%
* Compiling and checking tests
Going to execute: removeTestsThatDoNotCompile
* Compiling Tests
** Write a test suite: 0 called: 0 to improve: false
* Compiling Tests
** Write a test suite: 0 called: 0 to improve: false
* Compiling Tests
** Write a test suite: 0 called: 0 to improve: false
* Compiling Tests
** Write a test suite: 0 called: 0 to improve: true
** Improve Understandability: ** Test Code is: DefaultTreeCellRenderer arg0 = new DefaultTreeCellRenderer();
SimpleKeyListenerHelper simpleKeyListenerHelper = new SimpleKeyListenerHelper(arg0);
simpleKeyListenerHelper.detach();
simpleKeyListenerHelper.detach();

** It was a parseable test case! 
refined test name is: testAttachDetachMultipleTimes
* Compiling Tests
** Write a test suite: 0 called: 0 to improve: false
* Compiling Tests
** Write a test suite: 0 called: 0 to improve: true
** Improve Understandability: ** Test Code is: JPasswordField arg0 = new JPasswordField();
SimpleKeyListenerHelper simpleKeyListenerHelper = new SimpleKeyListenerHelper(arg0);
SimpleKeyListenerAdapter arg2 = new SimpleKeyListenerAdapter();
// Undeclared exception!
try { 
  simpleKeyListenerHelper.notifyListener((Object) null, 9, arg2);
  fail("Expecting exception: NullPointerException");

} catch(NullPointerException e) {
   //
   // no message in exception (getMessage() returned null)
   //
   verifyException("com.lts.event.SimpleKeyListenerHelper", e);
}


** It was a parseable test case! 
refined test name is: testNotifyListenernullArgumentThrowsNPE
* Compiling Tests
** Write a test suite: 0 called: 0 to improve: false
* Compiling Tests
** Write a test suite: 0 called: 0 to improve: false
* Compiling Tests
** Write a test suite: 0 called: 0 to improve: true
** Improve Understandability: ** Test Code is: JPasswordField arg0 = new JPasswordField();
SimpleKeyListenerHelper simpleKeyListenerHelper = new SimpleKeyListenerHelper(arg0);
SimpleKeyListenerAdapter arg2 = new SimpleKeyListenerAdapter();
simpleKeyListenerHelper.notifyListener(arg2, 10, arg2);

** It was a parseable test case! 
refined test name is: testEmptyPasswordFieldInitialization
* Compiling Tests
** Write a test suite: 0 called: 0 to improve: false
* Compiling Tests
** Write a test suite: 0 called: 0 to improve: false
* Compiling Tests
** Write a test suite: 0 called: 0 to improve: true
** Improve Understandability: ** Test Code is: JPasswordField arg2 = new JPasswordField();
SimpleKeyListenerHelper simpleKeyListenerHelper = new SimpleKeyListenerHelper(arg2);
SimpleKeyListenerAdapter arg0 = new SimpleKeyListenerAdapter();
simpleKeyListenerHelper.notifyListener(arg0, 13, arg2);
assertFalse(arg2.isFocusTraversalPolicyProvider());


** It was a parseable test case! 
refined test name is: testJPasswordFieldFocusTraversalPolicyProvider
* Compiling Tests
** Write a test suite: 0 called: 0 to improve: false
* Compiling Tests
** Write a test suite: 0 called: 0 to improve: false
* Compiling Tests
** Write a test suite: 0 called: 0 to improve: false
* Compiling Tests
** Write a test suite: 0 called: 0 to improve: false
* Compiling Tests
** Write a test suite: 0 called: 0 to improve: false
Going to execute: handleTestsThatAreUnstable
* Compiling Tests
[MASTER] 05:27:09.054 [logback-1] WARN  AgentLoader - Failed to find EvoSuite jar in current classloader. URLs of classloader:
file:/home/ubuntu/.sdkman/candidates/java/8.0.333.fx-librca/jre/lib/ext/localedata.jar
file:/tmp/EvoSuite_pathingJar5514582873526645732.jar
file:/home/ubuntu/.sdkman/candidates/java/8.0.333.fx-librca/jre/lib/ext/sunjce_provider.jar
file:/home/ubuntu/.sdkman/candidates/java/8.0.333.fx-librca/jre/../lib/tools.jar
file:/home/ubuntu/.sdkman/candidates/java/8.0.333.fx-librca/jre/lib/ext/sunpkcs11.jar
file:/home/ubuntu/.sdkman/candidates/java/8.0.333.fx-librca/jre/lib/ext/jaccess.jar
file:/home/ubuntu/.sdkman/candidates/java/8.0.333.fx-librca/jre/lib/ext/sunec.jar
file:/home/ubuntu/.sdkman/candidates/java/8.0.333.fx-librca/jre/lib/ext/zipfs.jar
file:/home/ubuntu/.sdkman/candidates/java/8.0.333.fx-librca/jre/lib/ext/jfxrt.jar
file:/home/ubuntu/.sdkman/candidates/java/8.0.333.fx-librca/jre/lib/ext/dnsns.jar
file:/home/ubuntu/.sdkman/candidates/java/8.0.333.fx-librca/jre/lib/ext/cldrdata.jar
file:/home/ubuntu/.sdkman/candidates/java/8.0.333.fx-librca/jre/lib/ext/nashorn.jar
[MASTER] 05:27:09.078 [logback-1] WARN  JUnitAnalyzer - Found unstable test named initializationError -> class java.lang.RuntimeException: Cannot find either the compilation target folder nor the EvoSuite jar in classpath: /tmp/EvoSuite_pathingJar5514582873526645732.jar
Going to execute: handleTestsThatAreUnstable
* Compiling Tests
[MASTER] 05:27:09.175 [logback-1] WARN  AgentLoader - Failed to find EvoSuite jar in current classloader. URLs of classloader:
file:/home/ubuntu/.sdkman/candidates/java/8.0.333.fx-librca/jre/lib/ext/localedata.jar
file:/tmp/EvoSuite_pathingJar5514582873526645732.jar
file:/home/ubuntu/.sdkman/candidates/java/8.0.333.fx-librca/jre/lib/ext/sunjce_provider.jar
file:/home/ubuntu/.sdkman/candidates/java/8.0.333.fx-librca/jre/../lib/tools.jar
file:/home/ubuntu/.sdkman/candidates/java/8.0.333.fx-librca/jre/lib/ext/sunpkcs11.jar
file:/home/ubuntu/.sdkman/candidates/java/8.0.333.fx-librca/jre/lib/ext/jaccess.jar
file:/home/ubuntu/.sdkman/candidates/java/8.0.333.fx-librca/jre/lib/ext/sunec.jar
file:/home/ubuntu/.sdkman/candidates/java/8.0.333.fx-librca/jre/lib/ext/zipfs.jar
file:/home/ubuntu/.sdkman/candidates/java/8.0.333.fx-librca/jre/lib/ext/jfxrt.jar
file:/home/ubuntu/.sdkman/candidates/java/8.0.333.fx-librca/jre/lib/ext/dnsns.jar
file:/home/ubuntu/.sdkman/candidates/java/8.0.333.fx-librca/jre/lib/ext/cldrdata.jar
file:/home/ubuntu/.sdkman/candidates/java/8.0.333.fx-librca/jre/lib/ext/nashorn.jar
[MASTER] 05:27:09.178 [logback-1] WARN  JUnitAnalyzer - Found unstable test named initializationError -> class java.lang.RuntimeException: Cannot find either the compilation target folder nor the EvoSuite jar in classpath: /tmp/EvoSuite_pathingJar5514582873526645732.jar
Going to execute: handleTestsThatAreUnstable
* Compiling Tests
[MASTER] 05:27:09.298 [logback-1] WARN  AgentLoader - Failed to find EvoSuite jar in current classloader. URLs of classloader:
file:/home/ubuntu/.sdkman/candidates/java/8.0.333.fx-librca/jre/lib/ext/localedata.jar
file:/tmp/EvoSuite_pathingJar5514582873526645732.jar
file:/home/ubuntu/.sdkman/candidates/java/8.0.333.fx-librca/jre/lib/ext/sunjce_provider.jar
file:/home/ubuntu/.sdkman/candidates/java/8.0.333.fx-librca/jre/../lib/tools.jar
file:/home/ubuntu/.sdkman/candidates/java/8.0.333.fx-librca/jre/lib/ext/sunpkcs11.jar
file:/home/ubuntu/.sdkman/candidates/java/8.0.333.fx-librca/jre/lib/ext/jaccess.jar
file:/home/ubuntu/.sdkman/candidates/java/8.0.333.fx-librca/jre/lib/ext/sunec.jar
file:/home/ubuntu/.sdkman/candidates/java/8.0.333.fx-librca/jre/lib/ext/zipfs.jar
file:/home/ubuntu/.sdkman/candidates/java/8.0.333.fx-librca/jre/lib/ext/jfxrt.jar
file:/home/ubuntu/.sdkman/candidates/java/8.0.333.fx-librca/jre/lib/ext/dnsns.jar
file:/home/ubuntu/.sdkman/candidates/java/8.0.333.fx-librca/jre/lib/ext/cldrdata.jar
file:/home/ubuntu/.sdkman/candidates/java/8.0.333.fx-librca/jre/lib/ext/nashorn.jar
Going to execute: handleTestsThatAreUnstable
* Compiling Tests
[MASTER] 05:27:09.301 [logback-1] WARN  JUnitAnalyzer - Found unstable test named initializationError -> class java.lang.RuntimeException: Cannot find either the compilation target folder nor the EvoSuite jar in classpath: /tmp/EvoSuite_pathingJar5514582873526645732.jar
[MASTER] 05:27:09.407 [logback-1] WARN  AgentLoader - Failed to find EvoSuite jar in current classloader. URLs of classloader:
file:/home/ubuntu/.sdkman/candidates/java/8.0.333.fx-librca/jre/lib/ext/localedata.jar
file:/tmp/EvoSuite_pathingJar5514582873526645732.jar
file:/home/ubuntu/.sdkman/candidates/java/8.0.333.fx-librca/jre/lib/ext/sunjce_provider.jar
file:/home/ubuntu/.sdkman/candidates/java/8.0.333.fx-librca/jre/../lib/tools.jar
file:/home/ubuntu/.sdkman/candidates/java/8.0.333.fx-librca/jre/lib/ext/sunpkcs11.jar
file:/home/ubuntu/.sdkman/candidates/java/8.0.333.fx-librca/jre/lib/ext/jaccess.jar
file:/home/ubuntu/.sdkman/candidates/java/8.0.333.fx-librca/jre/lib/ext/sunec.jar
file:/home/ubuntu/.sdkman/candidates/java/8.0.333.fx-librca/jre/lib/ext/zipfs.jar
file:/home/ubuntu/.sdkman/candidates/java/8.0.333.fx-librca/jre/lib/ext/jfxrt.jar
file:/home/ubuntu/.sdkman/candidates/java/8.0.333.fx-librca/jre/lib/ext/dnsns.jar
file:/home/ubuntu/.sdkman/candidates/java/8.0.333.fx-librca/jre/lib/ext/cldrdata.jar
file:/home/ubuntu/.sdkman/candidates/java/8.0.333.fx-librca/jre/lib/ext/nashorn.jar
Going to execute: handleTestsThatAreUnstable
* Compiling Tests
[MASTER] 05:27:09.409 [logback-1] WARN  JUnitAnalyzer - Found unstable test named initializationError -> class java.lang.RuntimeException: Cannot find either the compilation target folder nor the EvoSuite jar in classpath: /tmp/EvoSuite_pathingJar5514582873526645732.jar
[MASTER] 05:27:09.632 [logback-1] WARN  AgentLoader - Failed to find EvoSuite jar in current classloader. URLs of classloader:
file:/home/ubuntu/.sdkman/candidates/java/8.0.333.fx-librca/jre/lib/ext/localedata.jar
file:/tmp/EvoSuite_pathingJar5514582873526645732.jar
file:/home/ubuntu/.sdkman/candidates/java/8.0.333.fx-librca/jre/lib/ext/sunjce_provider.jar
file:/home/ubuntu/.sdkman/candidates/java/8.0.333.fx-librca/jre/../lib/tools.jar
file:/home/ubuntu/.sdkman/candidates/java/8.0.333.fx-librca/jre/lib/ext/sunpkcs11.jar
file:/home/ubuntu/.sdkman/candidates/java/8.0.333.fx-librca/jre/lib/ext/jaccess.jar
file:/home/ubuntu/.sdkman/candidates/java/8.0.333.fx-librca/jre/lib/ext/sunec.jar
file:/home/ubuntu/.sdkman/candidates/java/8.0.333.fx-librca/jre/lib/ext/zipfs.jar
file:/home/ubuntu/.sdkman/candidates/java/8.0.333.fx-librca/jre/lib/ext/jfxrt.jar
file:/home/ubuntu/.sdkman/candidates/java/8.0.333.fx-librca/jre/lib/ext/dnsns.jar
file:/home/ubuntu/.sdkman/candidates/java/8.0.333.fx-librca/jre/lib/ext/cldrdata.jar
file:/home/ubuntu/.sdkman/candidates/java/8.0.333.fx-librca/jre/lib/ext/nashorn.jar
[MASTER] 05:27:09.634 [logback-1] WARN  JUnitAnalyzer - Found unstable test named initializationError -> class java.lang.RuntimeException: Cannot find either the compilation target folder nor the EvoSuite jar in classpath: /tmp/EvoSuite_pathingJar5514582873526645732.jar
Going to execute: handleTestsThatAreUnstable
* Compiling Tests
[MASTER] 05:27:09.754 [logback-1] WARN  AgentLoader - Failed to find EvoSuite jar in current classloader. URLs of classloader:
file:/home/ubuntu/.sdkman/candidates/java/8.0.333.fx-librca/jre/lib/ext/localedata.jar
file:/tmp/EvoSuite_pathingJar5514582873526645732.jar
file:/home/ubuntu/.sdkman/candidates/java/8.0.333.fx-librca/jre/lib/ext/sunjce_provider.jar
file:/home/ubuntu/.sdkman/candidates/java/8.0.333.fx-librca/jre/../lib/tools.jar
file:/home/ubuntu/.sdkman/candidates/java/8.0.333.fx-librca/jre/lib/ext/sunpkcs11.jar
file:/home/ubuntu/.sdkman/candidates/java/8.0.333.fx-librca/jre/lib/ext/jaccess.jar
file:/home/ubuntu/.sdkman/candidates/java/8.0.333.fx-librca/jre/lib/ext/sunec.jar
file:/home/ubuntu/.sdkman/candidates/java/8.0.333.fx-librca/jre/lib/ext/zipfs.jar
file:/home/ubuntu/.sdkman/candidates/java/8.0.333.fx-librca/jre/lib/ext/jfxrt.jar
file:/home/ubuntu/.sdkman/candidates/java/8.0.333.fx-librca/jre/lib/ext/dnsns.jar
file:/home/ubuntu/.sdkman/candidates/java/8.0.333.fx-librca/jre/lib/ext/cldrdata.jar
file:/home/ubuntu/.sdkman/candidates/java/8.0.333.fx-librca/jre/lib/ext/nashorn.jar
[MASTER] 05:27:09.757 [logback-1] WARN  JUnitAnalyzer - Found unstable test named initializationError -> class java.lang.RuntimeException: Cannot find either the compilation target folder nor the EvoSuite jar in classpath: /tmp/EvoSuite_pathingJar5514582873526645732.jar
* Writing tests to file
* Writing JUnit test case 'SimpleKeyListenerHelper_ESTest' to evosuite-tests
* Done!

* Computation finished
