* EvoSuite 1.2.0
* WARNING - Generating JUnit 5 tests with the option to use a separate classloader will result in not runnable tests. Set either -Dtest_format=JUNIT4 or -Duse_separate_classloader=false
* Going to generate test cases for class: net.sourceforge.ext4j.log.log4j.ExtrasPatternParser
* Starting Client-0
* Properties loaded from /home/roham/Results-Utestgen/dataset/SF110-ES-res/71_ext4j/evosuite-files/evosuite.properties
* Connecting to master process on port 18975
* Analyzing classpath: 
* Inheritance tree loaded from evosuite-files/inheritance.xml.gz
* Finished analyzing classpath
* Generating tests for class net.sourceforge.ext4j.log.log4j.ExtrasPatternParser
* Test criteria:
  - Branch Coverage
  - Line Coverage
  - Method-Output Coverage
  - Top-Level Method Coverage
  - Context Branch Coverage
* Total number of test goals for DYNAMOSA: 38
* Using seed 1709810996452
* Starting evolution
[Progress:>                             0%] [Cov:>                                  0%]* Initial Number of Goals in DynaMOSA = 7 / 38
[Progress:>                             0%] [Cov:===================================100%]
* Search finished after 1s and 0 generations, 995 statements, best individual has fitness: 0.0
* Minimizing test suite
* Going to analyze the coverage criteria
* Coverage analysis for criterion BRANCH
* Coverage of criterion BRANCH: 100%
* Total number of goals: 11
* Number of covered goals: 11
* Coverage analysis for criterion LINE
* Coverage of criterion LINE: 100%
* Total number of goals: 14
* Number of covered goals: 14
* Coverage analysis for criterion OUTPUT
* Coverage of criterion OUTPUT: 100% (no goals)
* Coverage analysis for criterion METHOD
* Coverage of criterion METHOD: 100%
* Total number of goals: 2
* Number of covered goals: 2
* Coverage analysis for criterion CBRANCH
* Coverage of criterion CBRANCH: 100%
* Total number of goals: 11
* Number of covered goals: 11
* Generated 6 tests with total length 12
* Resulting test suite's coverage: 100% (average coverage for all fitness functions)
* Generating assertions
* Resulting test suite's mutation score: 0%
* Compiling and checking tests
* Writing tests to file
* Writing JUnit test case 'ExtrasPatternParser_ESTest' to evosuite-tests
* Done!

* Computation finished
