* EvoSuite 1.2.1-SNAPSHOT
* Going to generate test cases for class: net.sourceforge.ext4j.log.log4j.ExtrasPatternParser
* Starting Client-0
* Properties loaded from /home/ubuntu/UTestGen/Evaluation/getting_results/dataset/SF110/71_ext4j/evosuite-files/evosuite.properties
* Connecting to master process on port 6128
* Analyzing classpath: 
* Inheritance tree loaded from evosuite-files/inheritance.xml.gz
* Finished analyzing classpath
* Generating tests for class net.sourceforge.ext4j.log.log4j.ExtrasPatternParser
* Test criteria:
  - Branch Coverage
  - Line Coverage
  - Method-Output Coverage
  - Top-Level Method Coverage
  - Context Branch Coverage
* Total number of test goals for DYNAMOSA: 38
* Using seed 1709267511344
[Progress:>                             0%] [Cov:>                                  0%]* Starting evolution
* Initial Number of Goals in DynaMOSA = 7 / 38
[Progress:>                             0%] [Cov:================================>  94%][Progress:>                             1%] [Cov:===================================100%]
* Search finished after 1s and 1 generations, 2264 statements, best individual has fitness: 0.0
* Generated before the refinement 6 tests with total length 12
statement is: net.sourceforge.ext4j.log.log4j.ExtrasPatternParser(Ljava/lang/String;)V type is: class org.evosuite.testcase.statements.ConstructorStatement return type class net.sourceforge.ext4j.log.log4j.ExtrasPatternParser
statement code is: ExtrasPatternParser extrasPatternParser = new ExtrasPatternParser("IbW//aT %EI")
statement is: parse()Lorg/apache/log4j/helpers/PatternConverter; type is: class org.evosuite.testcase.statements.MethodStatement return type class org.apache.log4j.helpers.PatternConverter
statement code is: PatternConverter parse = extrasPatternParser.parse()
test data is: ExtrasPatternParser extrasPatternParser = new ExtrasPatternParser("IbW//aT %EI");
extrasPatternParser.parse();

** It was a parseable test case! 
Improved test data is: class DummyClass {
    public static void main() {
        ExtrasPatternParser extrasPatternParser = new ExtrasPatternParser("IbW//aT %EI");
        extrasPatternParser.parse();
        ExtrasPatternParser extrasPatternParser2 = new ExtrasPatternParser("3.14 5 6");
        extrasPatternParser2.parse();
        ExtrasPatternParser extrasPatternParser3 = new ExtrasPatternParser("three 5 6");
        extrasPatternParser3.parse();
        ExtrasPatternParser extrasPatternParser4 = new ExtrasPatternParser("IbW//aT %EI");
        extrasPatternParser4.parse();
    }
}
statement is: ExtrasPatternParser extrasPatternParser = new ExtrasPatternParser("IbW//aT %EI"), class spoon.support.reflect.code.CtLocalVariableImpl
class spoon.support.reflect.code.CtConstructorCallImpl
statement is: extrasPatternParser.parse(), class spoon.support.reflect.code.CtInvocationImpl
invocation is: extrasPatternParser.parse() target is: extrasPatternParser method is: parse()
source statement: net.sourceforge.ext4j.log.log4j.ExtrasPatternParser(Ljava/lang/String;)V callee: VariableReference: Statement 0, type net.sourceforge.ext4j.log.log4j.ExtrasPatternParserindex is: 1
Matched Method is: parse()Lorg/apache/log4j/helpers/PatternConverter;
statement is: ExtrasPatternParser extrasPatternParser2 = new ExtrasPatternParser("3.14 5 6"), class spoon.support.reflect.code.CtLocalVariableImpl
class spoon.support.reflect.code.CtConstructorCallImpl
statement is: extrasPatternParser2.parse(), class spoon.support.reflect.code.CtInvocationImpl
invocation is: extrasPatternParser2.parse() target is: extrasPatternParser2 method is: parse()
source statement: net.sourceforge.ext4j.log.log4j.ExtrasPatternParser(Ljava/lang/String;)V callee: VariableReference: Statement 0, type net.sourceforge.ext4j.log.log4j.ExtrasPatternParserindex is: 4
Matched Method is: parse()Lorg/apache/log4j/helpers/PatternConverter;
statement is: ExtrasPatternParser extrasPatternParser3 = new ExtrasPatternParser("three 5 6"), class spoon.support.reflect.code.CtLocalVariableImpl
class spoon.support.reflect.code.CtConstructorCallImpl
statement is: extrasPatternParser3.parse(), class spoon.support.reflect.code.CtInvocationImpl
invocation is: extrasPatternParser3.parse() target is: extrasPatternParser3 method is: parse()
source statement: net.sourceforge.ext4j.log.log4j.ExtrasPatternParser(Ljava/lang/String;)V callee: VariableReference: Statement 0, type net.sourceforge.ext4j.log.log4j.ExtrasPatternParserindex is: 7
Matched Method is: parse()Lorg/apache/log4j/helpers/PatternConverter;
statement is: ExtrasPatternParser extrasPatternParser4 = new ExtrasPatternParser("IbW//aT %EI"), class spoon.support.reflect.code.CtLocalVariableImpl
class spoon.support.reflect.code.CtConstructorCallImpl
statement is: extrasPatternParser4.parse(), class spoon.support.reflect.code.CtInvocationImpl
invocation is: extrasPatternParser4.parse() target is: extrasPatternParser4 method is: parse()
source statement: net.sourceforge.ext4j.log.log4j.ExtrasPatternParser(Ljava/lang/String;)V callee: VariableReference: Statement 0, type net.sourceforge.ext4j.log.log4j.ExtrasPatternParserindex is: 10
Matched Method is: parse()Lorg/apache/log4j/helpers/PatternConverter;
TestCase is: String string = "IbW//aT %EI";
ExtrasPatternParser extrasPatternParser = new ExtrasPatternParser(string);
((PatternParser) string).parse();
String string = "3.14 5 6";
ExtrasPatternParser extrasPatternParser = new ExtrasPatternParser(string);
((PatternParser) string).parse();
String string = "three 5 6";
ExtrasPatternParser extrasPatternParser = new ExtrasPatternParser(string);
((PatternParser) string).parse();
String string = "IbW//aT %EI";
ExtrasPatternParser extrasPatternParser = new ExtrasPatternParser(string);
((PatternParser) string).parse();

statement is: net.sourceforge.ext4j.log.log4j.ExtrasPatternParser(Ljava/lang/String;)V type is: class org.evosuite.testcase.statements.ConstructorStatement return type class net.sourceforge.ext4j.log.log4j.ExtrasPatternParser
statement code is: ExtrasPatternParser extrasPatternParser = new ExtrasPatternParser("Z]n#|=Wz")
statement is: finalizeConverter(C)V type is: class org.evosuite.testcase.statements.MethodStatement return type void
statement code is: extrasPatternParser.finalizeConverter('s')
test data is: ExtrasPatternParser extrasPatternParser = new ExtrasPatternParser("Z]n#|=Wz");
extrasPatternParser.finalizeConverter('s');

** It was a parseable test case! 
Improved test data is: class DummyClass {
    public static void main() {
        ExtrasPatternParser extrasPatternParser = new ExtrasPatternParser("Z]n#|=Wz");
        extrasPatternParser.finalizeConverter('s');
    }
}
statement is: ExtrasPatternParser extrasPatternParser = new ExtrasPatternParser("Z]n#|=Wz"), class spoon.support.reflect.code.CtLocalVariableImpl
class spoon.support.reflect.code.CtConstructorCallImpl
statement is: extrasPatternParser.finalizeConverter('s'), class spoon.support.reflect.code.CtInvocationImpl
invocation is: extrasPatternParser.finalizeConverter('s') target is: extrasPatternParser method is: finalizeConverter(char)
source statement: net.sourceforge.ext4j.log.log4j.ExtrasPatternParser(Ljava/lang/String;)V callee: VariableReference: Statement 0, type net.sourceforge.ext4j.log.log4j.ExtrasPatternParserindex is: 1
Matched Method is: finalizeConverter(C)V
TestCase is: String string = "Z]n#|=Wz";
ExtrasPatternParser extrasPatternParser = new ExtrasPatternParser(string);
char _char = 's';
((ExtrasPatternParser) string).finalizeConverter(_char);

statement is: net.sourceforge.ext4j.log.log4j.ExtrasPatternParser(Ljava/lang/String;)V type is: class org.evosuite.testcase.statements.ConstructorStatement return type class net.sourceforge.ext4j.log.log4j.ExtrasPatternParser
statement code is: ExtrasPatternParser extrasPatternParser = new ExtrasPatternParser("lN*m#mt=`")
statement is: finalizeConverter(C)V type is: class org.evosuite.testcase.statements.MethodStatement return type void
statement code is: extrasPatternParser.finalizeConverter('i')
test data is: ExtrasPatternParser extrasPatternParser = new ExtrasPatternParser("lN*m#mt=`");
extrasPatternParser.finalizeConverter('i');

** It was a parseable test case! 
Improved test data is: class DummyClass {
    public static void main() {
        ExtrasPatternParser extrasPatternParser = new ExtrasPatternParser("lN*m#mt=*");
        extrasPatternParser.finalizeConverter('#');
    }
}
statement is: ExtrasPatternParser extrasPatternParser = new ExtrasPatternParser("lN*m#mt=*"), class spoon.support.reflect.code.CtLocalVariableImpl
class spoon.support.reflect.code.CtConstructorCallImpl
statement is: extrasPatternParser.finalizeConverter('#'), class spoon.support.reflect.code.CtInvocationImpl
invocation is: extrasPatternParser.finalizeConverter('#') target is: extrasPatternParser method is: finalizeConverter(char)
source statement: net.sourceforge.ext4j.log.log4j.ExtrasPatternParser(Ljava/lang/String;)V callee: VariableReference: Statement 0, type net.sourceforge.ext4j.log.log4j.ExtrasPatternParserindex is: 1
Matched Method is: finalizeConverter(C)V
TestCase is: String string = "lN*m#mt=*";
ExtrasPatternParser extrasPatternParser = new ExtrasPatternParser(string);
char _char = '#';
((ExtrasPatternParser) string).finalizeConverter(_char);

statement is: net.sourceforge.ext4j.log.log4j.ExtrasPatternParser(Ljava/lang/String;)V type is: class org.evosuite.testcase.statements.ConstructorStatement return type class net.sourceforge.ext4j.log.log4j.ExtrasPatternParser
statement code is: ExtrasPatternParser extrasPatternParser = new ExtrasPatternParser("Precision option (")
statement is: finalizeConverter(C)V type is: class org.evosuite.testcase.statements.MethodStatement return type void
statement code is: extrasPatternParser.finalizeConverter('u')
test data is: ExtrasPatternParser extrasPatternParser = new ExtrasPatternParser("Precision option (");
extrasPatternParser.finalizeConverter('u');

** It was a parseable test case! 
Improved test data is: class DummyClass {
    public static void main() {
        // Improved test data for the ExtrasPatternParser class
        ExtrasPatternParser extrasPatternParser = new ExtrasPatternParser("Precision option (");
        extrasPatternParser.finalizeConverter('U');
    }
}
statement is: // Improved test data for the ExtrasPatternParser class
ExtrasPatternParser extrasPatternParser = new ExtrasPatternParser("Precision option ("), class spoon.support.reflect.code.CtLocalVariableImpl
class spoon.support.reflect.code.CtConstructorCallImpl
statement is: extrasPatternParser.finalizeConverter('U'), class spoon.support.reflect.code.CtInvocationImpl
invocation is: extrasPatternParser.finalizeConverter('U') target is: extrasPatternParser method is: finalizeConverter(char)
source statement: net.sourceforge.ext4j.log.log4j.ExtrasPatternParser(Ljava/lang/String;)V callee: VariableReference: Statement 0, type net.sourceforge.ext4j.log.log4j.ExtrasPatternParserindex is: 1
Matched Method is: finalizeConverter(C)V
TestCase is: String string = "Precision option (";
ExtrasPatternParser extrasPatternParser = new ExtrasPatternParser(string);
char _char = 'U';
((ExtrasPatternParser) string).finalizeConverter(_char);

statement is: net.sourceforge.ext4j.log.log4j.ExtrasPatternParser(Ljava/lang/String;)V type is: class org.evosuite.testcase.statements.ConstructorStatement return type class net.sourceforge.ext4j.log.log4j.ExtrasPatternParser
statement code is: ExtrasPatternParser extrasPatternParser = new ExtrasPatternParser("Precision option (")
statement is: finalizeConverter(C)V type is: class org.evosuite.testcase.statements.MethodStatement return type void
statement code is: extrasPatternParser.finalizeConverter('R')
test data is: ExtrasPatternParser extrasPatternParser = new ExtrasPatternParser("Precision option (");
extrasPatternParser.finalizeConverter('R');

** It was a parseable test case! 
Improved test data is: class DummyClass {
    public static void main() {
        ExtrasPatternParser extrasPatternParser = new ExtrasPatternParser("Precision option (1234567890.12345)");
        extrasPatternParser.finalizeConverter('R');
    }
}
statement is: ExtrasPatternParser extrasPatternParser = new ExtrasPatternParser("Precision option (1234567890.12345)"), class spoon.support.reflect.code.CtLocalVariableImpl
class spoon.support.reflect.code.CtConstructorCallImpl
statement is: extrasPatternParser.finalizeConverter('R'), class spoon.support.reflect.code.CtInvocationImpl
invocation is: extrasPatternParser.finalizeConverter('R') target is: extrasPatternParser method is: finalizeConverter(char)
source statement: net.sourceforge.ext4j.log.log4j.ExtrasPatternParser(Ljava/lang/String;)V callee: VariableReference: Statement 0, type net.sourceforge.ext4j.log.log4j.ExtrasPatternParserindex is: 1
Matched Method is: finalizeConverter(C)V
TestCase is: String string = "Precision option (1234567890.12345)";
ExtrasPatternParser extrasPatternParser = new ExtrasPatternParser(string);
char _char = 'R';
((ExtrasPatternParser) string).finalizeConverter(_char);

statement is: net.sourceforge.ext4j.log.log4j.ExtrasPatternParser(Ljava/lang/String;)V type is: class org.evosuite.testcase.statements.ConstructorStatement return type class net.sourceforge.ext4j.log.log4j.ExtrasPatternParser
statement code is: ExtrasPatternParser extrasPatternParser = new ExtrasPatternParser("lN*m#mt=`")
statement is: finalizeConverter(C)V type is: class org.evosuite.testcase.statements.MethodStatement return type void
statement code is: extrasPatternParser.finalizeConverter('q')
test data is: ExtrasPatternParser extrasPatternParser = new ExtrasPatternParser("lN*m#mt=`");
extrasPatternParser.finalizeConverter('q');

** It was a parseable test case! 
Improved test data is: class DummyClass {
    public static void main() {
        ExtrasPatternParser extrasPatternParser = new ExtrasPatternParser("lN*m#mt=`");
        extrasPatternParser.finalizeConverter('q');
    }
}
statement is: ExtrasPatternParser extrasPatternParser = new ExtrasPatternParser("lN*m#mt=`"), class spoon.support.reflect.code.CtLocalVariableImpl
class spoon.support.reflect.code.CtConstructorCallImpl
statement is: extrasPatternParser.finalizeConverter('q'), class spoon.support.reflect.code.CtInvocationImpl
invocation is: extrasPatternParser.finalizeConverter('q') target is: extrasPatternParser method is: finalizeConverter(char)
source statement: net.sourceforge.ext4j.log.log4j.ExtrasPatternParser(Ljava/lang/String;)V callee: VariableReference: Statement 0, type net.sourceforge.ext4j.log.log4j.ExtrasPatternParserindex is: 1
Matched Method is: finalizeConverter(C)V
TestCase is: String string = "lN*m#mt=`";
ExtrasPatternParser extrasPatternParser = new ExtrasPatternParser(string);
char _char = 'q';
((ExtrasPatternParser) string).finalizeConverter(_char);

* test suite isTestSuite: 12
Test 0: 
ExtrasPatternParser extrasPatternParser = new ExtrasPatternParser("IbW//aT %EI");
extrasPatternParser.parse();

Test 1: 
ExtrasPatternParser extrasPatternParser = new ExtrasPatternParser("Z]n#|=Wz");
extrasPatternParser.finalizeConverter('s');
Test 2: 
ExtrasPatternParser extrasPatternParser = new ExtrasPatternParser("lN*m#mt=`");
extrasPatternParser.finalizeConverter('i');
Test 3: 
ExtrasPatternParser extrasPatternParser = new ExtrasPatternParser("Precision option (");
extrasPatternParser.finalizeConverter('u');
Test 4: 
ExtrasPatternParser extrasPatternParser = new ExtrasPatternParser("Precision option (");
extrasPatternParser.finalizeConverter('R');
Test 5: 
ExtrasPatternParser extrasPatternParser = new ExtrasPatternParser("lN*m#mt=`");
extrasPatternParser.finalizeConverter('q');
Test 6: 
String string = "IbW//aT %EI";
ExtrasPatternParser extrasPatternParser = new ExtrasPatternParser("IbW//aT %EI");
((PatternParser)"IbW//aT %EI").parse();
String string = "3.14 5 6";
ExtrasPatternParser extrasPatternParser = new ExtrasPatternParser(string);
((PatternParser) string).parse();
String string = "three 5 6";
ExtrasPatternParser extrasPatternParser = new ExtrasPatternParser(string);
((PatternParser) string).parse();
String string = "IbW//aT %EI";
ExtrasPatternParser extrasPatternParser = new ExtrasPatternParser(string);
((PatternParser) string).parse();

Test 7: 
ExtrasPatternParser extrasPatternParser = new ExtrasPatternParser("Z]n#|=Wz");
((ExtrasPatternParser)"Z]n#|=Wz").finalizeConverter('s');

Test 8: 
ExtrasPatternParser extrasPatternParser = new ExtrasPatternParser("lN*m#mt=*");
((ExtrasPatternParser)"lN*m#mt=*").finalizeConverter('#');

Test 9: 
ExtrasPatternParser extrasPatternParser = new ExtrasPatternParser("Precision option (");
((ExtrasPatternParser)"Precision option (").finalizeConverter('U');

Test 10: 
ExtrasPatternParser extrasPatternParser = new ExtrasPatternParser("Precision option (1234567890.12345)");
((ExtrasPatternParser)"Precision option (1234567890.12345)").finalizeConverter('R');

Test 11: 
ExtrasPatternParser extrasPatternParser = new ExtrasPatternParser("lN*m#mt=`");
((ExtrasPatternParser)"lN*m#mt=`").finalizeConverter('q');


* Generated after the refinement and before minimization 12 tests with total length 34
* test suite isTestSuite: 12
Test 0: 
ExtrasPatternParser extrasPatternParser = new ExtrasPatternParser("IbW//aT %EI");
extrasPatternParser.parse();

Test 1: 
ExtrasPatternParser extrasPatternParser = new ExtrasPatternParser("Z]n#|=Wz");
extrasPatternParser.finalizeConverter('s');
Test 2: 
ExtrasPatternParser extrasPatternParser = new ExtrasPatternParser("lN*m#mt=`");
extrasPatternParser.finalizeConverter('i');
Test 3: 
ExtrasPatternParser extrasPatternParser = new ExtrasPatternParser("Precision option (");
extrasPatternParser.finalizeConverter('u');
Test 4: 
ExtrasPatternParser extrasPatternParser = new ExtrasPatternParser("Precision option (");
extrasPatternParser.finalizeConverter('R');
Test 5: 
ExtrasPatternParser extrasPatternParser = new ExtrasPatternParser("lN*m#mt=`");
extrasPatternParser.finalizeConverter('q');
Test 6: 
String string = "IbW//aT %EI";
ExtrasPatternParser extrasPatternParser = new ExtrasPatternParser("IbW//aT %EI");
((PatternParser)"IbW//aT %EI").parse();
String string = "3.14 5 6";
ExtrasPatternParser extrasPatternParser = new ExtrasPatternParser(string);
((PatternParser) string).parse();
String string = "three 5 6";
ExtrasPatternParser extrasPatternParser = new ExtrasPatternParser(string);
((PatternParser) string).parse();
String string = "IbW//aT %EI";
ExtrasPatternParser extrasPatternParser = new ExtrasPatternParser(string);
((PatternParser) string).parse();

Test 7: 
ExtrasPatternParser extrasPatternParser = new ExtrasPatternParser("Z]n#|=Wz");
((ExtrasPatternParser)"Z]n#|=Wz").finalizeConverter('s');

Test 8: 
ExtrasPatternParser extrasPatternParser = new ExtrasPatternParser("lN*m#mt=*");
((ExtrasPatternParser)"lN*m#mt=*").finalizeConverter('#');

Test 9: 
ExtrasPatternParser extrasPatternParser = new ExtrasPatternParser("Precision option (");
((ExtrasPatternParser)"Precision option (").finalizeConverter('U');

Test 10: 
ExtrasPatternParser extrasPatternParser = new ExtrasPatternParser("Precision option (1234567890.12345)");
((ExtrasPatternParser)"Precision option (1234567890.12345)").finalizeConverter('R');

Test 11: 
ExtrasPatternParser extrasPatternParser = new ExtrasPatternParser("lN*m#mt=`");
((ExtrasPatternParser)"lN*m#mt=`").finalizeConverter('q');


* Minimizing test suite
* test suite isTestSuite: 6
Test 0: 
ExtrasPatternParser extrasPatternParser = new ExtrasPatternParser("IbW//aT %EI");
extrasPatternParser.parse();

Test 1: 
ExtrasPatternParser extrasPatternParser = new ExtrasPatternParser("Z]n#|=Wz");
extrasPatternParser.finalizeConverter('s');
Test 2: 
ExtrasPatternParser extrasPatternParser = new ExtrasPatternParser("lN*m#mt=`");
extrasPatternParser.finalizeConverter('i');
Test 3: 
ExtrasPatternParser extrasPatternParser = new ExtrasPatternParser("Precision option (");
extrasPatternParser.finalizeConverter('u');
Test 4: 
ExtrasPatternParser extrasPatternParser = new ExtrasPatternParser("Precision option (");
extrasPatternParser.finalizeConverter('R');
Test 5: 
ExtrasPatternParser extrasPatternParser = new ExtrasPatternParser("lN*m#mt=`");
extrasPatternParser.finalizeConverter('q');

* Going to analyze the coverage criteria
* Coverage analysis for criterion BRANCH
* Coverage of criterion BRANCH: 100%
* Total number of goals: 11
* Number of covered goals: 11
* Coverage analysis for criterion LINE
* Coverage of criterion LINE: 100%
* Total number of goals: 14
* Number of covered goals: 14
* Coverage analysis for criterion OUTPUT
* Coverage of criterion OUTPUT: 100% (no goals)
* Coverage analysis for criterion METHOD
* Coverage of criterion METHOD: 100%
* Total number of goals: 2
* Number of covered goals: 2
* Coverage analysis for criterion CBRANCH
* Coverage of criterion CBRANCH: 100%
* Total number of goals: 11
* Number of covered goals: 11
* Generated 6 tests with total length 12
* Resulting test suite's coverage: 100% (average coverage for all fitness functions)
* Generating assertions
* Resulting test suite's mutation score: 0%
* Compiling and checking tests
Going to execute: removeTestsThatDoNotCompile
* Compiling Tests
** Write a test suite: 0 called: 0 to improve: false
* Compiling Tests
** Write a test suite: 0 called: 0 to improve: true
** Improve Understandability: ** Test Code is: ExtrasPatternParser extrasPatternParser = new ExtrasPatternParser("IbW//aT %EI");
PatternConverter parse = extrasPatternParser.parse();
assertNotNull(parse);


** It was a parseable test case! 
refined test name is: testParseReturnsNonNullValue
* Compiling Tests
** Write a test suite: 0 called: 0 to improve: false
* Compiling Tests
** Write a test suite: 0 called: 0 to improve: true
** Improve Understandability: ** Test Code is: ExtrasPatternParser extrasPatternParser = new ExtrasPatternParser("Z]n#|=Wz");
extrasPatternParser.finalizeConverter('s');

** It was a parseable test case! 
refined test name is: testFinalizeConverterWithSpecialCharacter
* Compiling Tests
refined test name is: testFinalizeConverterWithSpecialCharacter
* Compiling Tests
** Write a test suite: 0 called: 0 to improve: false
* Compiling Tests
** Write a test suite: 0 called: 0 to improve: true
** Improve Understandability: ** Test Code is: ExtrasPatternParser extrasPatternParser = new ExtrasPatternParser("lN*m#mt=`");
extrasPatternParser.finalizeConverter('i');

** It was a parseable test case! 
refined test name is: testFinalizeConverter
* Compiling Tests
refined test name is: testFinalizeConverterWithInputCharacterI
* Compiling Tests
** Write a test suite: 0 called: 0 to improve: false
* Compiling Tests
** Write a test suite: 0 called: 0 to improve: true
** Improve Understandability: ** Test Code is: ExtrasPatternParser extrasPatternParser = new ExtrasPatternParser("Precision option (");
extrasPatternParser.finalizeConverter('u');

** It was a parseable test case! 
refined test name is: testParsePrecisionOptionWithUppercaseFinalization
* Compiling Tests
** Write a test suite: 0 called: 0 to improve: false
* Compiling Tests
** Write a test suite: 0 called: 0 to improve: true
** Improve Understandability: ** Test Code is: ExtrasPatternParser extrasPatternParser = new ExtrasPatternParser("Precision option (");
extrasPatternParser.finalizeConverter('R');

** It was a parseable test case! 
refined test name is: testFinalizeConverterWithValidOptionR
* Compiling Tests
refined test name is: testFinalizeConverterWithValidOptionR
* Compiling Tests
** Write a test suite: 0 called: 0 to improve: false
* Compiling Tests
** Write a test suite: 0 called: 0 to improve: true
** Improve Understandability: ** Test Code is: ExtrasPatternParser extrasPatternParser = new ExtrasPatternParser("lN*m#mt=`");
extrasPatternParser.finalizeConverter('q');

** It was a parseable test case! 
refined test name is: testFinalizeConverterreturnsCorrectCharacter
* Compiling Tests
refined test name is: testFinalizeConverterreturnsFinalizedCharacter
Going to execute: handleTestsThatAreUnstable
* Compiling Tests
[MASTER] 04:33:16.339 [logback-1] WARN  AgentLoader - Failed to find EvoSuite jar in current classloader. URLs of classloader:
file:/home/ubuntu/.sdkman/candidates/java/8.0.333.fx-librca/jre/lib/ext/localedata.jar
file:/home/ubuntu/.sdkman/candidates/java/8.0.333.fx-librca/jre/lib/ext/sunjce_provider.jar
file:/home/ubuntu/.sdkman/candidates/java/8.0.333.fx-librca/jre/../lib/tools.jar
file:/home/ubuntu/.sdkman/candidates/java/8.0.333.fx-librca/jre/lib/ext/sunpkcs11.jar
file:/home/ubuntu/.sdkman/candidates/java/8.0.333.fx-librca/jre/lib/ext/jaccess.jar
file:/home/ubuntu/.sdkman/candidates/java/8.0.333.fx-librca/jre/lib/ext/sunec.jar
file:/home/ubuntu/.sdkman/candidates/java/8.0.333.fx-librca/jre/lib/ext/zipfs.jar
file:/home/ubuntu/.sdkman/candidates/java/8.0.333.fx-librca/jre/lib/ext/jfxrt.jar
file:/home/ubuntu/.sdkman/candidates/java/8.0.333.fx-librca/jre/lib/ext/dnsns.jar
file:/tmp/EvoSuite_pathingJar3169058336326749389.jar
file:/home/ubuntu/.sdkman/candidates/java/8.0.333.fx-librca/jre/lib/ext/cldrdata.jar
file:/home/ubuntu/.sdkman/candidates/java/8.0.333.fx-librca/jre/lib/ext/nashorn.jar
[MASTER] 04:33:16.365 [logback-1] WARN  JUnitAnalyzer - Found unstable test named initializationError -> class java.lang.RuntimeException: Cannot find either the compilation target folder nor the EvoSuite jar in classpath: /tmp/EvoSuite_pathingJar3169058336326749389.jar
Going to execute: handleTestsThatAreUnstable
* Compiling Tests
** Write a test suite: 0 called: 0 to improve: false
[MASTER] 04:33:16.497 [logback-1] WARN  AgentLoader - Failed to find EvoSuite jar in current classloader. URLs of classloader:
file:/home/ubuntu/.sdkman/candidates/java/8.0.333.fx-librca/jre/lib/ext/localedata.jar
file:/home/ubuntu/.sdkman/candidates/java/8.0.333.fx-librca/jre/lib/ext/sunjce_provider.jar
file:/home/ubuntu/.sdkman/candidates/java/8.0.333.fx-librca/jre/../lib/tools.jar
file:/home/ubuntu/.sdkman/candidates/java/8.0.333.fx-librca/jre/lib/ext/sunpkcs11.jar
file:/home/ubuntu/.sdkman/candidates/java/8.0.333.fx-librca/jre/lib/ext/jaccess.jar
file:/home/ubuntu/.sdkman/candidates/java/8.0.333.fx-librca/jre/lib/ext/sunec.jar
file:/home/ubuntu/.sdkman/candidates/java/8.0.333.fx-librca/jre/lib/ext/zipfs.jar
file:/home/ubuntu/.sdkman/candidates/java/8.0.333.fx-librca/jre/lib/ext/jfxrt.jar
file:/home/ubuntu/.sdkman/candidates/java/8.0.333.fx-librca/jre/lib/ext/dnsns.jar
file:/tmp/EvoSuite_pathingJar3169058336326749389.jar
file:/home/ubuntu/.sdkman/candidates/java/8.0.333.fx-librca/jre/lib/ext/cldrdata.jar
file:/home/ubuntu/.sdkman/candidates/java/8.0.333.fx-librca/jre/lib/ext/nashorn.jar
Going to execute: handleTestsThatAreUnstable
* Compiling Tests
** Write a test suite: 0 called: 0 to improve: false
[MASTER] 04:33:16.500 [logback-1] WARN  JUnitAnalyzer - Found unstable test named initializationError -> class java.lang.RuntimeException: Cannot find either the compilation target folder nor the EvoSuite jar in classpath: /tmp/EvoSuite_pathingJar3169058336326749389.jar
[MASTER] 04:33:16.609 [logback-1] WARN  AgentLoader - Failed to find EvoSuite jar in current classloader. URLs of classloader:
file:/home/ubuntu/.sdkman/candidates/java/8.0.333.fx-librca/jre/lib/ext/localedata.jar
file:/home/ubuntu/.sdkman/candidates/java/8.0.333.fx-librca/jre/lib/ext/sunjce_provider.jar
file:/home/ubuntu/.sdkman/candidates/java/8.0.333.fx-librca/jre/../lib/tools.jar
file:/home/ubuntu/.sdkman/candidates/java/8.0.333.fx-librca/jre/lib/ext/sunpkcs11.jar
file:/home/ubuntu/.sdkman/candidates/java/8.0.333.fx-librca/jre/lib/ext/jaccess.jar
file:/home/ubuntu/.sdkman/candidates/java/8.0.333.fx-librca/jre/lib/ext/sunec.jar
file:/home/ubuntu/.sdkman/candidates/java/8.0.333.fx-librca/jre/lib/ext/zipfs.jar
file:/home/ubuntu/.sdkman/candidates/java/8.0.333.fx-librca/jre/lib/ext/jfxrt.jar
file:/home/ubuntu/.sdkman/candidates/java/8.0.333.fx-librca/jre/lib/ext/dnsns.jar
file:/tmp/EvoSuite_pathingJar3169058336326749389.jar
file:/home/ubuntu/.sdkman/candidates/java/8.0.333.fx-librca/jre/lib/ext/cldrdata.jar
file:/home/ubuntu/.sdkman/candidates/java/8.0.333.fx-librca/jre/lib/ext/nashorn.jar
[MASTER] 04:33:16.612 [logback-1] WARN  JUnitAnalyzer - Found unstable test named initializationError -> class java.lang.RuntimeException: Cannot find either the compilation target folder nor the EvoSuite jar in classpath: /tmp/EvoSuite_pathingJar3169058336326749389.jar
Going to execute: handleTestsThatAreUnstable
* Compiling Tests
[MASTER] 04:33:16.748 [logback-1] WARN  AgentLoader - Failed to find EvoSuite jar in current classloader. URLs of classloader:
file:/home/ubuntu/.sdkman/candidates/java/8.0.333.fx-librca/jre/lib/ext/localedata.jar
file:/home/ubuntu/.sdkman/candidates/java/8.0.333.fx-librca/jre/lib/ext/sunjce_provider.jar
file:/home/ubuntu/.sdkman/candidates/java/8.0.333.fx-librca/jre/../lib/tools.jar
file:/home/ubuntu/.sdkman/candidates/java/8.0.333.fx-librca/jre/lib/ext/sunpkcs11.jar
file:/home/ubuntu/.sdkman/candidates/java/8.0.333.fx-librca/jre/lib/ext/jaccess.jar
file:/home/ubuntu/.sdkman/candidates/java/8.0.333.fx-librca/jre/lib/ext/sunec.jar
file:/home/ubuntu/.sdkman/candidates/java/8.0.333.fx-librca/jre/lib/ext/zipfs.jar
file:/home/ubuntu/.sdkman/candidates/java/8.0.333.fx-librca/jre/lib/ext/jfxrt.jar
file:/home/ubuntu/.sdkman/candidates/java/8.0.333.fx-librca/jre/lib/ext/dnsns.jar
file:/tmp/EvoSuite_pathingJar3169058336326749389.jar
file:/home/ubuntu/.sdkman/candidates/java/8.0.333.fx-librca/jre/lib/ext/cldrdata.jar
file:/home/ubuntu/.sdkman/candidates/java/8.0.333.fx-librca/jre/lib/ext/nashorn.jar
Going to execute: handleTestsThatAreUnstable
* Compiling Tests
** Write a test suite: 0 called: 0 to improve: false
[MASTER] 04:33:16.751 [logback-1] WARN  JUnitAnalyzer - Found unstable test named initializationError -> class java.lang.RuntimeException: Cannot find either the compilation target folder nor the EvoSuite jar in classpath: /tmp/EvoSuite_pathingJar3169058336326749389.jar
[MASTER] 04:33:16.864 [logback-1] WARN  AgentLoader - Failed to find EvoSuite jar in current classloader. URLs of classloader:
file:/home/ubuntu/.sdkman/candidates/java/8.0.333.fx-librca/jre/lib/ext/localedata.jar
file:/home/ubuntu/.sdkman/candidates/java/8.0.333.fx-librca/jre/lib/ext/sunjce_provider.jar
file:/home/ubuntu/.sdkman/candidates/java/8.0.333.fx-librca/jre/../lib/tools.jar
file:/home/ubuntu/.sdkman/candidates/java/8.0.333.fx-librca/jre/lib/ext/sunpkcs11.jar
file:/home/ubuntu/.sdkman/candidates/java/8.0.333.fx-librca/jre/lib/ext/jaccess.jar
file:/home/ubuntu/.sdkman/candidates/java/8.0.333.fx-librca/jre/lib/ext/sunec.jar
file:/home/ubuntu/.sdkman/candidates/java/8.0.333.fx-librca/jre/lib/ext/zipfs.jar
file:/home/ubuntu/.sdkman/candidates/java/8.0.333.fx-librca/jre/lib/ext/jfxrt.jar
file:/home/ubuntu/.sdkman/candidates/java/8.0.333.fx-librca/jre/lib/ext/dnsns.jar
file:/tmp/EvoSuite_pathingJar3169058336326749389.jar
file:/home/ubuntu/.sdkman/candidates/java/8.0.333.fx-librca/jre/lib/ext/cldrdata.jar
file:/home/ubuntu/.sdkman/candidates/java/8.0.333.fx-librca/jre/lib/ext/nashorn.jar
Going to execute: handleTestsThatAreUnstable
* Compiling Tests
** Write a test suite: 0 called: 0 to improve: false
[MASTER] 04:33:16.867 [logback-1] WARN  JUnitAnalyzer - Found unstable test named initializationError -> class java.lang.RuntimeException: Cannot find either the compilation target folder nor the EvoSuite jar in classpath: /tmp/EvoSuite_pathingJar3169058336326749389.jar
[MASTER] 04:33:16.995 [logback-1] WARN  AgentLoader - Failed to find EvoSuite jar in current classloader. URLs of classloader:
file:/home/ubuntu/.sdkman/candidates/java/8.0.333.fx-librca/jre/lib/ext/localedata.jar
file:/home/ubuntu/.sdkman/candidates/java/8.0.333.fx-librca/jre/lib/ext/sunjce_provider.jar
file:/home/ubuntu/.sdkman/candidates/java/8.0.333.fx-librca/jre/../lib/tools.jar
file:/home/ubuntu/.sdkman/candidates/java/8.0.333.fx-librca/jre/lib/ext/sunpkcs11.jar
file:/home/ubuntu/.sdkman/candidates/java/8.0.333.fx-librca/jre/lib/ext/jaccess.jar
file:/home/ubuntu/.sdkman/candidates/java/8.0.333.fx-librca/jre/lib/ext/sunec.jar
file:/home/ubuntu/.sdkman/candidates/java/8.0.333.fx-librca/jre/lib/ext/zipfs.jar
file:/home/ubuntu/.sdkman/candidates/java/8.0.333.fx-librca/jre/lib/ext/jfxrt.jar
file:/home/ubuntu/.sdkman/candidates/java/8.0.333.fx-librca/jre/lib/ext/dnsns.jar
file:/tmp/EvoSuite_pathingJar3169058336326749389.jar
file:/home/ubuntu/.sdkman/candidates/java/8.0.333.fx-librca/jre/lib/ext/cldrdata.jar
file:/home/ubuntu/.sdkman/candidates/java/8.0.333.fx-librca/jre/lib/ext/nashorn.jar
Going to execute: handleTestsThatAreUnstable
* Compiling Tests
[MASTER] 04:33:16.998 [logback-1] WARN  JUnitAnalyzer - Found unstable test named initializationError -> class java.lang.RuntimeException: Cannot find either the compilation target folder nor the EvoSuite jar in classpath: /tmp/EvoSuite_pathingJar3169058336326749389.jar
** Write a test suite: 1 called: 0 to improve: false
** Write a test suite: 2 called: 1 to improve: false
** Write a test suite: 4 called: 2 to improve: false
** Write a test suite: 5 called: 3 to improve: false
[MASTER] 04:33:17.158 [logback-1] WARN  AgentLoader - Failed to find EvoSuite jar in current classloader. URLs of classloader:
file:/home/ubuntu/.sdkman/candidates/java/8.0.333.fx-librca/jre/lib/ext/localedata.jar
file:/home/ubuntu/.sdkman/candidates/java/8.0.333.fx-librca/jre/lib/ext/sunjce_provider.jar
file:/home/ubuntu/.sdkman/candidates/java/8.0.333.fx-librca/jre/../lib/tools.jar
file:/home/ubuntu/.sdkman/candidates/java/8.0.333.fx-librca/jre/lib/ext/sunpkcs11.jar
file:/home/ubuntu/.sdkman/candidates/java/8.0.333.fx-librca/jre/lib/ext/jaccess.jar
file:/home/ubuntu/.sdkman/candidates/java/8.0.333.fx-librca/jre/lib/ext/sunec.jar
file:/home/ubuntu/.sdkman/candidates/java/8.0.333.fx-librca/jre/lib/ext/zipfs.jar
file:/home/ubuntu/.sdkman/candidates/java/8.0.333.fx-librca/jre/lib/ext/jfxrt.jar
file:/home/ubuntu/.sdkman/candidates/java/8.0.333.fx-librca/jre/lib/ext/dnsns.jar
file:/tmp/EvoSuite_pathingJar3169058336326749389.jar
file:/home/ubuntu/.sdkman/candidates/java/8.0.333.fx-librca/jre/lib/ext/cldrdata.jar
file:/home/ubuntu/.sdkman/candidates/java/8.0.333.fx-librca/jre/lib/ext/nashorn.jar
Going to execute: handleTestsThatAreUnstable
* Compiling Tests
** Write a test suite: 0 called: 0 to improve: false
** Write a test suite: 1 called: 1 to improve: false
** Write a test suite: 3 called: 2 to improve: false
** Write a test suite: 4 called: 3 to improve: false
[MASTER] 04:33:17.161 [logback-1] WARN  JUnitAnalyzer - Found unstable test named initializationError -> class java.lang.RuntimeException: Cannot find either the compilation target folder nor the EvoSuite jar in classpath: /tmp/EvoSuite_pathingJar3169058336326749389.jar
[MASTER] 04:33:17.303 [logback-1] WARN  AgentLoader - Failed to find EvoSuite jar in current classloader. URLs of classloader:
file:/home/ubuntu/.sdkman/candidates/java/8.0.333.fx-librca/jre/lib/ext/localedata.jar
file:/home/ubuntu/.sdkman/candidates/java/8.0.333.fx-librca/jre/lib/ext/sunjce_provider.jar
file:/home/ubuntu/.sdkman/candidates/java/8.0.333.fx-librca/jre/../lib/tools.jar
file:/home/ubuntu/.sdkman/candidates/java/8.0.333.fx-librca/jre/lib/ext/sunpkcs11.jar
file:/home/ubuntu/.sdkman/candidates/java/8.0.333.fx-librca/jre/lib/ext/jaccess.jar
file:/home/ubuntu/.sdkman/candidates/java/8.0.333.fx-librca/jre/lib/ext/sunec.jar
file:/home/ubuntu/.sdkman/candidates/java/8.0.333.fx-librca/jre/lib/ext/zipfs.jar
file:/home/ubuntu/.sdkman/candidates/java/8.0.333.fx-librca/jre/lib/ext/jfxrt.jar
file:/home/ubuntu/.sdkman/candidates/java/8.0.333.fx-librca/jre/lib/ext/dnsns.jar
file:/tmp/EvoSuite_pathingJar3169058336326749389.jar
file:/home/ubuntu/.sdkman/candidates/java/8.0.333.fx-librca/jre/lib/ext/cldrdata.jar
file:/home/ubuntu/.sdkman/candidates/java/8.0.333.fx-librca/jre/lib/ext/nashorn.jar
* Writing tests to file
* Writing JUnit test case 'ExtrasPatternParser_ESTest' to evosuite-tests
[MASTER] 04:33:17.306 [logback-1] WARN  JUnitAnalyzer - Found unstable test named initializationError -> class java.lang.RuntimeException: Cannot find either the compilation target folder nor the EvoSuite jar in classpath: /tmp/EvoSuite_pathingJar3169058336326749389.jar
** Write a test suite: 0 called: 0 to improve: false
** Write a test suite: 1 called: 1 to improve: false
** Write a test suite: 3 called: 2 to improve: false
** Write a test suite: 4 called: 3 to improve: false
* Done!

* Computation finished
