* EvoSuite 1.2.0
* WARNING - Generating JUnit 5 tests with the option to use a separate classloader will result in not runnable tests. Set either -Dtest_format=JUNIT4 or -Duse_separate_classloader=false
* Going to generate test cases for class: jipa.Variable
* Starting Client-0
* Properties loaded from /home/roham/Results-Utestgen/dataset/SF110-ES-res/26_jipa/evosuite-files/evosuite.properties
* Connecting to master process on port 18361
* Analyzing classpath: 
* Inheritance tree loaded from evosuite-files/inheritance.xml.gz
[MASTER] 21:15:19.129 [logback-1] WARN  InheritanceTree - Class not in inheritance graph: java.util.function.Consumer
[MASTER] 21:15:19.139 [logback-1] WARN  InheritanceTree - Class not in inheritance graph: java.util.function.Predicate
[MASTER] 21:15:19.140 [logback-1] WARN  InheritanceTree - Class not in inheritance graph: java.util.function.UnaryOperator
[MASTER] 21:15:19.146 [logback-1] WARN  InheritanceTree - Class not in inheritance graph: java.util.function.Function
* Finished analyzing classpath
* Generating tests for class jipa.Variable
* Test criteria:
  - Branch Coverage
  - Line Coverage
  - Method-Output Coverage
  - Top-Level Method Coverage
  - Context Branch Coverage
* Total number of test goals for DYNAMOSA: 92
* Using seed 1709759718298
* Starting evolution
[Progress:>                             0%] [Cov:>                                  0%]* Initial Number of Goals in DynaMOSA = 39 / 92
[Progress:>                             0%] [Cov:===================================100%]
* Search finished after 0s and 0 generations, 821 statements, best individual has fitness: 0.0
* Minimizing test suite
* Going to analyze the coverage criteria
* Coverage analysis for criterion BRANCH
* Coverage of criterion BRANCH: 100%
* Total number of goals: 23
* Number of covered goals: 23
* Coverage analysis for criterion LINE
* Coverage of criterion LINE: 100%
* Total number of goals: 37
* Number of covered goals: 37
* Coverage analysis for criterion OUTPUT
* Coverage of criterion OUTPUT: 100%
* Total number of goals: 5
* Number of covered goals: 5
* Coverage analysis for criterion METHOD
* Coverage of criterion METHOD: 100%
* Total number of goals: 4
* Number of covered goals: 4
* Coverage analysis for criterion CBRANCH
* Coverage of criterion CBRANCH: 100%
* Total number of goals: 23
* Number of covered goals: 23
* Generated 3 tests with total length 24
* Resulting test suite's coverage: 100% (average coverage for all fitness functions)
* Generating assertions
* Resulting test suite's mutation score: 34%
* Compiling and checking tests
[MASTER] 21:15:27.255 [logback-1] WARN  JUnitAnalyzer - Found unstable test named testRemoveVariable() -> org.opentest4j.AssertionFailedError: Expecting exception: IndexOutOfBoundsException
[MASTER] 21:15:30.325 [logback-1] WARN  JUnitAnalyzer - Found unstable test named testGetVariableValue() -> org.opentest4j.AssertionFailedError: expected: <0> but was: <-1>
[MASTER] 21:15:33.411 [logback-1] WARN  JUnitAnalyzer - Found unstable test named testGetVariableValueReturningPositive() -> org.opentest4j.AssertionFailedError: expected: <0> but was: <-1>
[MASTER] 21:15:33.411 [logback-1] WARN  JUnitAnalyzer - Found unstable test named testRemoveVariable() -> org.opentest4j.AssertionFailedError: Expecting exception: IndexOutOfBoundsException
[MASTER] 21:15:36.500 [logback-1] WARN  JUnitAnalyzer - Found unstable test named testGetVariableValueReturningPositive() -> org.opentest4j.AssertionFailedError: expected: <0> but was: <-1>
[MASTER] 21:15:36.500 [logback-1] WARN  JUnitAnalyzer - Found unstable test named testRemoveVariable() -> org.opentest4j.AssertionFailedError: Expecting exception: IndexOutOfBoundsException
* Writing tests to file
* Writing JUnit test case 'Variable_ESTest' to evosuite-tests
* Done!

* Computation finished
