* EvoSuite 1.0.0-SNAPSHOT
* Going to generate test cases for class: jigl.image.ops.levelOps.Clip
* Starting Client-0
* Properties loaded from /home/roham/Results-Utestgen/dataset/SF110-new-res/89_jiggler/evosuite-files/evosuite.properties
* Connecting to master process on port 18341
* Analyzing classpath: 
* Inheritance tree loaded from evosuite-files/inheritance.xml.gz
[MASTER] 10:01:14.194 [logback-1] WARN  InheritanceTree - Class not in inheritance graph: java.util.function.BiFunction
[MASTER] 10:01:14.195 [logback-1] WARN  InheritanceTree - Class not in inheritance graph: java.util.function.Function
[MASTER] 10:01:14.196 [logback-1] WARN  InheritanceTree - Class not in inheritance graph: java.util.function.BiConsumer
[MASTER] 10:01:15.347 [logback-1] WARN  InheritanceTree - Class not in inheritance graph: java.util.function.Consumer
[MASTER] 10:01:15.349 [logback-1] WARN  InheritanceTree - Class not in inheritance graph: java.util.function.Predicate
[MASTER] 10:01:15.368 [logback-1] WARN  InheritanceTree - Class not in inheritance graph: java.util.function.UnaryOperator
[MASTER] 10:01:17.962 [logback-1] WARN  InheritanceTree - Class not in inheritance graph: java.time.ZoneId
[MASTER] 10:01:18.022 [logback-1] WARN  InheritanceTree - Class not in inheritance graph: java.time.temporal.Temporal
[MASTER] 10:01:18.022 [logback-1] WARN  InheritanceTree - Class not in inheritance graph: java.time.temporal.TemporalAccessor
[MASTER] 10:01:18.023 [logback-1] WARN  InheritanceTree - Class not in inheritance graph: java.time.temporal.TemporalField
[MASTER] 10:01:18.023 [logback-1] WARN  InheritanceTree - Class not in inheritance graph: java.time.temporal.TemporalUnit
[MASTER] 10:01:18.023 [logback-1] WARN  InheritanceTree - Class not in inheritance graph: java.time.temporal.TemporalAmount
[MASTER] 10:01:18.023 [logback-1] WARN  InheritanceTree - Class not in inheritance graph: java.time.Clock
[MASTER] 10:01:18.024 [logback-1] WARN  InheritanceTree - Class not in inheritance graph: java.time.temporal.TemporalQuery
[MASTER] 10:01:18.024 [logback-1] WARN  InheritanceTree - Class not in inheritance graph: java.time.temporal.TemporalAdjuster
[MASTER] 10:01:18.046 [logback-1] WARN  InheritanceTree - Class not in inheritance graph: java.time.chrono.Chronology
* Finished analyzing classpath
* Generating tests for class jigl.image.ops.levelOps.Clip
* Test criteria:
  - Branch Coverage
  - Line Coverage
  - Method-Output Coverage
  - Top-Level Method Coverage
  - Context Branch Coverage
* Total number of test goals for DYNAMOSA: 200
* Using seed 1710410469614
* Starting evolution
[Progress:>                             0%] [Cov:>                                  0%]* Initial Number of Goals in DynaMOSA = 122 / 200
[MASTER] 10:01:20.468 [logback-1] WARN  TestCluster - Failed to check cache for jigl.image.Image<T> : Type points to itself
[Progress:>                             0%] [Cov:=================>                 50%][Progress:>                             1%] [Cov:=====================>             61%][Progress:>                             1%] [Cov:======================>            65%][Progress:>                             1%] [Cov:======================>            65%][Progress:>                             2%] [Cov:======================>            65%][Progress:>                             2%] [Cov:=======================>           66%][Progress:>                             3%] [Cov:=======================>           66%][Progress:>                             3%] [Cov:=======================>           68%][Progress:>                             3%] [Cov:=======================>           68%][Progress:>                             3%] [Cov:========================>          70%][Progress:>                             3%] [Cov:========================>          70%][Progress:>                             3%] [Cov:========================>          71%][Progress:>                             3%] [Cov:========================>          71%][Progress:>                             3%] [Cov:=========================>         73%]* Computation finished
