* EvoSuite 1.2.1-SNAPSHOT
* Going to generate test cases for class: jigl.image.ops.levelOps.Clip
* Starting Client-0
* Properties loaded from /home/ubuntu/UTestGen/Evaluation/getting_results/dataset/SF110/89_jiggler/evosuite-files/evosuite.properties
* Connecting to master process on port 7274
* Analyzing classpath: 
* Inheritance tree loaded from evosuite-files/inheritance.xml.gz
[MASTER] 09:46:21.969 [logback-1] WARN  InheritanceTree - Class not in inheritance graph: java.util.function.BiFunction
[MASTER] 09:46:21.973 [logback-1] WARN  InheritanceTree - Class not in inheritance graph: java.util.function.Function
[MASTER] 09:46:21.974 [logback-1] WARN  InheritanceTree - Class not in inheritance graph: java.util.function.BiConsumer
[MASTER] 09:46:22.401 [logback-1] WARN  InheritanceTree - Class not in inheritance graph: java.util.function.Consumer
[MASTER] 09:46:22.402 [logback-1] WARN  InheritanceTree - Class not in inheritance graph: java.util.function.Predicate
[MASTER] 09:46:22.413 [logback-1] WARN  InheritanceTree - Class not in inheritance graph: java.util.function.UnaryOperator
[MASTER] 09:46:23.695 [logback-1] WARN  InheritanceTree - Class not in inheritance graph: java.time.ZoneId
[MASTER] 09:46:23.785 [logback-1] WARN  InheritanceTree - Class not in inheritance graph: java.time.temporal.Temporal
[MASTER] 09:46:23.786 [logback-1] WARN  InheritanceTree - Class not in inheritance graph: java.time.temporal.TemporalAccessor
[MASTER] 09:46:23.786 [logback-1] WARN  InheritanceTree - Class not in inheritance graph: java.time.temporal.TemporalField
[MASTER] 09:46:23.787 [logback-1] WARN  InheritanceTree - Class not in inheritance graph: java.time.temporal.TemporalUnit
[MASTER] 09:46:23.788 [logback-1] WARN  InheritanceTree - Class not in inheritance graph: java.time.temporal.TemporalAmount
[MASTER] 09:46:23.788 [logback-1] WARN  InheritanceTree - Class not in inheritance graph: java.time.Clock
[MASTER] 09:46:23.789 [logback-1] WARN  InheritanceTree - Class not in inheritance graph: java.time.temporal.TemporalQuery
[MASTER] 09:46:23.790 [logback-1] WARN  InheritanceTree - Class not in inheritance graph: java.time.temporal.TemporalAdjuster
[MASTER] 09:46:23.799 [logback-1] WARN  InheritanceTree - Class not in inheritance graph: java.time.chrono.Chronology
* Finished analyzing classpath
* Generating tests for class jigl.image.ops.levelOps.Clip
* Test criteria:
  - Branch Coverage
  - Line Coverage
  - Method-Output Coverage
  - Top-Level Method Coverage
  - Context Branch Coverage
[Progress:>                             0%] [Cov:>                                  0%]* Total number of test goals for DYNAMOSA: 200
* Using seed 1709286379059
* Starting evolution
* Initial Number of Goals in DynaMOSA = 122 / 200
[MASTER] 09:46:25.644 [logback-1] WARN  TestCluster - Failed to check cache for jigl.image.Image<T> : Type points to itself
[Progress:>                             1%] [Cov:==================>                52%][Progress:==============================100%] [Cov:==================>                52%]
* Search finished after 276s and 1 generations, 667 statements, best individual has fitness: 116.0
