* EvoSuite 1.0.0-SNAPSHOT
* Going to generate test cases for class: jigl.image.levelSetTool.LevelSetNudge
* Starting Client-0
* Properties loaded from /home/roham/Results-Utestgen/dataset/SF110-new-res/89_jiggler/evosuite-files/evosuite.properties
* Connecting to master process on port 12541
* Analyzing classpath: 
* Inheritance tree loaded from evosuite-files/inheritance.xml.gz
[MASTER] 00:08:31.141 [logback-1] WARN  InheritanceTree - Class not in inheritance graph: java.util.function.BiFunction
[MASTER] 00:08:31.144 [logback-1] WARN  InheritanceTree - Class not in inheritance graph: java.util.function.Function
[MASTER] 00:08:31.146 [logback-1] WARN  InheritanceTree - Class not in inheritance graph: java.util.function.BiConsumer
[MASTER] 00:08:32.264 [logback-1] WARN  InheritanceTree - Class not in inheritance graph: java.util.function.Consumer
[MASTER] 00:08:32.266 [logback-1] WARN  InheritanceTree - Class not in inheritance graph: java.util.function.Predicate
[MASTER] 00:08:32.292 [logback-1] WARN  InheritanceTree - Class not in inheritance graph: java.util.function.UnaryOperator
[MASTER] 00:08:34.942 [logback-1] WARN  InheritanceTree - Class not in inheritance graph: java.time.ZoneId
[MASTER] 00:08:35.008 [logback-1] WARN  InheritanceTree - Class not in inheritance graph: java.time.temporal.Temporal
[MASTER] 00:08:35.009 [logback-1] WARN  InheritanceTree - Class not in inheritance graph: java.time.temporal.TemporalAccessor
[MASTER] 00:08:35.009 [logback-1] WARN  InheritanceTree - Class not in inheritance graph: java.time.temporal.TemporalField
[MASTER] 00:08:35.010 [logback-1] WARN  InheritanceTree - Class not in inheritance graph: java.time.temporal.TemporalUnit
[MASTER] 00:08:35.010 [logback-1] WARN  InheritanceTree - Class not in inheritance graph: java.time.temporal.TemporalAmount
[MASTER] 00:08:35.011 [logback-1] WARN  InheritanceTree - Class not in inheritance graph: java.time.Clock
[MASTER] 00:08:35.011 [logback-1] WARN  InheritanceTree - Class not in inheritance graph: java.time.temporal.TemporalQuery
[MASTER] 00:08:35.022 [logback-1] WARN  InheritanceTree - Class not in inheritance graph: java.time.temporal.TemporalAdjuster
[MASTER] 00:08:35.065 [logback-1] WARN  InheritanceTree - Class not in inheritance graph: java.time.chrono.Chronology
* Finished analyzing classpath
* Generating tests for class jigl.image.levelSetTool.LevelSetNudge
* Test criteria:
  - Branch Coverage
  - Line Coverage
  - Method-Output Coverage
  - Top-Level Method Coverage
  - Context Branch Coverage
[Progress:>                             0%] [Cov:>                                  0%]* Total number of test goals for DYNAMOSA: 407
* Using seed 1710461308435
* Starting evolution
* Initial Number of Goals in DynaMOSA = 48 / 407
[Progress:>                             0%] [Cov:================>                  47%][Progress:>                             0%] [Cov:=================>                 49%][Progress:>                             1%] [Cov:=================>                 50%][Progress:>                             1%] [Cov:=================>                 50%][Progress:>                             1%] [Cov:=================>                 50%][Progress:>                             2%] [Cov:=================>                 50%][Progress:>                             2%] [Cov:=================>                 50%][Progress:>                             2%] [Cov:=================>                 50%][Progress:>                             2%] [Cov:=================>                 51%][Progress:>                             3%] [Cov:=================>                 51%][Progress:>                             3%] [Cov:=================>                 51%][Progress:>                             3%] [Cov:=================>                 51%][Progress:>                             3%] [Cov:=================>                 51%][Progress:>                             3%] [Cov:=================>                 51%][Progress:=>                            4%] [Cov:=================>                 51%][Progress:=>                            4%] [Cov:=================>                 51%]* Computation finished
