* EvoSuite 1.0.0-SNAPSHOT
* Going to generate test cases for class: jigl.image.ops.Shift
* Starting Client-0
* Properties loaded from /home/roham/Results-Utestgen/dataset/SF110-new-res/89_jiggler/evosuite-files/evosuite.properties
* Connecting to master process on port 5459
* Analyzing classpath: 
* Inheritance tree loaded from evosuite-files/inheritance.xml.gz
[MASTER] 18:28:25.139 [logback-1] WARN  InheritanceTree - Class not in inheritance graph: java.util.function.BiFunction
[MASTER] 18:28:25.141 [logback-1] WARN  InheritanceTree - Class not in inheritance graph: java.util.function.Function
[MASTER] 18:28:25.143 [logback-1] WARN  InheritanceTree - Class not in inheritance graph: java.util.function.BiConsumer
[MASTER] 18:28:26.469 [logback-1] WARN  InheritanceTree - Class not in inheritance graph: java.util.function.Consumer
[MASTER] 18:28:26.471 [logback-1] WARN  InheritanceTree - Class not in inheritance graph: java.util.function.Predicate
[MASTER] 18:28:26.499 [logback-1] WARN  InheritanceTree - Class not in inheritance graph: java.util.function.UnaryOperator
[MASTER] 18:28:30.189 [logback-1] WARN  InheritanceTree - Class not in inheritance graph: java.time.ZoneId
[MASTER] 18:28:30.288 [logback-1] WARN  InheritanceTree - Class not in inheritance graph: java.time.temporal.Temporal
[MASTER] 18:28:30.289 [logback-1] WARN  InheritanceTree - Class not in inheritance graph: java.time.temporal.TemporalAccessor
[MASTER] 18:28:30.290 [logback-1] WARN  InheritanceTree - Class not in inheritance graph: java.time.temporal.TemporalField
[MASTER] 18:28:30.291 [logback-1] WARN  InheritanceTree - Class not in inheritance graph: java.time.temporal.TemporalUnit
[MASTER] 18:28:30.293 [logback-1] WARN  InheritanceTree - Class not in inheritance graph: java.time.temporal.TemporalAmount
[MASTER] 18:28:30.293 [logback-1] WARN  InheritanceTree - Class not in inheritance graph: java.time.Clock
[MASTER] 18:28:30.295 [logback-1] WARN  InheritanceTree - Class not in inheritance graph: java.time.temporal.TemporalQuery
[MASTER] 18:28:30.296 [logback-1] WARN  InheritanceTree - Class not in inheritance graph: java.time.temporal.TemporalAdjuster
[MASTER] 18:28:30.367 [logback-1] WARN  InheritanceTree - Class not in inheritance graph: java.time.chrono.Chronology
* Finished analyzing classpath
* Generating tests for class jigl.image.ops.Shift
* Test criteria:
  - Branch Coverage
  - Line Coverage
  - Method-Output Coverage
  - Top-Level Method Coverage
  - Context Branch Coverage
[Progress:>                             0%] [Cov:>                                  0%]* Total number of test goals for DYNAMOSA: 220
* Using seed 1710440900996
* Starting evolution
* Initial Number of Goals in DynaMOSA = 82 / 220
[MASTER] 18:28:33.401 [logback-1] WARN  TestCluster - Failed to check cache for jigl.image.Image<T> : Type points to itself
[Progress:>                             1%] [Cov:==================>                54%][Progress:>                             2%] [Cov:======================>            64%][Progress:>                             2%] [Cov:=======================>           66%][Progress:>                             3%] [Cov:=======================>           66%][Progress:=>                            4%] [Cov:=======================>           66%][Progress:=>                            5%] [Cov:========================>          70%][Progress:=>                            5%] [Cov:========================>          70%][Progress:=>                            6%] [Cov:==========================>        75%]* Computation finished
