* EvoSuite 1.0.0-SNAPSHOT
* Going to generate test cases for class: jigl.image.levelSetTool.LevelSetNudge
* Starting Client-0
* Properties loaded from /home/roham/Results-Utestgen/dataset/SF110-new-res/89_jiggler/evosuite-files/evosuite.properties
* Connecting to master process on port 18459
* Analyzing classpath: 
* Inheritance tree loaded from evosuite-files/inheritance.xml.gz
[MASTER] 18:29:25.746 [logback-1] WARN  InheritanceTree - Class not in inheritance graph: java.util.function.BiFunction
[MASTER] 18:29:25.751 [logback-1] WARN  InheritanceTree - Class not in inheritance graph: java.util.function.Function
[MASTER] 18:29:25.753 [logback-1] WARN  InheritanceTree - Class not in inheritance graph: java.util.function.BiConsumer
[MASTER] 18:29:27.360 [logback-1] WARN  InheritanceTree - Class not in inheritance graph: java.util.function.Consumer
[MASTER] 18:29:27.362 [logback-1] WARN  InheritanceTree - Class not in inheritance graph: java.util.function.Predicate
[MASTER] 18:29:27.396 [logback-1] WARN  InheritanceTree - Class not in inheritance graph: java.util.function.UnaryOperator
[MASTER] 18:29:31.414 [logback-1] WARN  InheritanceTree - Class not in inheritance graph: java.time.ZoneId
[MASTER] 18:29:31.516 [logback-1] WARN  InheritanceTree - Class not in inheritance graph: java.time.temporal.Temporal
[MASTER] 18:29:31.522 [logback-1] WARN  InheritanceTree - Class not in inheritance graph: java.time.temporal.TemporalAccessor
[MASTER] 18:29:31.523 [logback-1] WARN  InheritanceTree - Class not in inheritance graph: java.time.temporal.TemporalField
[MASTER] 18:29:31.524 [logback-1] WARN  InheritanceTree - Class not in inheritance graph: java.time.temporal.TemporalUnit
[MASTER] 18:29:31.524 [logback-1] WARN  InheritanceTree - Class not in inheritance graph: java.time.temporal.TemporalAmount
[MASTER] 18:29:31.525 [logback-1] WARN  InheritanceTree - Class not in inheritance graph: java.time.Clock
[MASTER] 18:29:31.528 [logback-1] WARN  InheritanceTree - Class not in inheritance graph: java.time.temporal.TemporalQuery
[MASTER] 18:29:31.531 [logback-1] WARN  InheritanceTree - Class not in inheritance graph: java.time.temporal.TemporalAdjuster
[MASTER] 18:29:31.578 [logback-1] WARN  InheritanceTree - Class not in inheritance graph: java.time.chrono.Chronology
* Finished analyzing classpath
* Generating tests for class jigl.image.levelSetTool.LevelSetNudge
* Test criteria:
  - Branch Coverage
  - Line Coverage
  - Method-Output Coverage
  - Top-Level Method Coverage
  - Context Branch Coverage
* Total number of test goals for DYNAMOSA: 407
* Using seed 1710440961571
* Starting evolution
[Progress:>                             0%] [Cov:>                                  0%]* Initial Number of Goals in DynaMOSA = 48 / 407
[Progress:>                             0%] [Cov:==========>                        30%][Progress:>                             2%] [Cov:=================>                 49%][Progress:>                             3%] [Cov:=================>                 49%][Progress:=>                            4%] [Cov:=================>                 50%][Progress:=>                            5%] [Cov:=================>                 50%][Progress:=>                            6%] [Cov:=================>                 50%]* Computation finished
