* EvoSuite 1.0.0-SNAPSHOT
* Going to generate test cases for class: jigl.image.ops.ConnectedComponents
* Starting Client-0
* Properties loaded from /home/roham/Results-Utestgen/dataset/SF110-new-res/89_jiggler/evosuite-files/evosuite.properties
* Connecting to master process on port 5962
* Analyzing classpath: 
* Inheritance tree loaded from evosuite-files/inheritance.xml.gz
[MASTER] 18:28:58.412 [logback-1] WARN  InheritanceTree - Class not in inheritance graph: java.util.function.BiFunction
[MASTER] 18:28:58.413 [logback-1] WARN  InheritanceTree - Class not in inheritance graph: java.util.function.Function
[MASTER] 18:28:58.415 [logback-1] WARN  InheritanceTree - Class not in inheritance graph: java.util.function.BiConsumer
[MASTER] 18:28:59.604 [logback-1] WARN  InheritanceTree - Class not in inheritance graph: java.util.function.Consumer
[MASTER] 18:28:59.606 [logback-1] WARN  InheritanceTree - Class not in inheritance graph: java.util.function.Predicate
[MASTER] 18:28:59.639 [logback-1] WARN  InheritanceTree - Class not in inheritance graph: java.util.function.UnaryOperator
[MASTER] 18:29:03.560 [logback-1] WARN  InheritanceTree - Class not in inheritance graph: java.time.ZoneId
[MASTER] 18:29:03.696 [logback-1] WARN  InheritanceTree - Class not in inheritance graph: java.time.temporal.Temporal
[MASTER] 18:29:03.697 [logback-1] WARN  InheritanceTree - Class not in inheritance graph: java.time.temporal.TemporalAccessor
[MASTER] 18:29:03.697 [logback-1] WARN  InheritanceTree - Class not in inheritance graph: java.time.temporal.TemporalField
[MASTER] 18:29:03.698 [logback-1] WARN  InheritanceTree - Class not in inheritance graph: java.time.temporal.TemporalUnit
[MASTER] 18:29:03.699 [logback-1] WARN  InheritanceTree - Class not in inheritance graph: java.time.temporal.TemporalAmount
[MASTER] 18:29:03.699 [logback-1] WARN  InheritanceTree - Class not in inheritance graph: java.time.Clock
[MASTER] 18:29:03.700 [logback-1] WARN  InheritanceTree - Class not in inheritance graph: java.time.temporal.TemporalQuery
[MASTER] 18:29:03.701 [logback-1] WARN  InheritanceTree - Class not in inheritance graph: java.time.temporal.TemporalAdjuster
[MASTER] 18:29:03.742 [logback-1] WARN  InheritanceTree - Class not in inheritance graph: java.time.chrono.Chronology
* Finished analyzing classpath
* Generating tests for class jigl.image.ops.ConnectedComponents
* Test criteria:
  - Branch Coverage
  - Line Coverage
  - Method-Output Coverage
  - Top-Level Method Coverage
  - Context Branch Coverage
* Total number of test goals for DYNAMOSA: 241
* Using seed 1710440934715
* Starting evolution
[Progress:>                             0%] [Cov:>                                  0%]* Initial Number of Goals in DynaMOSA = 36 / 241
[MASTER] 18:29:05.929 [logback-1] WARN  TestCluster - Failed to check cache for jigl.image.Image<T> : Type points to itself
[Progress:>                             0%] [Cov:=====>                             17%][Progress:>                             0%] [Cov:==============>                    42%][Progress:>                             0%] [Cov:================>                  46%][Progress:>                             1%] [Cov:================>                  46%][Progress:>                             1%] [Cov:================>                  46%][Progress:>                             2%] [Cov:================>                  46%][Progress:>                             2%] [Cov:================>                  46%][Progress:>                             3%] [Cov:================>                  46%]* Computation finished
