* EvoSuite 1.0.0-SNAPSHOT
* Going to generate test cases for class: jigl.image.ops.levelOps.Clip
* Starting Client-0
* Properties loaded from /home/roham/Results-Utestgen/dataset/SF110-new-res/89_jiggler/evosuite-files/evosuite.properties
* Connecting to master process on port 14171
* Analyzing classpath: 
* Inheritance tree loaded from evosuite-files/inheritance.xml.gz
[MASTER] 15:07:24.548 [logback-1] WARN  InheritanceTree - Class not in inheritance graph: java.util.function.BiFunction
[MASTER] 15:07:24.552 [logback-1] WARN  InheritanceTree - Class not in inheritance graph: java.util.function.Function
[MASTER] 15:07:24.555 [logback-1] WARN  InheritanceTree - Class not in inheritance graph: java.util.function.BiConsumer
[MASTER] 15:07:25.692 [logback-1] WARN  InheritanceTree - Class not in inheritance graph: java.util.function.Consumer
[MASTER] 15:07:25.694 [logback-1] WARN  InheritanceTree - Class not in inheritance graph: java.util.function.Predicate
[MASTER] 15:07:25.711 [logback-1] WARN  InheritanceTree - Class not in inheritance graph: java.util.function.UnaryOperator
[MASTER] 15:07:28.353 [logback-1] WARN  InheritanceTree - Class not in inheritance graph: java.time.ZoneId
[MASTER] 15:07:28.421 [logback-1] WARN  InheritanceTree - Class not in inheritance graph: java.time.temporal.Temporal
[MASTER] 15:07:28.422 [logback-1] WARN  InheritanceTree - Class not in inheritance graph: java.time.temporal.TemporalAccessor
[MASTER] 15:07:28.423 [logback-1] WARN  InheritanceTree - Class not in inheritance graph: java.time.temporal.TemporalField
[MASTER] 15:07:28.424 [logback-1] WARN  InheritanceTree - Class not in inheritance graph: java.time.temporal.TemporalUnit
[MASTER] 15:07:28.425 [logback-1] WARN  InheritanceTree - Class not in inheritance graph: java.time.temporal.TemporalAmount
[MASTER] 15:07:28.426 [logback-1] WARN  InheritanceTree - Class not in inheritance graph: java.time.Clock
[MASTER] 15:07:28.427 [logback-1] WARN  InheritanceTree - Class not in inheritance graph: java.time.temporal.TemporalQuery
[MASTER] 15:07:28.428 [logback-1] WARN  InheritanceTree - Class not in inheritance graph: java.time.temporal.TemporalAdjuster
[MASTER] 15:07:28.456 [logback-1] WARN  InheritanceTree - Class not in inheritance graph: java.time.chrono.Chronology
* Finished analyzing classpath
* Generating tests for class jigl.image.ops.levelOps.Clip
* Test criteria:
  - Branch Coverage
  - Line Coverage
  - Method-Output Coverage
  - Top-Level Method Coverage
  - Context Branch Coverage
* Total number of test goals for DYNAMOSA: 200
* Using seed 1710342440798
* Starting evolution
[Progress:>                             0%] [Cov:>                                  0%]* Initial Number of Goals in DynaMOSA = 122 / 200
[Progress:>                             0%] [Cov:==================>                54%][MASTER] 15:07:32.111 [logback-1] WARN  TestCluster - Failed to check cache for jigl.image.Image<T> : Type points to itself
[Progress:>                             2%] [Cov:==================>                54%][Progress:>                             3%] [Cov:==================>                54%][Progress:=>                            4%] [Cov:==================>                54%][Progress:=>                            4%] [Cov:==================>                54%][Progress:=>                            5%] [Cov:==================>                54%][Progress:=>                            6%] [Cov:==================>                54%][Progress:==>                           7%] [Cov:==================>                54%][Progress:==>                           7%] [Cov:==================>                54%][Progress:==>                           8%] [Cov:==================>                54%][Progress:==>                           8%] [Cov:==================>                54%][Progress:==>                           9%] [Cov:==================>                54%][Progress:===>                          10%] [Cov:=====================>             61%][Progress:===>                          10%] [Cov:=====================>             62%][Progress:===>                          12%] [Cov:======================>            63%]* Computation finished
