To honour the JVM settings for this build a single-use Daemon process will be forked. For more on this, please refer to https://docs.gradle.org/8.6/userguide/gradle_daemon.html#sec:disabling_the_daemon in the Gradle documentation.
Daemon will be stopped at the end of the build 

> Task :compileJava

> Task :processResources
> Task :classes
> Task :jar
> Task :assemble
> Task :compileTestJava
> Task :processTestResources
> Task :testClasses

> Task :test

Request_ESTest > testSetHashValue() FAILED
    org.opentest4j.AssertionFailedError at Request_ESTest.java:460

Request_ESTest > testGetQueryStringReturningEmptyString() FAILED
    org.opentest4j.AssertionFailedError at Request_ESTest.java:90

Request_ESTest > testEqualsThrowsNullPointerException() FAILED
    org.opentest4j.AssertionFailedError at Request_ESTest.java:575


> Task :test

Request_ESTest > testCloneReturningIRequestWhereIsWebRequestIsFalse() FAILED
    org.opentest4j.AssertionFailedError at Request_ESTest.java:184

Request_ESTest > testCreatesRequestTakingString0() FAILED
    org.opentest4j.AssertionFailedError at Request_ESTest.java:389

Request_ESTest > testGetBaseURLReturningNonEmptyString() FAILED
    org.opentest4j.AssertionFailedError at Request_ESTest.java:339

Request_ESTest > testEqualsAndAddParam() FAILED
    org.opentest4j.AssertionFailedError at Request_ESTest.java:492

Request_ESTest > testRemoveParamReturningIRequestWhereIsWebRequestIsTrue() FAILED
    org.opentest4j.AssertionFailedError at Request_ESTest.java:48

ExtrasPatternParser_ESTest > initializationError FAILED
    org.junit.runners.model.InvalidTestClassError at ParentRunner.java:525

Request_ESTest > initializationError FAILED
    org.junit.runners.model.InvalidTestClassError at ParentRunner.java:525
There were failing tests. See the report at: file:///home/roham/Results-Utestgen/dataset/SF110-new-UTestGen-src/71_ext4j/build/reports/tests/test/index.html

> Task :jacocoTestReport
> Task :check
> Task :build

Deprecated Gradle features were used in this build, making it incompatible with Gradle 9.0.

You can use '--warning-mode all' to show the individual deprecation warnings and determine if they come from your own scripts or plugins.

For more on this, please refer to https://docs.gradle.org/8.6/userguide/command_line_interface.html#sec:command_line_warnings in the Gradle documentation.

BUILD SUCCESSFUL in 31s
7 actionable tasks: 7 executed
